{"/home/runner/work/ponomarenko-alex-otus/ponomarenko-alex-otus/react-2025-08/react-2025-08-hw13-les25-storage/src/app/App.tsx": {"path":"/home/runner/work/ponomarenko-alex-otus/ponomarenko-alex-otus/react-2025-08/react-2025-08-hw13-les25-storage/src/app/App.tsx","statementMap":{"0":{"start":{"line":21,"column":39},"end":{"line":67,"column":1}},"1":{"start":{"line":22,"column":21},"end":{"line":22,"column":54}},"2":{"start":{"line":23,"column":25},"end":{"line":23,"column":43}},"3":{"start":{"line":24,"column":31},"end":{"line":24,"column":74}},"4":{"start":{"line":25,"column":26},"end":{"line":25,"column":64}},"5":{"start":{"line":27,"column":4},"end":{"line":29,"column":11}},"6":{"start":{"line":28,"column":8},"end":{"line":28,"column":26}},"7":{"start":{"line":31,"column":4},"end":{"line":66,"column":6}},"8":{"start":{"line":34,"column":65},"end":{"line":34,"column":69}}},"fnMap":{"0":{"name":"(anonymous_0)","decl":{"start":{"line":21,"column":39},"end":{"line":21,"column":40}},"loc":{"start":{"line":21,"column":53},"end":{"line":67,"column":1}},"line":21},"1":{"name":"(anonymous_1)","decl":{"start":{"line":27,"column":20},"end":{"line":27,"column":21}},"loc":{"start":{"line":27,"column":26},"end":{"line":29,"column":5}},"line":27},"2":{"name":"(anonymous_2)","decl":{"start":{"line":34,"column":59},"end":{"line":34,"column":60}},"loc":{"start":{"line":34,"column":65},"end":{"line":34,"column":69}},"line":34}},"branchMap":{},"s":{"0":0,"1":0,"2":0,"3":0,"4":0,"5":0,"6":0,"7":0,"8":0},"f":{"0":0,"1":0,"2":0},"b":{}}
,"/home/runner/work/ponomarenko-alex-otus/ponomarenko-alex-otus/react-2025-08/react-2025-08-hw13-les25-storage/src/app/AppController.ts": {"path":"/home/runner/work/ponomarenko-alex-otus/ponomarenko-alex-otus/react-2025-08/react-2025-08-hw13-les25-storage/src/app/AppController.ts","statementMap":{"0":{"start":{"line":25,"column":20},"end":{"line":25,"column":32}},"1":{"start":{"line":26,"column":17},"end":{"line":26,"column":27}},"2":{"start":{"line":29,"column":38},"end":{"line":29,"column":42}},"3":{"start":{"line":30,"column":38},"end":{"line":30,"column":42}},"4":{"start":{"line":31,"column":31},"end":{"line":31,"column":35}},"5":{"start":{"line":32,"column":39},"end":{"line":32,"column":43}},"6":{"start":{"line":33,"column":37},"end":{"line":33,"column":41}},"7":{"start":{"line":34,"column":37},"end":{"line":34,"column":41}},"8":{"start":{"line":37,"column":8},"end":{"line":37,"column":47}},"9":{"start":{"line":38,"column":8},"end":{"line":38,"column":44}},"10":{"start":{"line":41,"column":17},"end":{"line":70,"column":5}},"11":{"start":{"line":42,"column":25},"end":{"line":42,"column":58}},"12":{"start":{"line":43,"column":8},"end":{"line":43,"column":82}},"13":{"start":{"line":45,"column":28},"end":{"line":45,"column":58}},"14":{"start":{"line":46,"column":8},"end":{"line":46,"column":86}},"15":{"start":{"line":48,"column":23},"end":{"line":48,"column":34}},"16":{"start":{"line":49,"column":8},"end":{"line":49,"column":43}},"17":{"start":{"line":50,"column":22},"end":{"line":50,"column":45}},"18":{"start":{"line":51,"column":8},"end":{"line":51,"column":105}},"19":{"start":{"line":53,"column":22},"end":{"line":53,"column":45}},"20":{"start":{"line":54,"column":8},"end":{"line":54,"column":33}},"21":{"start":{"line":56,"column":8},"end":{"line":56,"column":51}},"22":{"start":{"line":57,"column":8},"end":{"line":57,"column":41}},"23":{"start":{"line":59,"column":8},"end":{"line":59,"column":49}},"24":{"start":{"line":60,"column":8},"end":{"line":60,"column":40}},"25":{"start":{"line":62,"column":8},"end":{"line":62,"column":49}},"26":{"start":{"line":63,"column":8},"end":{"line":63,"column":40}},"27":{"start":{"line":65,"column":8},"end":{"line":65,"column":32}},"28":{"start":{"line":67,"column":8},"end":{"line":67,"column":30}},"29":{"start":{"line":68,"column":33},"end":{"line":68,"column":55}},"30":{"start":{"line":69,"column":8},"end":{"line":69,"column":37}},"31":{"start":{"line":72,"column":23},"end":{"line":76,"column":5}},"32":{"start":{"line":73,"column":8},"end":{"line":75,"column":11}},"33":{"start":{"line":74,"column":12},"end":{"line":74,"column":48}},"34":{"start":{"line":78,"column":21},"end":{"line":81,"column":5}},"35":{"start":{"line":79,"column":8},"end":{"line":79,"column":33}},"36":{"start":{"line":80,"column":8},"end":{"line":80,"column":33}},"37":{"start":{"line":82,"column":20},"end":{"line":86,"column":5}},"38":{"start":{"line":83,"column":30},"end":{"line":83,"column":87}},"39":{"start":{"line":84,"column":8},"end":{"line":84,"column":46}},"40":{"start":{"line":85,"column":8},"end":{"line":85,"column":57}},"41":{"start":{"line":88,"column":23},"end":{"line":92,"column":5}},"42":{"start":{"line":89,"column":28},"end":{"line":89,"column":88}},"43":{"start":{"line":90,"column":8},"end":{"line":90,"column":42}},"44":{"start":{"line":91,"column":8},"end":{"line":91,"column":52}},"45":{"start":{"line":94,"column":19},"end":{"line":98,"column":5}},"46":{"start":{"line":95,"column":8},"end":{"line":95,"column":45}},"47":{"start":{"line":96,"column":8},"end":{"line":96,"column":41}},"48":{"start":{"line":97,"column":8},"end":{"line":97,"column":40}},"49":{"start":{"line":100,"column":20},"end":{"line":111,"column":5}},"50":{"start":{"line":101,"column":8},"end":{"line":101,"column":34}},"51":{"start":{"line":102,"column":8},"end":{"line":102,"column":34}},"52":{"start":{"line":103,"column":8},"end":{"line":103,"column":44}},"53":{"start":{"line":104,"column":8},"end":{"line":104,"column":30}},"54":{"start":{"line":105,"column":8},"end":{"line":105,"column":39}},"55":{"start":{"line":106,"column":8},"end":{"line":106,"column":38}},"56":{"start":{"line":107,"column":8},"end":{"line":107,"column":38}},"57":{"start":{"line":109,"column":8},"end":{"line":109,"column":30}},"58":{"start":{"line":110,"column":8},"end":{"line":110,"column":32}},"59":{"start":{"line":113,"column":20},"end":{"line":139,"column":5}},"60":{"start":{"line":114,"column":20},"end":{"line":114,"column":93}},"61":{"start":{"line":115,"column":8},"end":{"line":138,"column":15}},"62":{"start":{"line":120,"column":16},"end":{"line":120,"column":52}},"63":{"start":{"line":121,"column":16},"end":{"line":121,"column":51}},"64":{"start":{"line":122,"column":16},"end":{"line":122,"column":54}},"65":{"start":{"line":123,"column":16},"end":{"line":123,"column":52}},"66":{"start":{"line":124,"column":16},"end":{"line":124,"column":48}},"67":{"start":{"line":126,"column":16},"end":{"line":126,"column":56}},"68":{"start":{"line":127,"column":16},"end":{"line":127,"column":55}},"69":{"start":{"line":128,"column":16},"end":{"line":128,"column":55}},"70":{"start":{"line":130,"column":16},"end":{"line":130,"column":38}},"71":{"start":{"line":131,"column":16},"end":{"line":131,"column":40}},"72":{"start":{"line":134,"column":16},"end":{"line":137,"column":17}},"73":{"start":{"line":135,"column":38},"end":{"line":135,"column":55}},"74":{"start":{"line":136,"column":20},"end":{"line":136,"column":67}},"75":{"start":{"line":141,"column":20},"end":{"line":144,"column":5}},"76":{"start":{"line":142,"column":8},"end":{"line":142,"column":41}},"77":{"start":{"line":143,"column":8},"end":{"line":143,"column":40}},"78":{"start":{"line":145,"column":23},"end":{"line":148,"column":5}},"79":{"start":{"line":146,"column":8},"end":{"line":146,"column":40}},"80":{"start":{"line":147,"column":8},"end":{"line":147,"column":40}},"81":{"start":{"line":150,"column":24},"end":{"line":152,"column":5}},"82":{"start":{"line":151,"column":8},"end":{"line":151,"column":46}},"83":{"start":{"line":154,"column":25},"end":{"line":161,"column":5}},"84":{"start":{"line":155,"column":19},"end":{"line":155,"column":75}},"85":{"start":{"line":156,"column":8},"end":{"line":158,"column":9}},"86":{"start":{"line":157,"column":12},"end":{"line":157,"column":19}},"87":{"start":{"line":159,"column":19},"end":{"line":159,"column":35}},"88":{"start":{"line":160,"column":8},"end":{"line":160,"column":33}},"89":{"start":{"line":163,"column":22},"end":{"line":168,"column":5}},"90":{"start":{"line":164,"column":25},"end":{"line":164,"column":54}},"91":{"start":{"line":165,"column":30},"end":{"line":165,"column":85}},"92":{"start":{"line":165,"column":57},"end":{"line":165,"column":84}},"93":{"start":{"line":166,"column":8},"end":{"line":166,"column":49}},"94":{"start":{"line":167,"column":8},"end":{"line":167,"column":47}},"95":{"start":{"line":170,"column":30},"end":{"line":172,"column":5}},"96":{"start":{"line":171,"column":8},"end":{"line":171,"column":48}},"97":{"start":{"line":174,"column":31},"end":{"line":176,"column":5}},"98":{"start":{"line":175,"column":8},"end":{"line":175,"column":48}},"99":{"start":{"line":178,"column":26},"end":{"line":187,"column":5}},"100":{"start":{"line":180,"column":12},"end":{"line":182,"column":44}},"101":{"start":{"line":183,"column":8},"end":{"line":186,"column":11}},"102":{"start":{"line":184,"column":12},"end":{"line":184,"column":34}},"103":{"start":{"line":185,"column":12},"end":{"line":185,"column":52}},"104":{"start":{"line":189,"column":22},"end":{"line":200,"column":5}},"105":{"start":{"line":190,"column":19},"end":{"line":190,"column":75}},"106":{"start":{"line":191,"column":8},"end":{"line":193,"column":9}},"107":{"start":{"line":192,"column":12},"end":{"line":192,"column":19}},"108":{"start":{"line":194,"column":19},"end":{"line":194,"column":35}},"109":{"start":{"line":195,"column":8},"end":{"line":195,"column":38}},"110":{"start":{"line":197,"column":27},"end":{"line":197,"column":58}},"111":{"start":{"line":198,"column":28},"end":{"line":198,"column":77}},"112":{"start":{"line":198,"column":58},"end":{"line":198,"column":76}},"113":{"start":{"line":199,"column":8},"end":{"line":199,"column":48}},"114":{"start":{"line":202,"column":27},"end":{"line":212,"column":5}},"115":{"start":{"line":203,"column":8},"end":{"line":211,"column":9}},"116":{"start":{"line":204,"column":12},"end":{"line":206,"column":15}},"117":{"start":{"line":205,"column":16},"end":{"line":205,"column":40}},"118":{"start":{"line":208,"column":12},"end":{"line":210,"column":15}},"119":{"start":{"line":209,"column":16},"end":{"line":209,"column":40}},"120":{"start":{"line":214,"column":25},"end":{"line":217,"column":5}},"121":{"start":{"line":215,"column":8},"end":{"line":215,"column":49}},"122":{"start":{"line":216,"column":8},"end":{"line":216,"column":78}},"123":{"start":{"line":219,"column":24},"end":{"line":222,"column":5}},"124":{"start":{"line":220,"column":8},"end":{"line":220,"column":76}},"125":{"start":{"line":221,"column":8},"end":{"line":221,"column":47}},"126":{"start":{"line":224,"column":26},"end":{"line":244,"column":5}},"127":{"start":{"line":225,"column":28},"end":{"line":225,"column":86}},"128":{"start":{"line":225,"column":53},"end":{"line":225,"column":85}},"129":{"start":{"line":226,"column":27},"end":{"line":226,"column":32}},"130":{"start":{"line":227,"column":8},"end":{"line":241,"column":9}},"131":{"start":{"line":228,"column":42},"end":{"line":228,"column":65}},"132":{"start":{"line":229,"column":12},"end":{"line":229,"column":58}},"133":{"start":{"line":231,"column":12},"end":{"line":240,"column":15}},"134":{"start":{"line":232,"column":31},"end":{"line":232,"column":32}},"135":{"start":{"line":233,"column":16},"end":{"line":237,"column":17}},"136":{"start":{"line":234,"column":20},"end":{"line":234,"column":50}},"137":{"start":{"line":235,"column":23},"end":{"line":237,"column":17}},"138":{"start":{"line":236,"column":20},"end":{"line":236,"column":50}},"139":{"start":{"line":239,"column":16},"end":{"line":239,"column":102}},"140":{"start":{"line":242,"column":8},"end":{"line":242,"column":77}},"141":{"start":{"line":242,"column":57},"end":{"line":242,"column":75}},"142":{"start":{"line":243,"column":8},"end":{"line":243,"column":28}},"143":{"start":{"line":246,"column":20},"end":{"line":257,"column":5}},"144":{"start":{"line":247,"column":25},"end":{"line":247,"column":54}},"145":{"start":{"line":248,"column":27},"end":{"line":255,"column":13}},"146":{"start":{"line":249,"column":31},"end":{"line":249,"column":92}},"147":{"start":{"line":249,"column":58},"end":{"line":249,"column":91}},"148":{"start":{"line":250,"column":12},"end":{"line":254,"column":13}},"149":{"start":{"line":251,"column":16},"end":{"line":251,"column":63}},"150":{"start":{"line":253,"column":16},"end":{"line":253,"column":27}},"151":{"start":{"line":256,"column":8},"end":{"line":256,"column":26}},"152":{"start":{"line":259,"column":20},"end":{"line":264,"column":5}},"153":{"start":{"line":260,"column":27},"end":{"line":262,"column":13}},"154":{"start":{"line":261,"column":12},"end":{"line":261,"column":40}},"155":{"start":{"line":263,"column":8},"end":{"line":263,"column":26}},"156":{"start":{"line":266,"column":23},"end":{"line":280,"column":5}},"157":{"start":{"line":267,"column":19},"end":{"line":267,"column":82}},"158":{"start":{"line":268,"column":8},"end":{"line":270,"column":9}},"159":{"start":{"line":269,"column":12},"end":{"line":269,"column":19}},"160":{"start":{"line":271,"column":19},"end":{"line":271,"column":42}},"161":{"start":{"line":272,"column":21},"end":{"line":272,"column":46}},"162":{"start":{"line":273,"column":29},"end":{"line":273,"column":80}},"163":{"start":{"line":274,"column":27},"end":{"line":274,"column":59}},"164":{"start":{"line":275,"column":27},"end":{"line":275,"column":59}},"165":{"start":{"line":277,"column":24},"end":{"line":277,"column":80}},"166":{"start":{"line":278,"column":8},"end":{"line":278,"column":34}},"167":{"start":{"line":279,"column":8},"end":{"line":279,"column":38}},"168":{"start":{"line":282,"column":18},"end":{"line":284,"column":5}},"169":{"start":{"line":283,"column":8},"end":{"line":283,"column":55}},"170":{"start":{"line":286,"column":19},"end":{"line":288,"column":5}},"171":{"start":{"line":287,"column":8},"end":{"line":287,"column":56}},"172":{"start":{"line":290,"column":25},"end":{"line":305,"column":5}},"173":{"start":{"line":291,"column":19},"end":{"line":291,"column":82}},"174":{"start":{"line":292,"column":8},"end":{"line":294,"column":9}},"175":{"start":{"line":293,"column":12},"end":{"line":293,"column":19}},"176":{"start":{"line":295,"column":19},"end":{"line":295,"column":42}},"177":{"start":{"line":297,"column":21},"end":{"line":297,"column":46}},"178":{"start":{"line":298,"column":29},"end":{"line":298,"column":88}},"179":{"start":{"line":299,"column":27},"end":{"line":299,"column":59}},"180":{"start":{"line":300,"column":27},"end":{"line":300,"column":59}},"181":{"start":{"line":302,"column":24},"end":{"line":302,"column":80}},"182":{"start":{"line":303,"column":8},"end":{"line":303,"column":34}},"183":{"start":{"line":304,"column":8},"end":{"line":304,"column":38}},"184":{"start":{"line":307,"column":28},"end":{"line":310,"column":5}},"185":{"start":{"line":308,"column":8},"end":{"line":308,"column":50}},"186":{"start":{"line":309,"column":8},"end":{"line":309,"column":40}},"187":{"start":{"line":312,"column":33},"end":{"line":315,"column":5}},"188":{"start":{"line":313,"column":8},"end":{"line":313,"column":51}},"189":{"start":{"line":314,"column":8},"end":{"line":314,"column":40}},"190":{"start":{"line":317,"column":29},"end":{"line":330,"column":5}},"191":{"start":{"line":318,"column":8},"end":{"line":329,"column":15}},"192":{"start":{"line":321,"column":16},"end":{"line":321,"column":47}},"193":{"start":{"line":322,"column":16},"end":{"line":322,"column":59}},"194":{"start":{"line":325,"column":16},"end":{"line":328,"column":17}},"195":{"start":{"line":326,"column":38},"end":{"line":326,"column":55}},"196":{"start":{"line":327,"column":20},"end":{"line":327,"column":67}},"197":{"start":{"line":332,"column":24},"end":{"line":336,"column":5}},"198":{"start":{"line":333,"column":8},"end":{"line":333,"column":39}},"199":{"start":{"line":334,"column":8},"end":{"line":334,"column":31}},"200":{"start":{"line":335,"column":8},"end":{"line":335,"column":42}},"201":{"start":{"line":338,"column":32},"end":{"line":338,"column":37}},"202":{"start":{"line":339,"column":28},"end":{"line":339,"column":29}},"203":{"start":{"line":340,"column":47},"end":{"line":340,"column":51}},"204":{"start":{"line":341,"column":23},"end":{"line":357,"column":5}},"205":{"start":{"line":342,"column":8},"end":{"line":356,"column":11}},"206":{"start":{"line":343,"column":32},"end":{"line":343,"column":61}},"207":{"start":{"line":344,"column":35},"end":{"line":351,"column":15}},"208":{"start":{"line":344,"column":77},"end":{"line":351,"column":13}},"209":{"start":{"line":352,"column":32},"end":{"line":352,"column":67}},"210":{"start":{"line":353,"column":12},"end":{"line":353,"column":56}},"211":{"start":{"line":354,"column":12},"end":{"line":354,"column":46}},"212":{"start":{"line":355,"column":12},"end":{"line":355,"column":33}},"213":{"start":{"line":359,"column":18},"end":{"line":361,"column":5}},"214":{"start":{"line":360,"column":8},"end":{"line":360,"column":109}},"215":{"start":{"line":363,"column":33},"end":{"line":371,"column":5}},"216":{"start":{"line":364,"column":23},"end":{"line":364,"column":35}},"217":{"start":{"line":365,"column":8},"end":{"line":370,"column":9}},"218":{"start":{"line":366,"column":12},"end":{"line":369,"column":13}},"219":{"start":{"line":367,"column":16},"end":{"line":367,"column":46}},"220":{"start":{"line":368,"column":16},"end":{"line":368,"column":88}},"221":{"start":{"line":368,"column":55},"end":{"line":368,"column":85}}},"fnMap":{"0":{"name":"(anonymous_0)","decl":{"start":{"line":36,"column":4},"end":{"line":36,"column":5}},"loc":{"start":{"line":36,"column":18},"end":{"line":39,"column":5}},"line":36},"1":{"name":"(anonymous_1)","decl":{"start":{"line":41,"column":17},"end":{"line":41,"column":18}},"loc":{"start":{"line":41,"column":23},"end":{"line":70,"column":5}},"line":41},"2":{"name":"(anonymous_2)","decl":{"start":{"line":72,"column":23},"end":{"line":72,"column":24}},"loc":{"start":{"line":72,"column":29},"end":{"line":76,"column":5}},"line":72},"3":{"name":"(anonymous_3)","decl":{"start":{"line":73,"column":47},"end":{"line":73,"column":48}},"loc":{"start":{"line":73,"column":80},"end":{"line":75,"column":9}},"line":73},"4":{"name":"(anonymous_4)","decl":{"start":{"line":78,"column":21},"end":{"line":78,"column":22}},"loc":{"start":{"line":78,"column":27},"end":{"line":81,"column":5}},"line":78},"5":{"name":"(anonymous_5)","decl":{"start":{"line":82,"column":20},"end":{"line":82,"column":21}},"loc":{"start":{"line":82,"column":67},"end":{"line":86,"column":5}},"line":82},"6":{"name":"(anonymous_6)","decl":{"start":{"line":88,"column":23},"end":{"line":88,"column":24}},"loc":{"start":{"line":88,"column":70},"end":{"line":92,"column":5}},"line":88},"7":{"name":"(anonymous_7)","decl":{"start":{"line":94,"column":19},"end":{"line":94,"column":20}},"loc":{"start":{"line":94,"column":25},"end":{"line":98,"column":5}},"line":94},"8":{"name":"(anonymous_8)","decl":{"start":{"line":100,"column":20},"end":{"line":100,"column":21}},"loc":{"start":{"line":100,"column":26},"end":{"line":111,"column":5}},"line":100},"9":{"name":"(anonymous_9)","decl":{"start":{"line":113,"column":20},"end":{"line":113,"column":21}},"loc":{"start":{"line":113,"column":49},"end":{"line":139,"column":5}},"line":113},"10":{"name":"(anonymous_10)","decl":{"start":{"line":119,"column":18},"end":{"line":119,"column":19}},"loc":{"start":{"line":119,"column":42},"end":{"line":132,"column":13}},"line":119},"11":{"name":"(anonymous_11)","decl":{"start":{"line":133,"column":19},"end":{"line":133,"column":20}},"loc":{"start":{"line":133,"column":47},"end":{"line":138,"column":13}},"line":133},"12":{"name":"(anonymous_12)","decl":{"start":{"line":141,"column":20},"end":{"line":141,"column":21}},"loc":{"start":{"line":141,"column":26},"end":{"line":144,"column":5}},"line":141},"13":{"name":"(anonymous_13)","decl":{"start":{"line":145,"column":23},"end":{"line":145,"column":24}},"loc":{"start":{"line":145,"column":29},"end":{"line":148,"column":5}},"line":145},"14":{"name":"(anonymous_14)","decl":{"start":{"line":150,"column":24},"end":{"line":150,"column":25}},"loc":{"start":{"line":150,"column":30},"end":{"line":152,"column":5}},"line":150},"15":{"name":"(anonymous_15)","decl":{"start":{"line":154,"column":25},"end":{"line":154,"column":26}},"loc":{"start":{"line":154,"column":68},"end":{"line":161,"column":5}},"line":154},"16":{"name":"(anonymous_16)","decl":{"start":{"line":163,"column":22},"end":{"line":163,"column":23}},"loc":{"start":{"line":163,"column":38},"end":{"line":168,"column":5}},"line":163},"17":{"name":"(anonymous_17)","decl":{"start":{"line":165,"column":44},"end":{"line":165,"column":45}},"loc":{"start":{"line":165,"column":57},"end":{"line":165,"column":84}},"line":165},"18":{"name":"(anonymous_18)","decl":{"start":{"line":170,"column":30},"end":{"line":170,"column":31}},"loc":{"start":{"line":170,"column":36},"end":{"line":172,"column":5}},"line":170},"19":{"name":"(anonymous_19)","decl":{"start":{"line":174,"column":31},"end":{"line":174,"column":32}},"loc":{"start":{"line":174,"column":37},"end":{"line":176,"column":5}},"line":174},"20":{"name":"(anonymous_20)","decl":{"start":{"line":178,"column":26},"end":{"line":178,"column":27}},"loc":{"start":{"line":178,"column":54},"end":{"line":187,"column":5}},"line":178},"21":{"name":"(anonymous_21)","decl":{"start":{"line":183,"column":32},"end":{"line":183,"column":33}},"loc":{"start":{"line":183,"column":38},"end":{"line":186,"column":9}},"line":183},"22":{"name":"(anonymous_22)","decl":{"start":{"line":189,"column":22},"end":{"line":189,"column":23}},"loc":{"start":{"line":189,"column":64},"end":{"line":200,"column":5}},"line":189},"23":{"name":"(anonymous_23)","decl":{"start":{"line":198,"column":44},"end":{"line":198,"column":45}},"loc":{"start":{"line":198,"column":58},"end":{"line":198,"column":76}},"line":198},"24":{"name":"(anonymous_24)","decl":{"start":{"line":202,"column":27},"end":{"line":202,"column":28}},"loc":{"start":{"line":202,"column":57},"end":{"line":212,"column":5}},"line":202},"25":{"name":"(anonymous_25)","decl":{"start":{"line":204,"column":65},"end":{"line":204,"column":66}},"loc":{"start":{"line":204,"column":71},"end":{"line":206,"column":13}},"line":204},"26":{"name":"(anonymous_26)","decl":{"start":{"line":208,"column":62},"end":{"line":208,"column":63}},"loc":{"start":{"line":208,"column":68},"end":{"line":210,"column":13}},"line":208},"27":{"name":"(anonymous_27)","decl":{"start":{"line":214,"column":25},"end":{"line":214,"column":26}},"loc":{"start":{"line":214,"column":31},"end":{"line":217,"column":5}},"line":214},"28":{"name":"(anonymous_28)","decl":{"start":{"line":219,"column":24},"end":{"line":219,"column":25}},"loc":{"start":{"line":219,"column":30},"end":{"line":222,"column":5}},"line":219},"29":{"name":"(anonymous_29)","decl":{"start":{"line":224,"column":26},"end":{"line":224,"column":27}},"loc":{"start":{"line":224,"column":106},"end":{"line":244,"column":5}},"line":224},"30":{"name":"(anonymous_30)","decl":{"start":{"line":225,"column":39},"end":{"line":225,"column":40}},"loc":{"start":{"line":225,"column":53},"end":{"line":225,"column":85}},"line":225},"31":{"name":"(anonymous_31)","decl":{"start":{"line":231,"column":44},"end":{"line":231,"column":45}},"loc":{"start":{"line":231,"column":58},"end":{"line":240,"column":13}},"line":231},"32":{"name":"(anonymous_32)","decl":{"start":{"line":242,"column":43},"end":{"line":242,"column":44}},"loc":{"start":{"line":242,"column":57},"end":{"line":242,"column":75}},"line":242},"33":{"name":"(anonymous_33)","decl":{"start":{"line":246,"column":20},"end":{"line":246,"column":21}},"loc":{"start":{"line":246,"column":51},"end":{"line":257,"column":5}},"line":246},"34":{"name":"(anonymous_34)","decl":{"start":{"line":248,"column":40},"end":{"line":248,"column":41}},"loc":{"start":{"line":248,"column":77},"end":{"line":255,"column":9}},"line":248},"35":{"name":"(anonymous_35)","decl":{"start":{"line":249,"column":45},"end":{"line":249,"column":46}},"loc":{"start":{"line":249,"column":58},"end":{"line":249,"column":91}},"line":249},"36":{"name":"(anonymous_36)","decl":{"start":{"line":259,"column":20},"end":{"line":259,"column":21}},"loc":{"start":{"line":259,"column":51},"end":{"line":264,"column":5}},"line":259},"37":{"name":"(anonymous_37)","decl":{"start":{"line":260,"column":40},"end":{"line":260,"column":41}},"loc":{"start":{"line":260,"column":77},"end":{"line":262,"column":9}},"line":260},"38":{"name":"(anonymous_38)","decl":{"start":{"line":266,"column":23},"end":{"line":266,"column":24}},"loc":{"start":{"line":266,"column":92},"end":{"line":280,"column":5}},"line":266},"39":{"name":"(anonymous_39)","decl":{"start":{"line":282,"column":18},"end":{"line":282,"column":19}},"loc":{"start":{"line":282,"column":61},"end":{"line":284,"column":5}},"line":282},"40":{"name":"(anonymous_40)","decl":{"start":{"line":286,"column":19},"end":{"line":286,"column":20}},"loc":{"start":{"line":286,"column":62},"end":{"line":288,"column":5}},"line":286},"41":{"name":"(anonymous_41)","decl":{"start":{"line":290,"column":25},"end":{"line":290,"column":26}},"loc":{"start":{"line":290,"column":71},"end":{"line":305,"column":5}},"line":290},"42":{"name":"(anonymous_42)","decl":{"start":{"line":307,"column":28},"end":{"line":307,"column":29}},"loc":{"start":{"line":307,"column":34},"end":{"line":310,"column":5}},"line":307},"43":{"name":"(anonymous_43)","decl":{"start":{"line":312,"column":33},"end":{"line":312,"column":34}},"loc":{"start":{"line":312,"column":39},"end":{"line":315,"column":5}},"line":312},"44":{"name":"(anonymous_44)","decl":{"start":{"line":317,"column":29},"end":{"line":317,"column":30}},"loc":{"start":{"line":317,"column":67},"end":{"line":330,"column":5}},"line":317},"45":{"name":"(anonymous_45)","decl":{"start":{"line":320,"column":18},"end":{"line":320,"column":19}},"loc":{"start":{"line":320,"column":24},"end":{"line":323,"column":13}},"line":320},"46":{"name":"(anonymous_46)","decl":{"start":{"line":324,"column":19},"end":{"line":324,"column":20}},"loc":{"start":{"line":324,"column":47},"end":{"line":329,"column":13}},"line":324},"47":{"name":"(anonymous_47)","decl":{"start":{"line":332,"column":24},"end":{"line":332,"column":25}},"loc":{"start":{"line":332,"column":30},"end":{"line":336,"column":5}},"line":332},"48":{"name":"(anonymous_48)","decl":{"start":{"line":341,"column":23},"end":{"line":341,"column":24}},"loc":{"start":{"line":341,"column":29},"end":{"line":357,"column":5}},"line":341},"49":{"name":"(anonymous_49)","decl":{"start":{"line":342,"column":68},"end":{"line":342,"column":69}},"loc":{"start":{"line":342,"column":99},"end":{"line":356,"column":9}},"line":342},"50":{"name":"(anonymous_50)","decl":{"start":{"line":344,"column":51},"end":{"line":344,"column":52}},"loc":{"start":{"line":344,"column":77},"end":{"line":351,"column":13}},"line":344},"51":{"name":"(anonymous_51)","decl":{"start":{"line":359,"column":18},"end":{"line":359,"column":19}},"loc":{"start":{"line":359,"column":24},"end":{"line":361,"column":5}},"line":359},"52":{"name":"(anonymous_52)","decl":{"start":{"line":363,"column":33},"end":{"line":363,"column":34}},"loc":{"start":{"line":363,"column":77},"end":{"line":371,"column":5}},"line":363},"53":{"name":"(anonymous_53)","decl":{"start":{"line":368,"column":48},"end":{"line":368,"column":49}},"loc":{"start":{"line":368,"column":55},"end":{"line":368,"column":85}},"line":368}},"branchMap":{"0":{"loc":{"start":{"line":43,"column":31},"end":{"line":43,"column":80}},"type":"cond-expr","locations":[{"start":{"line":43,"column":57},"end":{"line":43,"column":67}},{"start":{"line":43,"column":70},"end":{"line":43,"column":80}}],"line":43},"1":{"loc":{"start":{"line":46,"column":29},"end":{"line":46,"column":84}},"type":"cond-expr","locations":[{"start":{"line":46,"column":59},"end":{"line":46,"column":70}},{"start":{"line":46,"column":73},"end":{"line":46,"column":84}}],"line":46},"2":{"loc":{"start":{"line":51,"column":37},"end":{"line":51,"column":103}},"type":"binary-expr","locations":[{"start":{"line":51,"column":37},"end":{"line":51,"column":62}},{"start":{"line":51,"column":66},"end":{"line":51,"column":78}},{"start":{"line":51,"column":82},"end":{"line":51,"column":103}}],"line":51},"3":{"loc":{"start":{"line":83,"column":30},"end":{"line":83,"column":87}},"type":"cond-expr","locations":[{"start":{"line":83,"column":64},"end":{"line":83,"column":74}},{"start":{"line":83,"column":77},"end":{"line":83,"column":87}}],"line":83},"4":{"loc":{"start":{"line":89,"column":28},"end":{"line":89,"column":88}},"type":"cond-expr","locations":[{"start":{"line":89,"column":63},"end":{"line":89,"column":74}},{"start":{"line":89,"column":77},"end":{"line":89,"column":88}}],"line":89},"5":{"loc":{"start":{"line":114,"column":20},"end":{"line":114,"column":93}},"type":"cond-expr","locations":[{"start":{"line":114,"column":51},"end":{"line":114,"column":72}},{"start":{"line":114,"column":75},"end":{"line":114,"column":93}}],"line":114},"6":{"loc":{"start":{"line":134,"column":16},"end":{"line":137,"column":17}},"type":"if","locations":[{"start":{"line":134,"column":16},"end":{"line":137,"column":17}},{"start":{},"end":{}}],"line":134},"7":{"loc":{"start":{"line":134,"column":20},"end":{"line":134,"column":79}},"type":"binary-expr","locations":[{"start":{"line":134,"column":20},"end":{"line":134,"column":49}},{"start":{"line":134,"column":53},"end":{"line":134,"column":79}}],"line":134},"8":{"loc":{"start":{"line":156,"column":8},"end":{"line":158,"column":9}},"type":"if","locations":[{"start":{"line":156,"column":8},"end":{"line":158,"column":9}},{"start":{},"end":{}}],"line":156},"9":{"loc":{"start":{"line":180,"column":12},"end":{"line":182,"column":44}},"type":"cond-expr","locations":[{"start":{"line":181,"column":18},"end":{"line":181,"column":47}},{"start":{"line":182,"column":18},"end":{"line":182,"column":44}}],"line":180},"10":{"loc":{"start":{"line":180,"column":12},"end":{"line":180,"column":66}},"type":"binary-expr","locations":[{"start":{"line":180,"column":12},"end":{"line":180,"column":28}},{"start":{"line":180,"column":32},"end":{"line":180,"column":66}}],"line":180},"11":{"loc":{"start":{"line":191,"column":8},"end":{"line":193,"column":9}},"type":"if","locations":[{"start":{"line":191,"column":8},"end":{"line":193,"column":9}},{"start":{},"end":{}}],"line":191},"12":{"loc":{"start":{"line":203,"column":8},"end":{"line":211,"column":9}},"type":"if","locations":[{"start":{"line":203,"column":8},"end":{"line":211,"column":9}},{"start":{"line":207,"column":15},"end":{"line":211,"column":9}}],"line":203},"13":{"loc":{"start":{"line":203,"column":12},"end":{"line":203,"column":68}},"type":"binary-expr","locations":[{"start":{"line":203,"column":12},"end":{"line":203,"column":29}},{"start":{"line":203,"column":33},"end":{"line":203,"column":68}}],"line":203},"14":{"loc":{"start":{"line":227,"column":8},"end":{"line":241,"column":9}},"type":"if","locations":[{"start":{"line":227,"column":8},"end":{"line":241,"column":9}},{"start":{"line":230,"column":15},"end":{"line":241,"column":9}}],"line":227},"15":{"loc":{"start":{"line":233,"column":16},"end":{"line":237,"column":17}},"type":"if","locations":[{"start":{"line":233,"column":16},"end":{"line":237,"column":17}},{"start":{"line":235,"column":23},"end":{"line":237,"column":17}}],"line":233},"16":{"loc":{"start":{"line":235,"column":23},"end":{"line":237,"column":17}},"type":"if","locations":[{"start":{"line":235,"column":23},"end":{"line":237,"column":17}},{"start":{},"end":{}}],"line":235},"17":{"loc":{"start":{"line":239,"column":23},"end":{"line":239,"column":101}},"type":"cond-expr","locations":[{"start":{"line":239,"column":58},"end":{"line":239,"column":90}},{"start":{"line":239,"column":93},"end":{"line":239,"column":101}}],"line":239},"18":{"loc":{"start":{"line":250,"column":12},"end":{"line":254,"column":13}},"type":"if","locations":[{"start":{"line":250,"column":12},"end":{"line":254,"column":13}},{"start":{"line":252,"column":19},"end":{"line":254,"column":13}}],"line":250},"19":{"loc":{"start":{"line":268,"column":8},"end":{"line":270,"column":9}},"type":"if","locations":[{"start":{"line":268,"column":8},"end":{"line":270,"column":9}},{"start":{},"end":{}}],"line":268},"20":{"loc":{"start":{"line":292,"column":8},"end":{"line":294,"column":9}},"type":"if","locations":[{"start":{"line":292,"column":8},"end":{"line":294,"column":9}},{"start":{},"end":{}}],"line":292},"21":{"loc":{"start":{"line":325,"column":16},"end":{"line":328,"column":17}},"type":"if","locations":[{"start":{"line":325,"column":16},"end":{"line":328,"column":17}},{"start":{},"end":{}}],"line":325},"22":{"loc":{"start":{"line":325,"column":20},"end":{"line":325,"column":79}},"type":"binary-expr","locations":[{"start":{"line":325,"column":20},"end":{"line":325,"column":49}},{"start":{"line":325,"column":53},"end":{"line":325,"column":79}}],"line":325},"23":{"loc":{"start":{"line":349,"column":23},"end":{"line":349,"column":49}},"type":"cond-expr","locations":[{"start":{"line":349,"column":35},"end":{"line":349,"column":44}},{"start":{"line":349,"column":47},"end":{"line":349,"column":49}}],"line":349},"24":{"loc":{"start":{"line":360,"column":15},"end":{"line":360,"column":108}},"type":"binary-expr","locations":[{"start":{"line":360,"column":15},"end":{"line":360,"column":50}},{"start":{"line":360,"column":54},"end":{"line":360,"column":108}}],"line":360},"25":{"loc":{"start":{"line":365,"column":8},"end":{"line":370,"column":9}},"type":"if","locations":[{"start":{"line":365,"column":8},"end":{"line":370,"column":9}},{"start":{},"end":{}}],"line":365},"26":{"loc":{"start":{"line":365,"column":12},"end":{"line":365,"column":55}},"type":"binary-expr","locations":[{"start":{"line":365,"column":12},"end":{"line":365,"column":33}},{"start":{"line":365,"column":37},"end":{"line":365,"column":55}}],"line":365},"27":{"loc":{"start":{"line":366,"column":12},"end":{"line":369,"column":13}},"type":"if","locations":[{"start":{"line":366,"column":12},"end":{"line":369,"column":13}},{"start":{},"end":{}}],"line":366}},"s":{"0":0,"1":0,"2":0,"3":0,"4":0,"5":0,"6":0,"7":0,"8":0,"9":0,"10":0,"11":0,"12":0,"13":0,"14":0,"15":0,"16":0,"17":0,"18":0,"19":0,"20":0,"21":0,"22":0,"23":0,"24":0,"25":0,"26":0,"27":0,"28":0,"29":0,"30":0,"31":0,"32":0,"33":0,"34":0,"35":0,"36":0,"37":0,"38":0,"39":0,"40":0,"41":0,"42":0,"43":0,"44":0,"45":0,"46":0,"47":0,"48":0,"49":0,"50":0,"51":0,"52":0,"53":0,"54":0,"55":0,"56":0,"57":0,"58":0,"59":0,"60":0,"61":0,"62":0,"63":0,"64":0,"65":0,"66":0,"67":0,"68":0,"69":0,"70":0,"71":0,"72":0,"73":0,"74":0,"75":0,"76":0,"77":0,"78":0,"79":0,"80":0,"81":0,"82":0,"83":0,"84":0,"85":0,"86":0,"87":0,"88":0,"89":0,"90":0,"91":0,"92":0,"93":0,"94":0,"95":0,"96":0,"97":0,"98":0,"99":0,"100":0,"101":0,"102":0,"103":0,"104":0,"105":0,"106":0,"107":0,"108":0,"109":0,"110":0,"111":0,"112":0,"113":0,"114":0,"115":0,"116":0,"117":0,"118":0,"119":0,"120":0,"121":0,"122":0,"123":0,"124":0,"125":0,"126":0,"127":0,"128":0,"129":0,"130":0,"131":0,"132":0,"133":0,"134":0,"135":0,"136":0,"137":0,"138":0,"139":0,"140":0,"141":0,"142":0,"143":0,"144":0,"145":0,"146":0,"147":0,"148":0,"149":0,"150":0,"151":0,"152":0,"153":0,"154":0,"155":0,"156":0,"157":0,"158":0,"159":0,"160":0,"161":0,"162":0,"163":0,"164":0,"165":0,"166":0,"167":0,"168":0,"169":0,"170":0,"171":0,"172":0,"173":0,"174":0,"175":0,"176":0,"177":0,"178":0,"179":0,"180":0,"181":0,"182":0,"183":0,"184":0,"185":0,"186":0,"187":0,"188":0,"189":0,"190":0,"191":0,"192":0,"193":0,"194":0,"195":0,"196":0,"197":0,"198":0,"199":0,"200":0,"201":0,"202":0,"203":0,"204":0,"205":0,"206":0,"207":0,"208":0,"209":0,"210":0,"211":0,"212":0,"213":0,"214":0,"215":0,"216":0,"217":0,"218":0,"219":0,"220":0,"221":0},"f":{"0":0,"1":0,"2":0,"3":0,"4":0,"5":0,"6":0,"7":0,"8":0,"9":0,"10":0,"11":0,"12":0,"13":0,"14":0,"15":0,"16":0,"17":0,"18":0,"19":0,"20":0,"21":0,"22":0,"23":0,"24":0,"25":0,"26":0,"27":0,"28":0,"29":0,"30":0,"31":0,"32":0,"33":0,"34":0,"35":0,"36":0,"37":0,"38":0,"39":0,"40":0,"41":0,"42":0,"43":0,"44":0,"45":0,"46":0,"47":0,"48":0,"49":0,"50":0,"51":0,"52":0,"53":0},"b":{"0":[0,0],"1":[0,0],"2":[0,0,0],"3":[0,0],"4":[0,0],"5":[0,0],"6":[0,0],"7":[0,0],"8":[0,0],"9":[0,0],"10":[0,0],"11":[0,0],"12":[0,0],"13":[0,0],"14":[0,0],"15":[0,0],"16":[0,0],"17":[0,0],"18":[0,0],"19":[0,0],"20":[0,0],"21":[0,0],"22":[0,0],"23":[0,0],"24":[0,0],"25":[0,0],"26":[0,0],"27":[0,0]}}
,"/home/runner/work/ponomarenko-alex-otus/ponomarenko-alex-otus/react-2025-08/react-2025-08-hw13-les25-storage/src/constants/API.ts": {"path":"/home/runner/work/ponomarenko-alex-otus/ponomarenko-alex-otus/react-2025-08/react-2025-08-hw13-les25-storage/src/constants/API.ts","statementMap":{"0":{"start":{"line":1,"column":28},"end":{"line":1,"column":46}},"1":{"start":{"line":2,"column":23},"end":{"line":2,"column":26}}},"fnMap":{},"branchMap":{},"s":{"0":0,"1":0},"f":{},"b":{}}
,"/home/runner/work/ponomarenko-alex-otus/ponomarenko-alex-otus/react-2025-08/react-2025-08-hw13-les25-storage/src/constants/Theme.ts": {"path":"/home/runner/work/ponomarenko-alex-otus/ponomarenko-alex-otus/react-2025-08/react-2025-08-hw13-les25-storage/src/constants/Theme.ts","statementMap":{},"fnMap":{},"branchMap":{},"s":{},"f":{},"b":{},"_coverageSchema":"1a1c01bbd47fc00a2c39e90264f33305004495a9","hash":"6d2aa415a0af212577401d99719bf9a417f0e49e"}
,"/home/runner/work/ponomarenko-alex-otus/ponomarenko-alex-otus/react-2025-08/react-2025-08-hw13-les25-storage/src/constants/bigText.tsx": {"path":"/home/runner/work/ponomarenko-alex-otus/ponomarenko-alex-otus/react-2025-08/react-2025-08-hw13-les25-storage/src/constants/bigText.tsx","statementMap":{"0":{"start":{"line":4,"column":4},"end":{"line":21,"column":8}}},"fnMap":{},"branchMap":{},"s":{"0":0},"f":{},"b":{}}
,"/home/runner/work/ponomarenko-alex-otus/ponomarenko-alex-otus/react-2025-08/react-2025-08-hw13-les25-storage/src/constants/config.ts": {"path":"/home/runner/work/ponomarenko-alex-otus/ponomarenko-alex-otus/react-2025-08/react-2025-08-hw13-les25-storage/src/constants/config.ts","statementMap":{"0":{"start":{"line":1,"column":26},"end":{"line":1,"column":64}},"1":{"start":{"line":3,"column":25},"end":{"line":6,"column":1}},"2":{"start":{"line":4,"column":18},"end":{"line":4,"column":87}},"3":{"start":{"line":5,"column":4},"end":{"line":5,"column":52}}},"fnMap":{"0":{"name":"(anonymous_0)","decl":{"start":{"line":3,"column":25},"end":{"line":3,"column":26}},"loc":{"start":{"line":3,"column":31},"end":{"line":6,"column":1}},"line":3}},"branchMap":{"0":{"loc":{"start":{"line":4,"column":18},"end":{"line":4,"column":87}},"type":"cond-expr","locations":[{"start":{"line":4,"column":65},"end":{"line":4,"column":75}},{"start":{"line":4,"column":78},"end":{"line":4,"column":87}}],"line":4}},"s":{"0":0,"1":0,"2":0,"3":0},"f":{"0":0},"b":{"0":[0,0]}}
,"/home/runner/work/ponomarenko-alex-otus/ponomarenko-alex-otus/react-2025-08/react-2025-08-hw13-les25-storage/src/constants/i18n.ts": {"path":"/home/runner/work/ponomarenko-alex-otus/ponomarenko-alex-otus/react-2025-08/react-2025-08-hw13-les25-storage/src/constants/i18n.ts","statementMap":{"0":{"start":{"line":81,"column":34},"end":{"line":220,"column":1}}},"fnMap":{},"branchMap":{},"s":{"0":3},"f":{},"b":{},"_coverageSchema":"1a1c01bbd47fc00a2c39e90264f33305004495a9","hash":"51b8d290745229db73552e3ea8800b3f63623e52"}
,"/home/runner/work/ponomarenko-alex-otus/ponomarenko-alex-otus/react-2025-08/react-2025-08-hw13-les25-storage/src/constants/middleText.ts": {"path":"/home/runner/work/ponomarenko-alex-otus/ponomarenko-alex-otus/react-2025-08/react-2025-08-hw13-les25-storage/src/constants/middleText.ts","statementMap":{"0":{"start":{"line":1,"column":26},"end":{"line":3,"column":1}}},"fnMap":{},"branchMap":{},"s":{"0":0},"f":{},"b":{}}
,"/home/runner/work/ponomarenko-alex-otus/ponomarenko-alex-otus/react-2025-08/react-2025-08-hw13-les25-storage/src/constants/shortText.ts": {"path":"/home/runner/work/ponomarenko-alex-otus/ponomarenko-alex-otus/react-2025-08/react-2025-08-hw13-les25-storage/src/constants/shortText.ts","statementMap":{"0":{"start":{"line":1,"column":25},"end":{"line":1,"column":58}}},"fnMap":{},"branchMap":{},"s":{"0":0},"f":{},"b":{}}
,"/home/runner/work/ponomarenko-alex-otus/ponomarenko-alex-otus/react-2025-08/react-2025-08-hw13-les25-storage/src/entities/Cart.ts": {"path":"/home/runner/work/ponomarenko-alex-otus/ponomarenko-alex-otus/react-2025-08/react-2025-08-hw13-les25-storage/src/entities/Cart.ts","statementMap":{"0":{"start":{"line":12,"column":33},"end":{"line":16,"column":1}}},"fnMap":{},"branchMap":{},"s":{"0":3},"f":{},"b":{},"_coverageSchema":"1a1c01bbd47fc00a2c39e90264f33305004495a9","hash":"f7b907356fbb7a0e69bdff43f0ccd226f23d89fc"}
,"/home/runner/work/ponomarenko-alex-otus/ponomarenko-alex-otus/react-2025-08/react-2025-08-hw13-les25-storage/src/entities/Category.ts": {"path":"/home/runner/work/ponomarenko-alex-otus/ponomarenko-alex-otus/react-2025-08/react-2025-08-hw13-les25-storage/src/entities/Category.ts","statementMap":{"0":{"start":{"line":6,"column":41},"end":{"line":9,"column":1}}},"fnMap":{},"branchMap":{},"s":{"0":3},"f":{},"b":{},"_coverageSchema":"1a1c01bbd47fc00a2c39e90264f33305004495a9","hash":"70de38329a5e32f5a379d74b32df712004c6e824"}
,"/home/runner/work/ponomarenko-alex-otus/ponomarenko-alex-otus/react-2025-08/react-2025-08-hw13-les25-storage/src/entities/Product.ts": {"path":"/home/runner/work/ponomarenko-alex-otus/ponomarenko-alex-otus/react-2025-08/react-2025-08-hw13-les25-storage/src/entities/Product.ts","statementMap":{"0":{"start":{"line":10,"column":39},"end":{"line":17,"column":1}}},"fnMap":{},"branchMap":{},"s":{"0":4},"f":{},"b":{},"_coverageSchema":"1a1c01bbd47fc00a2c39e90264f33305004495a9","hash":"ebaa79fa634e0160eb2a56ddc06b89b05e4211ed"}
,"/home/runner/work/ponomarenko-alex-otus/ponomarenko-alex-otus/react-2025-08/react-2025-08-hw13-les25-storage/src/entities/User.ts": {"path":"/home/runner/work/ponomarenko-alex-otus/ponomarenko-alex-otus/react-2025-08/react-2025-08-hw13-les25-storage/src/entities/User.ts","statementMap":{},"fnMap":{},"branchMap":{},"s":{},"f":{},"b":{},"_coverageSchema":"1a1c01bbd47fc00a2c39e90264f33305004495a9","hash":"5459d5bec530e2d3b1c702c3efc9f35aa639d066"}
,"/home/runner/work/ponomarenko-alex-otus/ponomarenko-alex-otus/react-2025-08/react-2025-08-hw13-les25-storage/src/features/forms/EditCategoryForm/EditCategoryForm.tsx": {"path":"/home/runner/work/ponomarenko-alex-otus/ponomarenko-alex-otus/react-2025-08/react-2025-08-hw13-les25-storage/src/features/forms/EditCategoryForm/EditCategoryForm.tsx","statementMap":{"0":{"start":{"line":17,"column":65},"end":{"line":56,"column":1}},"1":{"start":{"line":18,"column":21},"end":{"line":18,"column":54}},"2":{"start":{"line":20,"column":25},"end":{"line":20,"column":48}},"3":{"start":{"line":21,"column":32},"end":{"line":21,"column":62}},"4":{"start":{"line":22,"column":28},"end":{"line":22,"column":49}},"5":{"start":{"line":23,"column":29},"end":{"line":25,"column":6}},"6":{"start":{"line":26,"column":19},"end":{"line":32,"column":6}},"7":{"start":{"line":34,"column":4},"end":{"line":55,"column":6}}},"fnMap":{"0":{"name":"(anonymous_0)","decl":{"start":{"line":17,"column":65},"end":{"line":17,"column":66}},"loc":{"start":{"line":17,"column":109},"end":{"line":56,"column":1}},"line":17}},"branchMap":{"0":{"loc":{"start":{"line":39,"column":21},"end":{"line":39,"column":101}},"type":"cond-expr","locations":[{"start":{"line":39,"column":58},"end":{"line":39,"column":82}},{"start":{"line":39,"column":85},"end":{"line":39,"column":101}}],"line":39},"1":{"loc":{"start":{"line":41,"column":17},"end":{"line":41,"column":91}},"type":"binary-expr","locations":[{"start":{"line":41,"column":17},"end":{"line":41,"column":33}},{"start":{"line":41,"column":37},"end":{"line":41,"column":91}}],"line":41},"2":{"loc":{"start":{"line":47,"column":17},"end":{"line":47,"column":95}},"type":"binary-expr","locations":[{"start":{"line":47,"column":17},"end":{"line":47,"column":35}},{"start":{"line":47,"column":39},"end":{"line":47,"column":95}}],"line":47}},"s":{"0":0,"1":0,"2":0,"3":0,"4":0,"5":0,"6":0,"7":0},"f":{"0":0},"b":{"0":[0,0],"1":[0,0],"2":[0,0]}}
,"/home/runner/work/ponomarenko-alex-otus/ponomarenko-alex-otus/react-2025-08/react-2025-08-hw13-les25-storage/src/features/forms/EditProductForm/EditProductForm.tsx": {"path":"/home/runner/work/ponomarenko-alex-otus/ponomarenko-alex-otus/react-2025-08/react-2025-08-hw13-les25-storage/src/features/forms/EditProductForm/EditProductForm.tsx","statementMap":{"0":{"start":{"line":17,"column":63},"end":{"line":89,"column":1}},"1":{"start":{"line":18,"column":21},"end":{"line":18,"column":54}},"2":{"start":{"line":19,"column":23},"end":{"line":19,"column":58}},"3":{"start":{"line":21,"column":25},"end":{"line":21,"column":55}},"4":{"start":{"line":22,"column":28},"end":{"line":22,"column":49}},"5":{"start":{"line":23,"column":29},"end":{"line":28,"column":6}},"6":{"start":{"line":29,"column":19},"end":{"line":34,"column":6}},"7":{"start":{"line":36,"column":4},"end":{"line":88,"column":6}},"8":{"start":{"line":61,"column":24},"end":{"line":63,"column":33}}},"fnMap":{"0":{"name":"(anonymous_0)","decl":{"start":{"line":17,"column":63},"end":{"line":17,"column":64}},"loc":{"start":{"line":17,"column":107},"end":{"line":89,"column":1}},"line":17},"1":{"name":"(anonymous_1)","decl":{"start":{"line":60,"column":36},"end":{"line":60,"column":37}},"loc":{"start":{"line":61,"column":24},"end":{"line":63,"column":33}},"line":61}},"branchMap":{"0":{"loc":{"start":{"line":42,"column":13},"end":{"line":42,"column":93}},"type":"binary-expr","locations":[{"start":{"line":42,"column":13},"end":{"line":42,"column":32}},{"start":{"line":42,"column":36},"end":{"line":42,"column":93}}],"line":42},"1":{"loc":{"start":{"line":48,"column":13},"end":{"line":48,"column":93}},"type":"binary-expr","locations":[{"start":{"line":48,"column":13},"end":{"line":48,"column":32}},{"start":{"line":48,"column":36},"end":{"line":48,"column":93}}],"line":48},"2":{"loc":{"start":{"line":54,"column":13},"end":{"line":54,"column":91}},"type":"binary-expr","locations":[{"start":{"line":54,"column":13},"end":{"line":54,"column":31}},{"start":{"line":54,"column":35},"end":{"line":54,"column":91}}],"line":54},"3":{"loc":{"start":{"line":67,"column":13},"end":{"line":67,"column":103}},"type":"binary-expr","locations":[{"start":{"line":67,"column":13},"end":{"line":67,"column":37}},{"start":{"line":67,"column":41},"end":{"line":67,"column":103}}],"line":67},"4":{"loc":{"start":{"line":80,"column":13},"end":{"line":80,"column":91}},"type":"binary-expr","locations":[{"start":{"line":80,"column":13},"end":{"line":80,"column":31}},{"start":{"line":80,"column":35},"end":{"line":80,"column":91}}],"line":80}},"s":{"0":0,"1":0,"2":0,"3":0,"4":0,"5":0,"6":0,"7":0,"8":0},"f":{"0":0,"1":0},"b":{"0":[0,0],"1":[0,0],"2":[0,0],"3":[0,0],"4":[0,0]}}
,"/home/runner/work/ponomarenko-alex-otus/ponomarenko-alex-otus/react-2025-08/react-2025-08-hw13-les25-storage/src/features/forms/LoginForm/LoginForm.tsx": {"path":"/home/runner/work/ponomarenko-alex-otus/ponomarenko-alex-otus/react-2025-08/react-2025-08-hw13-les25-storage/src/features/forms/LoginForm/LoginForm.tsx","statementMap":{"0":{"start":{"line":18,"column":51},"end":{"line":109,"column":1}},"1":{"start":{"line":19,"column":21},"end":{"line":19,"column":54}},"2":{"start":{"line":20,"column":28},"end":{"line":20,"column":68}},"3":{"start":{"line":21,"column":28},"end":{"line":21,"column":49}},"4":{"start":{"line":23,"column":29},"end":{"line":32,"column":6}},"5":{"start":{"line":34,"column":19},"end":{"line":43,"column":6}},"6":{"start":{"line":37,"column":12},"end":{"line":37,"column":39}},"7":{"start":{"line":45,"column":25},"end":{"line":45,"column":49}},"8":{"start":{"line":46,"column":4},"end":{"line":108,"column":6}}},"fnMap":{"0":{"name":"(anonymous_0)","decl":{"start":{"line":18,"column":51},"end":{"line":18,"column":52}},"loc":{"start":{"line":18,"column":110},"end":{"line":109,"column":1}},"line":18},"1":{"name":"(anonymous_1)","decl":{"start":{"line":36,"column":18},"end":{"line":36,"column":19}},"loc":{"start":{"line":36,"column":30},"end":{"line":38,"column":9}},"line":36}},"branchMap":{"0":{"loc":{"start":{"line":26,"column":24},"end":{"line":31,"column":23}},"type":"cond-expr","locations":[{"start":{"line":27,"column":14},"end":{"line":30,"column":85}},{"start":{"line":31,"column":14},"end":{"line":31,"column":23}}],"line":26},"1":{"loc":{"start":{"line":73,"column":17},"end":{"line":73,"column":97}},"type":"binary-expr","locations":[{"start":{"line":73,"column":17},"end":{"line":73,"column":36}},{"start":{"line":73,"column":40},"end":{"line":73,"column":97}}],"line":73},"2":{"loc":{"start":{"line":79,"column":17},"end":{"line":79,"column":103}},"type":"binary-expr","locations":[{"start":{"line":79,"column":17},"end":{"line":79,"column":39}},{"start":{"line":79,"column":43},"end":{"line":79,"column":103}}],"line":79},"3":{"loc":{"start":{"line":82,"column":13},"end":{"line":93,"column":13}},"type":"binary-expr","locations":[{"start":{"line":82,"column":13},"end":{"line":82,"column":26}},{"start":{"line":83,"column":16},"end":{"line":92,"column":24}}],"line":82},"4":{"loc":{"start":{"line":91,"column":21},"end":{"line":91,"column":119}},"type":"binary-expr","locations":[{"start":{"line":91,"column":21},"end":{"line":91,"column":49}},{"start":{"line":91,"column":53},"end":{"line":91,"column":119}}],"line":91},"5":{"loc":{"start":{"line":95,"column":13},"end":{"line":101,"column":13}},"type":"binary-expr","locations":[{"start":{"line":95,"column":13},"end":{"line":95,"column":28}},{"start":{"line":96,"column":16},"end":{"line":100,"column":22}}],"line":95},"6":{"loc":{"start":{"line":105,"column":39},"end":{"line":105,"column":98}},"type":"cond-expr","locations":[{"start":{"line":105,"column":55},"end":{"line":105,"column":76}},{"start":{"line":105,"column":79},"end":{"line":105,"column":98}}],"line":105}},"s":{"0":0,"1":0,"2":0,"3":0,"4":0,"5":0,"6":0,"7":0,"8":0},"f":{"0":0,"1":0},"b":{"0":[0,0],"1":[0,0],"2":[0,0],"3":[0,0],"4":[0,0],"5":[0,0],"6":[0,0]}}
,"/home/runner/work/ponomarenko-alex-otus/ponomarenko-alex-otus/react-2025-08/react-2025-08-hw13-les25-storage/src/features/forms/UpdatePasswordForm/UpdatePasswordForm.tsx": {"path":"/home/runner/work/ponomarenko-alex-otus/ponomarenko-alex-otus/react-2025-08/react-2025-08-hw13-les25-storage/src/features/forms/UpdatePasswordForm/UpdatePasswordForm.tsx","statementMap":{"0":{"start":{"line":18,"column":69},"end":{"line":72,"column":1}},"1":{"start":{"line":19,"column":21},"end":{"line":19,"column":54}},"2":{"start":{"line":20,"column":28},"end":{"line":20,"column":68}},"3":{"start":{"line":21,"column":28},"end":{"line":21,"column":49}},"4":{"start":{"line":23,"column":29},"end":{"line":26,"column":6}},"5":{"start":{"line":27,"column":19},"end":{"line":35,"column":6}},"6":{"start":{"line":30,"column":12},"end":{"line":30,"column":48}},"7":{"start":{"line":37,"column":25},"end":{"line":37,"column":58}},"8":{"start":{"line":38,"column":4},"end":{"line":71,"column":6}}},"fnMap":{"0":{"name":"(anonymous_0)","decl":{"start":{"line":18,"column":69},"end":{"line":18,"column":70}},"loc":{"start":{"line":18,"column":113},"end":{"line":72,"column":1}},"line":18},"1":{"name":"(anonymous_1)","decl":{"start":{"line":29,"column":18},"end":{"line":29,"column":19}},"loc":{"start":{"line":29,"column":30},"end":{"line":31,"column":9}},"line":29}},"branchMap":{"0":{"loc":{"start":{"line":43,"column":17},"end":{"line":43,"column":103}},"type":"binary-expr","locations":[{"start":{"line":43,"column":17},"end":{"line":43,"column":39}},{"start":{"line":43,"column":43},"end":{"line":43,"column":103}}],"line":43},"1":{"loc":{"start":{"line":54,"column":17},"end":{"line":54,"column":109}},"type":"binary-expr","locations":[{"start":{"line":54,"column":17},"end":{"line":54,"column":42}},{"start":{"line":54,"column":46},"end":{"line":54,"column":109}}],"line":54},"2":{"loc":{"start":{"line":57,"column":13},"end":{"line":63,"column":13}},"type":"binary-expr","locations":[{"start":{"line":57,"column":13},"end":{"line":57,"column":28}},{"start":{"line":58,"column":16},"end":{"line":62,"column":22}}],"line":57}},"s":{"0":0,"1":0,"2":0,"3":0,"4":0,"5":0,"6":0,"7":0,"8":0},"f":{"0":0,"1":0},"b":{"0":[0,0],"1":[0,0],"2":[0,0]}}
,"/home/runner/work/ponomarenko-alex-otus/ponomarenko-alex-otus/react-2025-08/react-2025-08-hw13-les25-storage/src/features/services/AccountService/AccountService.ts": {"path":"/home/runner/work/ponomarenko-alex-otus/ponomarenko-alex-otus/react-2025-08/react-2025-08-hw13-les25-storage/src/features/services/AccountService/AccountService.ts","statementMap":{"0":{"start":{"line":10,"column":18},"end":{"line":18,"column":5}},"1":{"start":{"line":12,"column":12},"end":{"line":16,"column":90}},"2":{"start":{"line":17,"column":8},"end":{"line":17,"column":37}}},"fnMap":{"0":{"name":"(anonymous_0)","decl":{"start":{"line":8,"column":4},"end":{"line":8,"column":5}},"loc":{"start":{"line":8,"column":113},"end":{"line":8,"column":115}},"line":8},"1":{"name":"(anonymous_1)","decl":{"start":{"line":10,"column":18},"end":{"line":10,"column":19}},"loc":{"start":{"line":10,"column":52},"end":{"line":18,"column":5}},"line":10}},"branchMap":{"0":{"loc":{"start":{"line":17,"column":15},"end":{"line":17,"column":36}},"type":"cond-expr","locations":[{"start":{"line":17,"column":27},"end":{"line":17,"column":32}},{"start":{"line":17,"column":35},"end":{"line":17,"column":36}}],"line":17}},"s":{"0":6,"1":6,"2":6},"f":{"0":6,"1":6},"b":{"0":[6,0]},"_coverageSchema":"1a1c01bbd47fc00a2c39e90264f33305004495a9","hash":"1ae8b7e88dcde0c428cc9d98653cb80e395e6ce7"}
,"/home/runner/work/ponomarenko-alex-otus/ponomarenko-alex-otus/react-2025-08/react-2025-08-hw13-les25-storage/src/features/services/AuthAPI/AuthAPI.ts": {"path":"/home/runner/work/ponomarenko-alex-otus/ponomarenko-alex-otus/react-2025-08/react-2025-08-hw13-les25-storage/src/features/services/AuthAPI/AuthAPI.ts","statementMap":{"0":{"start":{"line":8,"column":15},"end":{"line":24,"column":5}},"1":{"start":{"line":9,"column":8},"end":{"line":23,"column":11}},"2":{"start":{"line":16,"column":12},"end":{"line":22,"column":15}},"3":{"start":{"line":17,"column":16},"end":{"line":21,"column":17}},"4":{"start":{"line":18,"column":20},"end":{"line":18,"column":50}},"5":{"start":{"line":20,"column":20},"end":{"line":20,"column":34}},"6":{"start":{"line":26,"column":12},"end":{"line":42,"column":5}},"7":{"start":{"line":27,"column":8},"end":{"line":41,"column":10}},"8":{"start":{"line":34,"column":12},"end":{"line":40,"column":14}},"9":{"start":{"line":35,"column":16},"end":{"line":39,"column":17}},"10":{"start":{"line":36,"column":20},"end":{"line":36,"column":50}},"11":{"start":{"line":38,"column":20},"end":{"line":38,"column":34}}},"fnMap":{"0":{"name":"(anonymous_0)","decl":{"start":{"line":6,"column":4},"end":{"line":6,"column":5}},"loc":{"start":{"line":6,"column":40},"end":{"line":6,"column":42}},"line":6},"1":{"name":"(anonymous_1)","decl":{"start":{"line":8,"column":15},"end":{"line":8,"column":16}},"loc":{"start":{"line":8,"column":64},"end":{"line":24,"column":5}},"line":8},"2":{"name":"(anonymous_2)","decl":{"start":{"line":15,"column":16},"end":{"line":15,"column":17}},"loc":{"start":{"line":15,"column":40},"end":{"line":23,"column":9}},"line":15},"3":{"name":"(anonymous_3)","decl":{"start":{"line":16,"column":40},"end":{"line":16,"column":41}},"loc":{"start":{"line":16,"column":52},"end":{"line":22,"column":13}},"line":16},"4":{"name":"(anonymous_4)","decl":{"start":{"line":26,"column":12},"end":{"line":26,"column":13}},"loc":{"start":{"line":26,"column":58},"end":{"line":42,"column":5}},"line":26},"5":{"name":"(anonymous_5)","decl":{"start":{"line":33,"column":16},"end":{"line":33,"column":17}},"loc":{"start":{"line":34,"column":12},"end":{"line":40,"column":14}},"line":34},"6":{"name":"(anonymous_6)","decl":{"start":{"line":34,"column":33},"end":{"line":34,"column":34}},"loc":{"start":{"line":34,"column":45},"end":{"line":40,"column":13}},"line":34}},"branchMap":{"0":{"loc":{"start":{"line":17,"column":16},"end":{"line":21,"column":17}},"type":"if","locations":[{"start":{"line":17,"column":16},"end":{"line":21,"column":17}},{"start":{"line":19,"column":23},"end":{"line":21,"column":17}}],"line":17},"1":{"loc":{"start":{"line":35,"column":16},"end":{"line":39,"column":17}},"type":"if","locations":[{"start":{"line":35,"column":16},"end":{"line":39,"column":17}},{"start":{"line":37,"column":23},"end":{"line":39,"column":17}}],"line":35}},"s":{"0":0,"1":0,"2":0,"3":0,"4":0,"5":0,"6":0,"7":0,"8":0,"9":0,"10":0,"11":0},"f":{"0":0,"1":0,"2":0,"3":0,"4":0,"5":0,"6":0},"b":{"0":[0,0],"1":[0,0]}}
,"/home/runner/work/ponomarenko-alex-otus/ponomarenko-alex-otus/react-2025-08/react-2025-08-hw13-les25-storage/src/features/services/CategoryAPI/CategoryAPI.ts": {"path":"/home/runner/work/ponomarenko-alex-otus/ponomarenko-alex-otus/react-2025-08/react-2025-08-hw13-les25-storage/src/features/services/CategoryAPI/CategoryAPI.ts","statementMap":{"0":{"start":{"line":10,"column":15},"end":{"line":12,"column":5}},"1":{"start":{"line":11,"column":8},"end":{"line":11,"column":27}},"2":{"start":{"line":14,"column":17},"end":{"line":22,"column":5}},"3":{"start":{"line":15,"column":37},"end":{"line":17,"column":9}},"4":{"start":{"line":18,"column":8},"end":{"line":20,"column":9}},"5":{"start":{"line":19,"column":12},"end":{"line":19,"column":62}},"6":{"start":{"line":21,"column":8},"end":{"line":21,"column":23}},"7":{"start":{"line":24,"column":20},"end":{"line":34,"column":5}},"8":{"start":{"line":25,"column":8},"end":{"line":33,"column":11}},"9":{"start":{"line":26,"column":12},"end":{"line":32,"column":15}},"10":{"start":{"line":27,"column":16},"end":{"line":31,"column":17}},"11":{"start":{"line":28,"column":20},"end":{"line":28,"column":50}},"12":{"start":{"line":30,"column":20},"end":{"line":30,"column":34}},"13":{"start":{"line":36,"column":18},"end":{"line":53,"column":5}},"14":{"start":{"line":37,"column":34},"end":{"line":37,"column":48}},"15":{"start":{"line":38,"column":8},"end":{"line":38,"column":32}},"16":{"start":{"line":40,"column":8},"end":{"line":52,"column":11}},"17":{"start":{"line":45,"column":12},"end":{"line":51,"column":15}},"18":{"start":{"line":46,"column":16},"end":{"line":50,"column":17}},"19":{"start":{"line":47,"column":20},"end":{"line":47,"column":50}},"20":{"start":{"line":49,"column":20},"end":{"line":49,"column":34}},"21":{"start":{"line":55,"column":21},"end":{"line":69,"column":5}},"22":{"start":{"line":56,"column":8},"end":{"line":68,"column":11}},"23":{"start":{"line":61,"column":12},"end":{"line":67,"column":15}},"24":{"start":{"line":62,"column":16},"end":{"line":66,"column":17}},"25":{"start":{"line":63,"column":20},"end":{"line":63,"column":50}},"26":{"start":{"line":65,"column":20},"end":{"line":65,"column":34}}},"fnMap":{"0":{"name":"(anonymous_0)","decl":{"start":{"line":8,"column":4},"end":{"line":8,"column":5}},"loc":{"start":{"line":8,"column":40},"end":{"line":8,"column":42}},"line":8},"1":{"name":"(anonymous_1)","decl":{"start":{"line":10,"column":15},"end":{"line":10,"column":16}},"loc":{"start":{"line":10,"column":34},"end":{"line":12,"column":5}},"line":10},"2":{"name":"(anonymous_2)","decl":{"start":{"line":14,"column":17},"end":{"line":14,"column":18}},"loc":{"start":{"line":14,"column":23},"end":{"line":22,"column":5}},"line":14},"3":{"name":"(anonymous_3)","decl":{"start":{"line":24,"column":20},"end":{"line":24,"column":21}},"loc":{"start":{"line":24,"column":56},"end":{"line":34,"column":5}},"line":24},"4":{"name":"(anonymous_4)","decl":{"start":{"line":25,"column":87},"end":{"line":25,"column":88}},"loc":{"start":{"line":25,"column":111},"end":{"line":33,"column":9}},"line":25},"5":{"name":"(anonymous_5)","decl":{"start":{"line":26,"column":40},"end":{"line":26,"column":41}},"loc":{"start":{"line":26,"column":52},"end":{"line":32,"column":13}},"line":26},"6":{"name":"(anonymous_6)","decl":{"start":{"line":36,"column":18},"end":{"line":36,"column":19}},"loc":{"start":{"line":36,"column":66},"end":{"line":53,"column":5}},"line":36},"7":{"name":"(anonymous_7)","decl":{"start":{"line":44,"column":16},"end":{"line":44,"column":17}},"loc":{"start":{"line":44,"column":40},"end":{"line":52,"column":9}},"line":44},"8":{"name":"(anonymous_8)","decl":{"start":{"line":45,"column":40},"end":{"line":45,"column":41}},"loc":{"start":{"line":45,"column":52},"end":{"line":51,"column":13}},"line":45},"9":{"name":"(anonymous_9)","decl":{"start":{"line":55,"column":21},"end":{"line":55,"column":22}},"loc":{"start":{"line":55,"column":69},"end":{"line":69,"column":5}},"line":55},"10":{"name":"(anonymous_10)","decl":{"start":{"line":60,"column":16},"end":{"line":60,"column":17}},"loc":{"start":{"line":60,"column":40},"end":{"line":68,"column":9}},"line":60},"11":{"name":"(anonymous_11)","decl":{"start":{"line":61,"column":40},"end":{"line":61,"column":41}},"loc":{"start":{"line":61,"column":52},"end":{"line":67,"column":13}},"line":61}},"branchMap":{"0":{"loc":{"start":{"line":18,"column":8},"end":{"line":20,"column":9}},"type":"if","locations":[{"start":{"line":18,"column":8},"end":{"line":20,"column":9}},{"start":{},"end":{}}],"line":18},"1":{"loc":{"start":{"line":27,"column":16},"end":{"line":31,"column":17}},"type":"if","locations":[{"start":{"line":27,"column":16},"end":{"line":31,"column":17}},{"start":{"line":29,"column":23},"end":{"line":31,"column":17}}],"line":27},"2":{"loc":{"start":{"line":46,"column":16},"end":{"line":50,"column":17}},"type":"if","locations":[{"start":{"line":46,"column":16},"end":{"line":50,"column":17}},{"start":{"line":48,"column":23},"end":{"line":50,"column":17}}],"line":46},"3":{"loc":{"start":{"line":62,"column":16},"end":{"line":66,"column":17}},"type":"if","locations":[{"start":{"line":62,"column":16},"end":{"line":66,"column":17}},{"start":{"line":64,"column":23},"end":{"line":66,"column":17}}],"line":62}},"s":{"0":0,"1":0,"2":0,"3":0,"4":0,"5":0,"6":0,"7":0,"8":0,"9":0,"10":0,"11":0,"12":0,"13":0,"14":0,"15":0,"16":0,"17":0,"18":0,"19":0,"20":0,"21":0,"22":0,"23":0,"24":0,"25":0,"26":0},"f":{"0":0,"1":0,"2":0,"3":0,"4":0,"5":0,"6":0,"7":0,"8":0,"9":0,"10":0,"11":0},"b":{"0":[0,0],"1":[0,0],"2":[0,0],"3":[0,0]}}
,"/home/runner/work/ponomarenko-alex-otus/ponomarenko-alex-otus/react-2025-08/react-2025-08-hw13-les25-storage/src/features/services/ProductAPI/ProductAPI.ts": {"path":"/home/runner/work/ponomarenko-alex-otus/ponomarenko-alex-otus/react-2025-08/react-2025-08-hw13-les25-storage/src/features/services/ProductAPI/ProductAPI.ts","statementMap":{"0":{"start":{"line":10,"column":15},"end":{"line":12,"column":5}},"1":{"start":{"line":11,"column":8},"end":{"line":11,"column":27}},"2":{"start":{"line":14,"column":17},"end":{"line":22,"column":5}},"3":{"start":{"line":15,"column":37},"end":{"line":17,"column":9}},"4":{"start":{"line":18,"column":8},"end":{"line":20,"column":9}},"5":{"start":{"line":19,"column":12},"end":{"line":19,"column":62}},"6":{"start":{"line":21,"column":8},"end":{"line":21,"column":23}},"7":{"start":{"line":24,"column":18},"end":{"line":40,"column":5}},"8":{"start":{"line":25,"column":18},"end":{"line":30,"column":21}},"9":{"start":{"line":31,"column":8},"end":{"line":39,"column":11}},"10":{"start":{"line":32,"column":12},"end":{"line":38,"column":15}},"11":{"start":{"line":33,"column":16},"end":{"line":37,"column":17}},"12":{"start":{"line":34,"column":20},"end":{"line":34,"column":50}},"13":{"start":{"line":36,"column":20},"end":{"line":36,"column":34}},"14":{"start":{"line":42,"column":17},"end":{"line":59,"column":5}},"15":{"start":{"line":43,"column":34},"end":{"line":43,"column":47}},"16":{"start":{"line":44,"column":8},"end":{"line":44,"column":32}},"17":{"start":{"line":46,"column":8},"end":{"line":58,"column":11}},"18":{"start":{"line":51,"column":12},"end":{"line":57,"column":15}},"19":{"start":{"line":52,"column":16},"end":{"line":56,"column":17}},"20":{"start":{"line":53,"column":20},"end":{"line":53,"column":50}},"21":{"start":{"line":55,"column":20},"end":{"line":55,"column":34}},"22":{"start":{"line":61,"column":20},"end":{"line":75,"column":5}},"23":{"start":{"line":62,"column":8},"end":{"line":74,"column":11}},"24":{"start":{"line":67,"column":12},"end":{"line":73,"column":15}},"25":{"start":{"line":68,"column":16},"end":{"line":72,"column":17}},"26":{"start":{"line":69,"column":20},"end":{"line":69,"column":50}},"27":{"start":{"line":71,"column":20},"end":{"line":71,"column":34}}},"fnMap":{"0":{"name":"(anonymous_0)","decl":{"start":{"line":8,"column":4},"end":{"line":8,"column":5}},"loc":{"start":{"line":8,"column":40},"end":{"line":8,"column":42}},"line":8},"1":{"name":"(anonymous_1)","decl":{"start":{"line":10,"column":15},"end":{"line":10,"column":16}},"loc":{"start":{"line":10,"column":34},"end":{"line":12,"column":5}},"line":10},"2":{"name":"(anonymous_2)","decl":{"start":{"line":14,"column":17},"end":{"line":14,"column":18}},"loc":{"start":{"line":14,"column":23},"end":{"line":22,"column":5}},"line":14},"3":{"name":"(anonymous_3)","decl":{"start":{"line":24,"column":18},"end":{"line":24,"column":19}},"loc":{"start":{"line":24,"column":62},"end":{"line":40,"column":5}},"line":24},"4":{"name":"(anonymous_4)","decl":{"start":{"line":31,"column":90},"end":{"line":31,"column":91}},"loc":{"start":{"line":31,"column":114},"end":{"line":39,"column":9}},"line":31},"5":{"name":"(anonymous_5)","decl":{"start":{"line":32,"column":40},"end":{"line":32,"column":41}},"loc":{"start":{"line":32,"column":52},"end":{"line":38,"column":13}},"line":32},"6":{"name":"(anonymous_6)","decl":{"start":{"line":42,"column":17},"end":{"line":42,"column":18}},"loc":{"start":{"line":42,"column":63},"end":{"line":59,"column":5}},"line":42},"7":{"name":"(anonymous_7)","decl":{"start":{"line":50,"column":16},"end":{"line":50,"column":17}},"loc":{"start":{"line":50,"column":40},"end":{"line":58,"column":9}},"line":50},"8":{"name":"(anonymous_8)","decl":{"start":{"line":51,"column":40},"end":{"line":51,"column":41}},"loc":{"start":{"line":51,"column":52},"end":{"line":57,"column":13}},"line":51},"9":{"name":"(anonymous_9)","decl":{"start":{"line":61,"column":20},"end":{"line":61,"column":21}},"loc":{"start":{"line":61,"column":66},"end":{"line":75,"column":5}},"line":61},"10":{"name":"(anonymous_10)","decl":{"start":{"line":66,"column":16},"end":{"line":66,"column":17}},"loc":{"start":{"line":66,"column":40},"end":{"line":74,"column":9}},"line":66},"11":{"name":"(anonymous_11)","decl":{"start":{"line":67,"column":40},"end":{"line":67,"column":41}},"loc":{"start":{"line":67,"column":52},"end":{"line":73,"column":13}},"line":67}},"branchMap":{"0":{"loc":{"start":{"line":18,"column":8},"end":{"line":20,"column":9}},"type":"if","locations":[{"start":{"line":18,"column":8},"end":{"line":20,"column":9}},{"start":{},"end":{}}],"line":18},"1":{"loc":{"start":{"line":24,"column":19},"end":{"line":24,"column":29}},"type":"default-arg","locations":[{"start":{"line":24,"column":28},"end":{"line":24,"column":29}}],"line":24},"2":{"loc":{"start":{"line":33,"column":16},"end":{"line":37,"column":17}},"type":"if","locations":[{"start":{"line":33,"column":16},"end":{"line":37,"column":17}},{"start":{"line":35,"column":23},"end":{"line":37,"column":17}}],"line":33},"3":{"loc":{"start":{"line":52,"column":16},"end":{"line":56,"column":17}},"type":"if","locations":[{"start":{"line":52,"column":16},"end":{"line":56,"column":17}},{"start":{"line":54,"column":23},"end":{"line":56,"column":17}}],"line":52},"4":{"loc":{"start":{"line":68,"column":16},"end":{"line":72,"column":17}},"type":"if","locations":[{"start":{"line":68,"column":16},"end":{"line":72,"column":17}},{"start":{"line":70,"column":23},"end":{"line":72,"column":17}}],"line":68}},"s":{"0":0,"1":0,"2":0,"3":0,"4":0,"5":0,"6":0,"7":0,"8":0,"9":0,"10":0,"11":0,"12":0,"13":0,"14":0,"15":0,"16":0,"17":0,"18":0,"19":0,"20":0,"21":0,"22":0,"23":0,"24":0,"25":0,"26":0,"27":0},"f":{"0":0,"1":0,"2":0,"3":0,"4":0,"5":0,"6":0,"7":0,"8":0,"9":0,"10":0,"11":0},"b":{"0":[0,0],"1":[0],"2":[0,0],"3":[0,0],"4":[0,0]}}
,"/home/runner/work/ponomarenko-alex-otus/ponomarenko-alex-otus/react-2025-08/react-2025-08-hw13-les25-storage/src/features/services/ProductDiscountService/ProductDiscountService.ts": {"path":"/home/runner/work/ponomarenko-alex-otus/ponomarenko-alex-otus/react-2025-08/react-2025-08-hw13-les25-storage/src/features/services/ProductDiscountService/ProductDiscountService.ts","statementMap":{"0":{"start":{"line":4,"column":32},"end":{"line":6,"column":5}},"1":{"start":{"line":5,"column":8},"end":{"line":5,"column":17}}},"fnMap":{"0":{"name":"(anonymous_0)","decl":{"start":{"line":4,"column":32},"end":{"line":4,"column":33}},"loc":{"start":{"line":4,"column":50},"end":{"line":6,"column":5}},"line":4}},"branchMap":{},"s":{"0":0,"1":0},"f":{"0":0},"b":{}}
,"/home/runner/work/ponomarenko-alex-otus/ponomarenko-alex-otus/react-2025-08/react-2025-08-hw13-les25-storage/src/features/services/ProfileAPI/ProfileAPI.ts": {"path":"/home/runner/work/ponomarenko-alex-otus/ponomarenko-alex-otus/react-2025-08/react-2025-08-hw13-les25-storage/src/features/services/ProfileAPI/ProfileAPI.ts","statementMap":{"0":{"start":{"line":10,"column":15},"end":{"line":12,"column":5}},"1":{"start":{"line":11,"column":8},"end":{"line":11,"column":27}},"2":{"start":{"line":14,"column":17},"end":{"line":22,"column":5}},"3":{"start":{"line":15,"column":37},"end":{"line":17,"column":9}},"4":{"start":{"line":18,"column":8},"end":{"line":20,"column":9}},"5":{"start":{"line":19,"column":12},"end":{"line":19,"column":62}},"6":{"start":{"line":21,"column":8},"end":{"line":21,"column":23}},"7":{"start":{"line":24,"column":17},"end":{"line":34,"column":5}},"8":{"start":{"line":25,"column":8},"end":{"line":33,"column":11}},"9":{"start":{"line":26,"column":12},"end":{"line":32,"column":15}},"10":{"start":{"line":27,"column":16},"end":{"line":31,"column":17}},"11":{"start":{"line":28,"column":20},"end":{"line":28,"column":50}},"12":{"start":{"line":30,"column":20},"end":{"line":30,"column":34}},"13":{"start":{"line":36,"column":21},"end":{"line":50,"column":5}},"14":{"start":{"line":37,"column":8},"end":{"line":49,"column":11}},"15":{"start":{"line":42,"column":12},"end":{"line":48,"column":15}},"16":{"start":{"line":43,"column":16},"end":{"line":47,"column":17}},"17":{"start":{"line":44,"column":20},"end":{"line":44,"column":50}},"18":{"start":{"line":46,"column":20},"end":{"line":46,"column":34}}},"fnMap":{"0":{"name":"(anonymous_0)","decl":{"start":{"line":8,"column":4},"end":{"line":8,"column":5}},"loc":{"start":{"line":8,"column":40},"end":{"line":8,"column":42}},"line":8},"1":{"name":"(anonymous_1)","decl":{"start":{"line":10,"column":15},"end":{"line":10,"column":16}},"loc":{"start":{"line":10,"column":34},"end":{"line":12,"column":5}},"line":10},"2":{"name":"(anonymous_2)","decl":{"start":{"line":14,"column":17},"end":{"line":14,"column":18}},"loc":{"start":{"line":14,"column":23},"end":{"line":22,"column":5}},"line":14},"3":{"name":"(anonymous_3)","decl":{"start":{"line":24,"column":17},"end":{"line":24,"column":18}},"loc":{"start":{"line":24,"column":50},"end":{"line":34,"column":5}},"line":24},"4":{"name":"(anonymous_4)","decl":{"start":{"line":25,"column":84},"end":{"line":25,"column":85}},"loc":{"start":{"line":25,"column":108},"end":{"line":33,"column":9}},"line":25},"5":{"name":"(anonymous_5)","decl":{"start":{"line":26,"column":40},"end":{"line":26,"column":41}},"loc":{"start":{"line":26,"column":52},"end":{"line":32,"column":13}},"line":26},"6":{"name":"(anonymous_6)","decl":{"start":{"line":36,"column":21},"end":{"line":36,"column":22}},"loc":{"start":{"line":36,"column":77},"end":{"line":50,"column":5}},"line":36},"7":{"name":"(anonymous_7)","decl":{"start":{"line":41,"column":16},"end":{"line":41,"column":17}},"loc":{"start":{"line":41,"column":40},"end":{"line":49,"column":9}},"line":41},"8":{"name":"(anonymous_8)","decl":{"start":{"line":42,"column":40},"end":{"line":42,"column":41}},"loc":{"start":{"line":42,"column":52},"end":{"line":48,"column":13}},"line":42}},"branchMap":{"0":{"loc":{"start":{"line":18,"column":8},"end":{"line":20,"column":9}},"type":"if","locations":[{"start":{"line":18,"column":8},"end":{"line":20,"column":9}},{"start":{},"end":{}}],"line":18},"1":{"loc":{"start":{"line":27,"column":16},"end":{"line":31,"column":17}},"type":"if","locations":[{"start":{"line":27,"column":16},"end":{"line":31,"column":17}},{"start":{"line":29,"column":23},"end":{"line":31,"column":17}}],"line":27},"2":{"loc":{"start":{"line":43,"column":16},"end":{"line":47,"column":17}},"type":"if","locations":[{"start":{"line":43,"column":16},"end":{"line":47,"column":17}},{"start":{"line":45,"column":23},"end":{"line":47,"column":17}}],"line":43}},"s":{"0":0,"1":0,"2":0,"3":0,"4":0,"5":0,"6":0,"7":0,"8":0,"9":0,"10":0,"11":0,"12":0,"13":0,"14":0,"15":0,"16":0,"17":0,"18":0},"f":{"0":0,"1":0,"2":0,"3":0,"4":0,"5":0,"6":0,"7":0,"8":0},"b":{"0":[0,0],"1":[0,0],"2":[0,0]}}
,"/home/runner/work/ponomarenko-alex-otus/ponomarenko-alex-otus/react-2025-08/react-2025-08-hw13-les25-storage/src/features/services/StorageService/StorageService.ts": {"path":"/home/runner/work/ponomarenko-alex-otus/ponomarenko-alex-otus/react-2025-08/react-2025-08-hw13-les25-storage/src/features/services/StorageService/StorageService.ts","statementMap":{"0":{"start":{"line":4,"column":15},"end":{"line":6,"column":5}},"1":{"start":{"line":5,"column":8},"end":{"line":5,"column":45}},"2":{"start":{"line":8,"column":15},"end":{"line":10,"column":5}},"3":{"start":{"line":9,"column":8},"end":{"line":9,"column":45}},"4":{"start":{"line":12,"column":15},"end":{"line":14,"column":5}},"5":{"start":{"line":13,"column":8},"end":{"line":13,"column":45}},"6":{"start":{"line":16,"column":15},"end":{"line":18,"column":5}},"7":{"start":{"line":17,"column":8},"end":{"line":17,"column":45}},"8":{"start":{"line":20,"column":14},"end":{"line":22,"column":5}},"9":{"start":{"line":21,"column":8},"end":{"line":21,"column":59}},"10":{"start":{"line":24,"column":14},"end":{"line":60,"column":5}},"11":{"start":{"line":25,"column":33},"end":{"line":25,"column":61}},"12":{"start":{"line":26,"column":8},"end":{"line":29,"column":9}},"13":{"start":{"line":27,"column":12},"end":{"line":27,"column":64}},"14":{"start":{"line":28,"column":12},"end":{"line":28,"column":38}},"15":{"start":{"line":31,"column":8},"end":{"line":59,"column":9}},"16":{"start":{"line":32,"column":43},"end":{"line":32,"column":71}},"17":{"start":{"line":33,"column":12},"end":{"line":36,"column":13}},"18":{"start":{"line":34,"column":16},"end":{"line":34,"column":80}},"19":{"start":{"line":35,"column":16},"end":{"line":35,"column":42}},"20":{"start":{"line":37,"column":12},"end":{"line":40,"column":13}},"21":{"start":{"line":38,"column":16},"end":{"line":38,"column":80}},"22":{"start":{"line":39,"column":16},"end":{"line":39,"column":42}},"23":{"start":{"line":41,"column":12},"end":{"line":44,"column":13}},"24":{"start":{"line":42,"column":16},"end":{"line":42,"column":73}},"25":{"start":{"line":43,"column":16},"end":{"line":43,"column":42}},"26":{"start":{"line":45,"column":12},"end":{"line":55,"column":13}},"27":{"start":{"line":45,"column":25},"end":{"line":45,"column":26}},"28":{"start":{"line":46,"column":43},"end":{"line":46,"column":69}},"29":{"start":{"line":47,"column":16},"end":{"line":50,"column":17}},"30":{"start":{"line":48,"column":20},"end":{"line":48,"column":71}},"31":{"start":{"line":49,"column":20},"end":{"line":49,"column":46}},"32":{"start":{"line":51,"column":16},"end":{"line":54,"column":17}},"33":{"start":{"line":52,"column":20},"end":{"line":52,"column":75}},"34":{"start":{"line":53,"column":20},"end":{"line":53,"column":46}},"35":{"start":{"line":56,"column":12},"end":{"line":56,"column":36}},"36":{"start":{"line":58,"column":12},"end":{"line":58,"column":38}}},"fnMap":{"0":{"name":"(anonymous_0)","decl":{"start":{"line":4,"column":15},"end":{"line":4,"column":16}},"loc":{"start":{"line":4,"column":21},"end":{"line":6,"column":5}},"line":4},"1":{"name":"(anonymous_1)","decl":{"start":{"line":8,"column":15},"end":{"line":8,"column":16}},"loc":{"start":{"line":8,"column":34},"end":{"line":10,"column":5}},"line":8},"2":{"name":"(anonymous_2)","decl":{"start":{"line":12,"column":15},"end":{"line":12,"column":16}},"loc":{"start":{"line":12,"column":21},"end":{"line":14,"column":5}},"line":12},"3":{"name":"(anonymous_3)","decl":{"start":{"line":16,"column":15},"end":{"line":16,"column":16}},"loc":{"start":{"line":16,"column":34},"end":{"line":18,"column":5}},"line":16},"4":{"name":"(anonymous_4)","decl":{"start":{"line":20,"column":14},"end":{"line":20,"column":15}},"loc":{"start":{"line":20,"column":30},"end":{"line":22,"column":5}},"line":20},"5":{"name":"(anonymous_5)","decl":{"start":{"line":24,"column":14},"end":{"line":24,"column":15}},"loc":{"start":{"line":24,"column":20},"end":{"line":60,"column":5}},"line":24}},"branchMap":{"0":{"loc":{"start":{"line":26,"column":8},"end":{"line":29,"column":9}},"type":"if","locations":[{"start":{"line":26,"column":8},"end":{"line":29,"column":9}},{"start":{},"end":{}}],"line":26},"1":{"loc":{"start":{"line":33,"column":12},"end":{"line":36,"column":13}},"type":"if","locations":[{"start":{"line":33,"column":12},"end":{"line":36,"column":13}},{"start":{},"end":{}}],"line":33},"2":{"loc":{"start":{"line":37,"column":12},"end":{"line":40,"column":13}},"type":"if","locations":[{"start":{"line":37,"column":12},"end":{"line":40,"column":13}},{"start":{},"end":{}}],"line":37},"3":{"loc":{"start":{"line":41,"column":12},"end":{"line":44,"column":13}},"type":"if","locations":[{"start":{"line":41,"column":12},"end":{"line":44,"column":13}},{"start":{},"end":{}}],"line":41},"4":{"loc":{"start":{"line":47,"column":16},"end":{"line":50,"column":17}},"type":"if","locations":[{"start":{"line":47,"column":16},"end":{"line":50,"column":17}},{"start":{},"end":{}}],"line":47},"5":{"loc":{"start":{"line":51,"column":16},"end":{"line":54,"column":17}},"type":"if","locations":[{"start":{"line":51,"column":16},"end":{"line":54,"column":17}},{"start":{},"end":{}}],"line":51}},"s":{"0":0,"1":0,"2":0,"3":0,"4":0,"5":0,"6":0,"7":0,"8":0,"9":0,"10":0,"11":0,"12":0,"13":0,"14":0,"15":0,"16":0,"17":0,"18":0,"19":0,"20":0,"21":0,"22":0,"23":0,"24":0,"25":0,"26":0,"27":0,"28":0,"29":0,"30":0,"31":0,"32":0,"33":0,"34":0,"35":0,"36":0},"f":{"0":0,"1":0,"2":0,"3":0,"4":0,"5":0},"b":{"0":[0,0],"1":[0,0],"2":[0,0],"3":[0,0],"4":[0,0],"5":[0,0]}}
,"/home/runner/work/ponomarenko-alex-otus/ponomarenko-alex-otus/react-2025-08/react-2025-08-hw13-les25-storage/src/features/services/UserDiscountService/UserDiscountService.ts": {"path":"/home/runner/work/ponomarenko-alex-otus/ponomarenko-alex-otus/react-2025-08/react-2025-08-hw13-les25-storage/src/features/services/UserDiscountService/UserDiscountService.ts","statementMap":{},"fnMap":{},"branchMap":{},"s":{},"f":{},"b":{}}
[...]
188,"column":15}},"loc":{"start":{"line":188,"column":56},"end":{"line":191,"column":5}},"line":188},"1":{"name":"(anonymous_1)","decl":{"start":{"line":192,"column":14},"end":{"line":192,"column":15}},"loc":{"start":{"line":192,"column":55},"end":{"line":195,"column":5}},"line":192},"2":{"name":"(anonymous_2)","decl":{"start":{"line":196,"column":16},"end":{"line":196,"column":17}},"loc":{"start":{"line":196,"column":59},"end":{"line":199,"column":5}},"line":196},"3":{"name":"(anonymous_3)","decl":{"start":{"line":200,"column":22},"end":{"line":200,"column":23}},"loc":{"start":{"line":200,"column":78},"end":{"line":203,"column":5}},"line":200},"4":{"name":"(anonymous_4)","decl":{"start":{"line":204,"column":24},"end":{"line":204,"column":25}},"loc":{"start":{"line":204,"column":84},"end":{"line":207,"column":5}},"line":204},"5":{"name":"(anonymous_5)","decl":{"start":{"line":208,"column":19},"end":{"line":208,"column":20}},"loc":{"start":{"line":208,"column":69},"end":{"line":211,"column":5}},"line":208},"6":{"name":"(anonymous_6)","decl":{"start":{"line":212,"column":26},"end":{"line":212,"column":27}},"loc":{"start":{"line":212,"column":90},"end":{"line":215,"column":5}},"line":212},"7":{"name":"(anonymous_7)","decl":{"start":{"line":216,"column":19},"end":{"line":216,"column":20}},"loc":{"start":{"line":216,"column":69},"end":{"line":219,"column":5}},"line":216},"8":{"name":"(anonymous_8)","decl":{"start":{"line":220,"column":16},"end":{"line":220,"column":17}},"loc":{"start":{"line":220,"column":63},"end":{"line":223,"column":5}},"line":220},"9":{"name":"(anonymous_9)","decl":{"start":{"line":224,"column":19},"end":{"line":224,"column":20}},"loc":{"start":{"line":224,"column":68},"end":{"line":227,"column":5}},"line":224},"10":{"name":"(anonymous_10)","decl":{"start":{"line":228,"column":20},"end":{"line":228,"column":21}},"loc":{"start":{"line":228,"column":73},"end":{"line":231,"column":5}},"line":228},"11":{"name":"(anonymous_11)","decl":{"start":{"line":232,"column":10},"end":{"line":232,"column":11}},"loc":{"start":{"line":232,"column":39},"end":{"line":235,"column":5}},"line":232},"12":{"name":"(anonymous_12)","decl":{"start":{"line":236,"column":21},"end":{"line":236,"column":22}},"loc":{"start":{"line":236,"column":74},"end":{"line":239,"column":5}},"line":236},"13":{"name":"(anonymous_13)","decl":{"start":{"line":240,"column":11},"end":{"line":240,"column":12}},"loc":{"start":{"line":240,"column":44},"end":{"line":243,"column":5}},"line":240},"14":{"name":"(anonymous_14)","decl":{"start":{"line":244,"column":29},"end":{"line":244,"column":30}},"loc":{"start":{"line":244,"column":99},"end":{"line":247,"column":5}},"line":244},"15":{"name":"(anonymous_15)","decl":{"start":{"line":252,"column":29},"end":{"line":252,"column":30}},"loc":{"start":{"line":252,"column":59},"end":{"line":256,"column":9}},"line":252},"16":{"name":"(anonymous_16)","decl":{"start":{"line":257,"column":29},"end":{"line":257,"column":30}},"loc":{"start":{"line":257,"column":59},"end":{"line":261,"column":9}},"line":257},"17":{"name":"(anonymous_17)","decl":{"start":{"line":262,"column":32},"end":{"line":262,"column":33}},"loc":{"start":{"line":262,"column":62},"end":{"line":266,"column":9}},"line":262},"18":{"name":"(anonymous_18)","decl":{"start":{"line":267,"column":38},"end":{"line":267,"column":39}},"loc":{"start":{"line":267,"column":68},"end":{"line":271,"column":9}},"line":267},"19":{"name":"(anonymous_19)","decl":{"start":{"line":272,"column":42},"end":{"line":272,"column":43}},"loc":{"start":{"line":272,"column":72},"end":{"line":276,"column":9}},"line":272},"20":{"name":"(anonymous_20)","decl":{"start":{"line":277,"column":35},"end":{"line":277,"column":36}},"loc":{"start":{"line":277,"column":65},"end":{"line":281,"column":9}},"line":277},"21":{"name":"(anonymous_21)","decl":{"start":{"line":282,"column":44},"end":{"line":282,"column":45}},"loc":{"start":{"line":282,"column":74},"end":{"line":286,"column":9}},"line":282},"22":{"name":"(anonymous_22)","decl":{"start":{"line":287,"column":35},"end":{"line":287,"column":36}},"loc":{"start":{"line":287,"column":65},"end":{"line":291,"column":9}},"line":287},"23":{"name":"(anonymous_23)","decl":{"start":{"line":292,"column":31},"end":{"line":292,"column":32}},"loc":{"start":{"line":292,"column":61},"end":{"line":296,"column":9}},"line":292},"24":{"name":"(anonymous_24)","decl":{"start":{"line":297,"column":36},"end":{"line":297,"column":37}},"loc":{"start":{"line":297,"column":66},"end":{"line":301,"column":9}},"line":297},"25":{"name":"(anonymous_25)","decl":{"start":{"line":302,"column":36},"end":{"line":302,"column":37}},"loc":{"start":{"line":302,"column":66},"end":{"line":306,"column":9}},"line":302},"26":{"name":"(anonymous_26)","decl":{"start":{"line":307,"column":25},"end":{"line":307,"column":26}},"loc":{"start":{"line":307,"column":55},"end":{"line":311,"column":9}},"line":307},"27":{"name":"(anonymous_27)","decl":{"start":{"line":312,"column":38},"end":{"line":312,"column":39}},"loc":{"start":{"line":312,"column":68},"end":{"line":316,"column":9}},"line":312},"28":{"name":"(anonymous_28)","decl":{"start":{"line":317,"column":26},"end":{"line":317,"column":27}},"loc":{"start":{"line":317,"column":56},"end":{"line":321,"column":9}},"line":317},"29":{"name":"(anonymous_29)","decl":{"start":{"line":322,"column":47},"end":{"line":322,"column":48}},"loc":{"start":{"line":322,"column":77},"end":{"line":327,"column":9}},"line":322}},"branchMap":{},"s":{"0":3,"1":3,"2":3,"3":3,"4":3,"5":3,"6":3,"7":3,"8":3,"9":3,"10":3,"11":3,"12":3,"13":3,"14":3,"15":3,"16":3,"17":3,"18":1,"19":1,"20":1,"21":1,"22":1,"23":1,"24":1,"25":1,"26":1,"27":1,"28":1,"29":1,"30":1,"31":1,"32":1},"f":{"0":3,"1":3,"2":3,"3":3,"4":3,"5":3,"6":3,"7":3,"8":3,"9":3,"10":3,"11":3,"12":3,"13":3,"14":3,"15":1,"16":1,"17":1,"18":1,"19":1,"20":1,"21":1,"22":1,"23":1,"24":1,"25":1,"26":1,"27":1,"28":1,"29":1},"b":{},"_coverageSchema":"1a1c01bbd47fc00a2c39e90264f33305004495a9","hash":"80156fd78d0427e972f16be09a6fdebca777c52b"}
,"/home/runner/work/ponomarenko-alex-otus/ponomarenko-alex-otus/react-2025-08/react-2025-08-hw13-les25-storage/src/store/selectors.ts": {"path":"/home/runner/work/ponomarenko-alex-otus/ponomarenko-alex-otus/react-2025-08/react-2025-08-hw13-les25-storage/src/store/selectors.ts","statementMap":{"0":{"start":{"line":4,"column":27},"end":{"line":20,"column":1}},"1":{"start":{"line":5,"column":36},"end":{"line":5,"column":54}},"2":{"start":{"line":6,"column":38},"end":{"line":6,"column":58}},"3":{"start":{"line":7,"column":36},"end":{"line":7,"column":54}},"4":{"start":{"line":8,"column":44},"end":{"line":8,"column":70}},"5":{"start":{"line":9,"column":46},"end":{"line":9,"column":74}},"6":{"start":{"line":10,"column":41},"end":{"line":10,"column":64}},"7":{"start":{"line":11,"column":48},"end":{"line":11,"column":78}},"8":{"start":{"line":12,"column":41},"end":{"line":12,"column":64}},"9":{"start":{"line":13,"column":38},"end":{"line":13,"column":58}},"10":{"start":{"line":14,"column":41},"end":{"line":14,"column":64}},"11":{"start":{"line":15,"column":42},"end":{"line":15,"column":66}},"12":{"start":{"line":16,"column":32},"end":{"line":16,"column":46}},"13":{"start":{"line":17,"column":43},"end":{"line":17,"column":68}},"14":{"start":{"line":18,"column":33},"end":{"line":18,"column":48}},"15":{"start":{"line":19,"column":51},"end":{"line":19,"column":84}},"16":{"start":{"line":22,"column":35},"end":{"line":25,"column":1}},"17":{"start":{"line":23,"column":24},"end":{"line":23,"column":87}},"18":{"start":{"line":23,"column":54},"end":{"line":23,"column":86}},"19":{"start":{"line":24,"column":4},"end":{"line":24,"column":55}}},"fnMap":{"0":{"name":"(anonymous_0)","decl":{"start":{"line":5,"column":14},"end":{"line":5,"column":15}},"loc":{"start":{"line":5,"column":36},"end":{"line":5,"column":54}},"line":5},"1":{"name":"(anonymous_1)","decl":{"start":{"line":6,"column":16},"end":{"line":6,"column":17}},"loc":{"start":{"line":6,"column":38},"end":{"line":6,"column":58}},"line":6},"2":{"name":"(anonymous_2)","decl":{"start":{"line":7,"column":14},"end":{"line":7,"column":15}},"loc":{"start":{"line":7,"column":36},"end":{"line":7,"column":54}},"line":7},"3":{"name":"(anonymous_3)","decl":{"start":{"line":8,"column":22},"end":{"line":8,"column":23}},"loc":{"start":{"line":8,"column":44},"end":{"line":8,"column":70}},"line":8},"4":{"name":"(anonymous_4)","decl":{"start":{"line":9,"column":24},"end":{"line":9,"column":25}},"loc":{"start":{"line":9,"column":46},"end":{"line":9,"column":74}},"line":9},"5":{"name":"(anonymous_5)","decl":{"start":{"line":10,"column":19},"end":{"line":10,"column":20}},"loc":{"start":{"line":10,"column":41},"end":{"line":10,"column":64}},"line":10},"6":{"name":"(anonymous_6)","decl":{"start":{"line":11,"column":26},"end":{"line":11,"column":27}},"loc":{"start":{"line":11,"column":48},"end":{"line":11,"column":78}},"line":11},"7":{"name":"(anonymous_7)","decl":{"start":{"line":12,"column":19},"end":{"line":12,"column":20}},"loc":{"start":{"line":12,"column":41},"end":{"line":12,"column":64}},"line":12},"8":{"name":"(anonymous_8)","decl":{"start":{"line":13,"column":16},"end":{"line":13,"column":17}},"loc":{"start":{"line":13,"column":38},"end":{"line":13,"column":58}},"line":13},"9":{"name":"(anonymous_9)","decl":{"start":{"line":14,"column":19},"end":{"line":14,"column":20}},"loc":{"start":{"line":14,"column":41},"end":{"line":14,"column":64}},"line":14},"10":{"name":"(anonymous_10)","decl":{"start":{"line":15,"column":20},"end":{"line":15,"column":21}},"loc":{"start":{"line":15,"column":42},"end":{"line":15,"column":66}},"line":15},"11":{"name":"(anonymous_11)","decl":{"start":{"line":16,"column":10},"end":{"line":16,"column":11}},"loc":{"start":{"line":16,"column":32},"end":{"line":16,"column":46}},"line":16},"12":{"name":"(anonymous_12)","decl":{"start":{"line":17,"column":21},"end":{"line":17,"column":22}},"loc":{"start":{"line":17,"column":43},"end":{"line":17,"column":68}},"line":17},"13":{"name":"(anonymous_13)","decl":{"start":{"line":18,"column":11},"end":{"line":18,"column":12}},"loc":{"start":{"line":18,"column":33},"end":{"line":18,"column":48}},"line":18},"14":{"name":"(anonymous_14)","decl":{"start":{"line":19,"column":29},"end":{"line":19,"column":30}},"loc":{"start":{"line":19,"column":51},"end":{"line":19,"column":84}},"line":19},"15":{"name":"(anonymous_15)","decl":{"start":{"line":22,"column":35},"end":{"line":22,"column":36}},"loc":{"start":{"line":22,"column":78},"end":{"line":25,"column":1}},"line":22},"16":{"name":"(anonymous_16)","decl":{"start":{"line":23,"column":40},"end":{"line":23,"column":41}},"loc":{"start":{"line":23,"column":54},"end":{"line":23,"column":86}},"line":23}},"branchMap":{"0":{"loc":{"start":{"line":24,"column":11},"end":{"line":24,"column":54}},"type":"cond-expr","locations":[{"start":{"line":24,"column":32},"end":{"line":24,"column":50}},{"start":{"line":24,"column":53},"end":{"line":24,"column":54}}],"line":24}},"s":{"0":0,"1":0,"2":0,"3":0,"4":0,"5":0,"6":0,"7":0,"8":0,"9":0,"10":0,"11":0,"12":0,"13":0,"14":0,"15":0,"16":0,"17":0,"18":0,"19":0},"f":{"0":0,"1":0,"2":0,"3":0,"4":0,"5":0,"6":0,"7":0,"8":0,"9":0,"10":0,"11":0,"12":0,"13":0,"14":0,"15":0,"16":0},"b":{"0":[0,0]}}
,"/home/runner/work/ponomarenko-alex-otus/ponomarenko-alex-otus/react-2025-08/react-2025-08-hw13-les25-storage/src/store/store.ts": {"path":"/home/runner/work/ponomarenko-alex-otus/ponomarenko-alex-otus/react-2025-08/react-2025-08-hw13-les25-storage/src/store/store.ts","statementMap":{"0":{"start":{"line":5,"column":20},"end":{"line":7,"column":2}},"1":{"start":{"line":10,"column":21},"end":{"line":10,"column":68}},"2":{"start":{"line":12,"column":24},"end":{"line":12,"column":35}},"3":{"start":{"line":12,"column":30},"end":{"line":12,"column":35}}},"fnMap":{"0":{"name":"(anonymous_0)","decl":{"start":{"line":12,"column":24},"end":{"line":12,"column":25}},"loc":{"start":{"line":12,"column":30},"end":{"line":12,"column":35}},"line":12}},"branchMap":{},"s":{"0":1,"1":1,"2":1,"3":0},"f":{"0":0},"b":{},"_coverageSchema":"1a1c01bbd47fc00a2c39e90264f33305004495a9","hash":"140d05402bd911b03137a3a1366b47be48e9fb9a"}
,"/home/runner/work/ponomarenko-alex-otus/ponomarenko-alex-otus/react-2025-08/react-2025-08-hw13-les25-storage/src/testFramework/castPartialTo.ts": {"path":"/home/runner/work/ponomarenko-alex-otus/ponomarenko-alex-otus/react-2025-08/react-2025-08-hw13-les25-storage/src/testFramework/castPartialTo.ts","statementMap":{"0":{"start":{"line":11,"column":4},"end":{"line":11,"column":33}}},"fnMap":{"0":{"name":"castPartialTo","decl":{"start":{"line":10,"column":16},"end":{"line":10,"column":29}},"loc":{"start":{"line":10,"column":59},"end":{"line":12,"column":1}},"line":10}},"branchMap":{},"s":{"0":21},"f":{"0":21},"b":{},"_coverageSchema":"1a1c01bbd47fc00a2c39e90264f33305004495a9","hash":"7cb92fe6c5ffdd4890e510f9836a67d5a0652d87"}
,"/home/runner/work/ponomarenko-alex-otus/ponomarenko-alex-otus/react-2025-08/react-2025-08-hw13-les25-storage/src/testFramework/reducer.ts": {"path":"/home/runner/work/ponomarenko-alex-otus/ponomarenko-alex-otus/react-2025-08/react-2025-08-hw13-les25-storage/src/testFramework/reducer.ts","statementMap":{"0":{"start":{"line":3,"column":28},"end":{"line":12,"column":1}},"1":{"start":{"line":4,"column":4},"end":{"line":6,"column":5}},"2":{"start":{"line":5,"column":8},"end":{"line":5,"column":41}},"3":{"start":{"line":7,"column":23},"end":{"line":7,"column":42}},"4":{"start":{"line":8,"column":29},"end":{"line":8,"column":64}},"5":{"start":{"line":9,"column":23},"end":{"line":9,"column":36}},"6":{"start":{"line":10,"column":24},"end":{"line":10,"column":67}},"7":{"start":{"line":11,"column":4},"end":{"line":11,"column":41}},"8":{"start":{"line":14,"column":22},"end":{"line":22,"column":1}},"9":{"start":{"line":15,"column":14},"end":{"line":15,"column":19}},"10":{"start":{"line":16,"column":4},"end":{"line":20,"column":5}},"11":{"start":{"line":17,"column":27},"end":{"line":17,"column":43}},"12":{"start":{"line":18,"column":33},"end":{"line":18,"column":68}},"13":{"start":{"line":19,"column":8},"end":{"line":19,"column":65}},"14":{"start":{"line":21,"column":4},"end":{"line":21,"column":15}},"15":{"start":{"line":24,"column":19},"end":{"line":24,"column":43}},"16":{"start":{"line":24,"column":25},"end":{"line":24,"column":43}},"17":{"start":{"line":25,"column":19},"end":{"line":25,"column":52}},"18":{"start":{"line":25,"column":25},"end":{"line":25,"column":52}},"19":{"start":{"line":26,"column":20},"end":{"line":26,"column":50}},"20":{"start":{"line":26,"column":26},"end":{"line":26,"column":50}},"21":{"start":{"line":27,"column":20},"end":{"line":27,"column":76}},"22":{"start":{"line":27,"column":41},"end":{"line":27,"column":76}},"23":{"start":{"line":28,"column":23},"end":{"line":28,"column":98}},"24":{"start":{"line":28,"column":61},"end":{"line":28,"column":98}},"25":{"start":{"line":30,"column":24},"end":{"line":30,"column":26}},"26":{"start":{"line":31,"column":4},"end":{"line":33,"column":5}},"27":{"start":{"line":31,"column":17},"end":{"line":31,"column":18}},"28":{"start":{"line":32,"column":8},"end":{"line":32,"column":37}},"29":{"start":{"line":34,"column":4},"end":{"line":34,"column":18}}},"fnMap":{"0":{"name":"(anonymous_0)","decl":{"start":{"line":3,"column":28},"end":{"line":3,"column":29}},"loc":{"start":{"line":3,"column":86},"end":{"line":12,"column":1}},"line":3},"1":{"name":"(anonymous_1)","decl":{"start":{"line":14,"column":22},"end":{"line":14,"column":23}},"loc":{"start":{"line":14,"column":107},"end":{"line":22,"column":1}},"line":14},"2":{"name":"(anonymous_2)","decl":{"start":{"line":24,"column":19},"end":{"line":24,"column":20}},"loc":{"start":{"line":24,"column":25},"end":{"line":24,"column":43}},"line":24},"3":{"name":"(anonymous_3)","decl":{"start":{"line":25,"column":19},"end":{"line":25,"column":20}},"loc":{"start":{"line":25,"column":25},"end":{"line":25,"column":52}},"line":25},"4":{"name":"(anonymous_4)","decl":{"start":{"line":26,"column":20},"end":{"line":26,"column":21}},"loc":{"start":{"line":26,"column":26},"end":{"line":26,"column":50}},"line":26},"5":{"name":"(anonymous_5)","decl":{"start":{"line":27,"column":20},"end":{"line":27,"column":21}},"loc":{"start":{"line":27,"column":41},"end":{"line":27,"column":76}},"line":27},"6":{"name":"(anonymous_6)","decl":{"start":{"line":28,"column":23},"end":{"line":28,"column":24}},"loc":{"start":{"line":28,"column":61},"end":{"line":28,"column":98}},"line":28},"7":{"name":"rndAr","decl":{"start":{"line":29,"column":16},"end":{"line":29,"column":21}},"loc":{"start":{"line":29,"column":76},"end":{"line":35,"column":1}},"line":29}},"branchMap":{"0":{"loc":{"start":{"line":4,"column":4},"end":{"line":6,"column":5}},"type":"if","locations":[{"start":{"line":4,"column":4},"end":{"line":6,"column":5}},{"start":{},"end":{}}],"line":4},"1":{"loc":{"start":{"line":16,"column":4},"end":{"line":20,"column":5}},"type":"if","locations":[{"start":{"line":16,"column":4},"end":{"line":20,"column":5}},{"start":{},"end":{}}],"line":16},"2":{"loc":{"start":{"line":16,"column":8},"end":{"line":16,"column":62}},"type":"binary-expr","locations":[{"start":{"line":16,"column":8},"end":{"line":16,"column":33}},{"start":{"line":16,"column":37},"end":{"line":16,"column":62}}],"line":16}},"s":{"0":3,"1":19,"2":18,"3":1,"4":1,"5":1,"6":1,"7":1,"8":3,"9":17,"10":17,"11":1,"12":1,"13":1,"14":17,"15":3,"16":3,"17":3,"18":29,"19":3,"20":2,"21":3,"22":0,"23":3,"24":4,"25":4,"26":4,"27":4,"28":17,"29":4},"f":{"0":19,"1":17,"2":3,"3":29,"4":2,"5":0,"6":4,"7":4},"b":{"0":[18,1],"1":[1,16],"2":[17,6]},"_coverageSchema":"1a1c01bbd47fc00a2c39e90264f33305004495a9","hash":"dfe403cf37d71e2959a1d54a985cb974d559aaf7"}
,"/home/runner/work/ponomarenko-alex-otus/ponomarenko-alex-otus/react-2025-08/react-2025-08-hw13-les25-storage/src/utils/findNodeWithDataAttr.ts": {"path":"/home/runner/work/ponomarenko-alex-otus/ponomarenko-alex-otus/react-2025-08/react-2025-08-hw13-les25-storage/src/utils/findNodeWithDataAttr.ts","statementMap":{"0":{"start":{"line":1,"column":36},"end":{"line":15,"column":1}},"1":{"start":{"line":2,"column":30},"end":{"line":2,"column":34}},"2":{"start":{"line":3,"column":16},"end":{"line":3,"column":17}},"3":{"start":{"line":4,"column":4},"end":{"line":7,"column":5}},"4":{"start":{"line":5,"column":8},"end":{"line":5,"column":53}},"5":{"start":{"line":6,"column":8},"end":{"line":6,"column":16}},"6":{"start":{"line":9,"column":4},"end":{"line":12,"column":5}},"7":{"start":{"line":10,"column":8},"end":{"line":10,"column":66}},"8":{"start":{"line":11,"column":8},"end":{"line":11,"column":20}},"9":{"start":{"line":14,"column":4},"end":{"line":14,"column":18}}},"fnMap":{"0":{"name":"(anonymous_0)","decl":{"start":{"line":1,"column":36},"end":{"line":1,"column":37}},"loc":{"start":{"line":1,"column":107},"end":{"line":15,"column":1}},"line":1}},"branchMap":{"0":{"loc":{"start":{"line":1,"column":70},"end":{"line":1,"column":82}},"type":"default-arg","locations":[{"start":{"line":1,"column":81},"end":{"line":1,"column":82}}],"line":1},"1":{"loc":{"start":{"line":4,"column":11},"end":{"line":4,"column":93}},"type":"binary-expr","locations":[{"start":{"line":4,"column":11},"end":{"line":4,"column":26}},{"start":{"line":4,"column":30},"end":{"line":4,"column":73}},{"start":{"line":4,"column":77},"end":{"line":4,"column":93}}],"line":4},"2":{"loc":{"start":{"line":9,"column":4},"end":{"line":12,"column":5}},"type":"if","locations":[{"start":{"line":9,"column":4},"end":{"line":12,"column":5}},{"start":{},"end":{}}],"line":9},"3":{"loc":{"start":{"line":9,"column":8},"end":{"line":9,"column":70}},"type":"binary-expr","locations":[{"start":{"line":9,"column":8},"end":{"line":9,"column":23}},{"start":{"line":9,"column":27},"end":{"line":9,"column":70}}],"line":9}},"s":{"0":0,"1":0,"2":0,"3":0,"4":0,"5":0,"6":0,"7":0,"8":0,"9":0},"f":{"0":0},"b":{"0":[0],"1":[0,0,0],"2":[0,0],"3":[0,0]}}
}
