{"/home/runner/work/ponomarenko-alex-otus/ponomarenko-alex-otus/react-2025-08/react-2025-08-hw14-les25-api/src/app/App.tsx": {"path":"/home/runner/work/ponomarenko-alex-otus/ponomarenko-alex-otus/react-2025-08/react-2025-08-hw14-les25-api/src/app/App.tsx","statementMap":{"0":{"start":{"line":22,"column":39},"end":{"line":86,"column":1}},"1":{"start":{"line":23,"column":21},"end":{"line":23,"column":54}},"2":{"start":{"line":24,"column":25},"end":{"line":24,"column":43}},"3":{"start":{"line":25,"column":31},"end":{"line":25,"column":74}},"4":{"start":{"line":26,"column":26},"end":{"line":26,"column":64}},"5":{"start":{"line":27,"column":34},"end":{"line":27,"column":80}},"6":{"start":{"line":29,"column":4},"end":{"line":31,"column":11}},"7":{"start":{"line":30,"column":8},"end":{"line":30,"column":26}},"8":{"start":{"line":33,"column":4},"end":{"line":85,"column":6}},"9":{"start":{"line":36,"column":65},"end":{"line":36,"column":69}}},"fnMap":{"0":{"name":"(anonymous_0)","decl":{"start":{"line":22,"column":39},"end":{"line":22,"column":40}},"loc":{"start":{"line":22,"column":53},"end":{"line":86,"column":1}},"line":22},"1":{"name":"(anonymous_1)","decl":{"start":{"line":29,"column":20},"end":{"line":29,"column":21}},"loc":{"start":{"line":29,"column":26},"end":{"line":31,"column":5}},"line":29},"2":{"name":"(anonymous_2)","decl":{"start":{"line":36,"column":59},"end":{"line":36,"column":60}},"loc":{"start":{"line":36,"column":65},"end":{"line":36,"column":69}},"line":36}},"branchMap":{},"s":{"0":0,"1":0,"2":0,"3":0,"4":0,"5":0,"6":0,"7":0,"8":0,"9":0},"f":{"0":0,"1":0,"2":0},"b":{}}
,"/home/runner/work/ponomarenko-alex-otus/ponomarenko-alex-otus/react-2025-08/react-2025-08-hw14-les25-api/src/app/AppController.ts": {"path":"/home/runner/work/ponomarenko-alex-otus/ponomarenko-alex-otus/react-2025-08/react-2025-08-hw14-les25-api/src/app/AppController.ts","statementMap":{"0":{"start":{"line":25,"column":20},"end":{"line":25,"column":32}},"1":{"start":{"line":26,"column":17},"end":{"line":26,"column":27}},"2":{"start":{"line":29,"column":38},"end":{"line":29,"column":42}},"3":{"start":{"line":30,"column":38},"end":{"line":30,"column":42}},"4":{"start":{"line":31,"column":31},"end":{"line":31,"column":35}},"5":{"start":{"line":32,"column":39},"end":{"line":32,"column":43}},"6":{"start":{"line":33,"column":37},"end":{"line":33,"column":41}},"7":{"start":{"line":34,"column":37},"end":{"line":34,"column":41}},"8":{"start":{"line":37,"column":8},"end":{"line":37,"column":47}},"9":{"start":{"line":38,"column":8},"end":{"line":38,"column":44}},"10":{"start":{"line":42,"column":8},"end":{"line":42,"column":28}},"11":{"start":{"line":46,"column":8},"end":{"line":46,"column":27}},"12":{"start":{"line":49,"column":17},"end":{"line":78,"column":5}},"13":{"start":{"line":50,"column":25},"end":{"line":50,"column":58}},"14":{"start":{"line":51,"column":8},"end":{"line":51,"column":82}},"15":{"start":{"line":53,"column":28},"end":{"line":53,"column":58}},"16":{"start":{"line":54,"column":8},"end":{"line":54,"column":86}},"17":{"start":{"line":56,"column":23},"end":{"line":56,"column":34}},"18":{"start":{"line":57,"column":8},"end":{"line":57,"column":43}},"19":{"start":{"line":58,"column":22},"end":{"line":58,"column":45}},"20":{"start":{"line":59,"column":8},"end":{"line":59,"column":105}},"21":{"start":{"line":61,"column":22},"end":{"line":61,"column":45}},"22":{"start":{"line":62,"column":8},"end":{"line":62,"column":33}},"23":{"start":{"line":64,"column":8},"end":{"line":64,"column":51}},"24":{"start":{"line":65,"column":8},"end":{"line":65,"column":41}},"25":{"start":{"line":67,"column":8},"end":{"line":67,"column":49}},"26":{"start":{"line":68,"column":8},"end":{"line":68,"column":40}},"27":{"start":{"line":70,"column":8},"end":{"line":70,"column":49}},"28":{"start":{"line":71,"column":8},"end":{"line":71,"column":40}},"29":{"start":{"line":73,"column":8},"end":{"line":73,"column":32}},"30":{"start":{"line":75,"column":8},"end":{"line":75,"column":30}},"31":{"start":{"line":76,"column":33},"end":{"line":76,"column":55}},"32":{"start":{"line":77,"column":8},"end":{"line":77,"column":37}},"33":{"start":{"line":80,"column":23},"end":{"line":84,"column":5}},"34":{"start":{"line":81,"column":8},"end":{"line":83,"column":11}},"35":{"start":{"line":82,"column":12},"end":{"line":82,"column":48}},"36":{"start":{"line":86,"column":21},"end":{"line":89,"column":5}},"37":{"start":{"line":87,"column":8},"end":{"line":87,"column":33}},"38":{"start":{"line":88,"column":8},"end":{"line":88,"column":33}},"39":{"start":{"line":90,"column":20},"end":{"line":94,"column":5}},"40":{"start":{"line":91,"column":30},"end":{"line":91,"column":87}},"41":{"start":{"line":92,"column":8},"end":{"line":92,"column":46}},"42":{"start":{"line":93,"column":8},"end":{"line":93,"column":57}},"43":{"start":{"line":96,"column":23},"end":{"line":100,"column":5}},"44":{"start":{"line":97,"column":28},"end":{"line":97,"column":88}},"45":{"start":{"line":98,"column":8},"end":{"line":98,"column":42}},"46":{"start":{"line":99,"column":8},"end":{"line":99,"column":52}},"47":{"start":{"line":102,"column":19},"end":{"line":106,"column":5}},"48":{"start":{"line":103,"column":8},"end":{"line":103,"column":45}},"49":{"start":{"line":104,"column":8},"end":{"line":104,"column":41}},"50":{"start":{"line":105,"column":8},"end":{"line":105,"column":40}},"51":{"start":{"line":108,"column":31},"end":{"line":112,"column":5}},"52":{"start":{"line":109,"column":8},"end":{"line":109,"column":48}},"53":{"start":{"line":110,"column":8},"end":{"line":110,"column":41}},"54":{"start":{"line":111,"column":8},"end":{"line":111,"column":40}},"55":{"start":{"line":114,"column":20},"end":{"line":125,"column":5}},"56":{"start":{"line":115,"column":8},"end":{"line":115,"column":34}},"57":{"start":{"line":116,"column":8},"end":{"line":116,"column":34}},"58":{"start":{"line":117,"column":8},"end":{"line":117,"column":44}},"59":{"start":{"line":118,"column":8},"end":{"line":118,"column":30}},"60":{"start":{"line":119,"column":8},"end":{"line":119,"column":39}},"61":{"start":{"line":120,"column":8},"end":{"line":120,"column":38}},"62":{"start":{"line":121,"column":8},"end":{"line":121,"column":38}},"63":{"start":{"line":123,"column":8},"end":{"line":123,"column":30}},"64":{"start":{"line":124,"column":8},"end":{"line":124,"column":32}},"65":{"start":{"line":127,"column":24},"end":{"line":140,"column":5}},"66":{"start":{"line":128,"column":8},"end":{"line":128,"column":44}},"67":{"start":{"line":129,"column":8},"end":{"line":129,"column":43}},"68":{"start":{"line":130,"column":8},"end":{"line":130,"column":46}},"69":{"start":{"line":131,"column":8},"end":{"line":131,"column":37}},"70":{"start":{"line":132,"column":8},"end":{"line":132,"column":33}},"71":{"start":{"line":134,"column":8},"end":{"line":134,"column":48}},"72":{"start":{"line":135,"column":8},"end":{"line":135,"column":47}},"73":{"start":{"line":136,"column":8},"end":{"line":136,"column":47}},"74":{"start":{"line":138,"column":8},"end":{"line":138,"column":30}},"75":{"start":{"line":139,"column":8},"end":{"line":139,"column":32}},"76":{"start":{"line":142,"column":25},"end":{"line":147,"column":5}},"77":{"start":{"line":143,"column":8},"end":{"line":146,"column":9}},"78":{"start":{"line":144,"column":30},"end":{"line":144,"column":46}},"79":{"start":{"line":145,"column":12},"end":{"line":145,"column":59}},"80":{"start":{"line":148,"column":20},"end":{"line":158,"column":5}},"81":{"start":{"line":149,"column":20},"end":{"line":149,"column":93}},"82":{"start":{"line":150,"column":8},"end":{"line":157,"column":44}},"83":{"start":{"line":155,"column":16},"end":{"line":155,"column":61}},"84":{"start":{"line":160,"column":20},"end":{"line":163,"column":5}},"85":{"start":{"line":161,"column":8},"end":{"line":161,"column":41}},"86":{"start":{"line":162,"column":8},"end":{"line":162,"column":40}},"87":{"start":{"line":164,"column":23},"end":{"line":167,"column":5}},"88":{"start":{"line":165,"column":8},"end":{"line":165,"column":40}},"89":{"start":{"line":166,"column":8},"end":{"line":166,"column":40}},"90":{"start":{"line":169,"column":24},"end":{"line":172,"column":5}},"91":{"start":{"line":170,"column":8},"end":{"line":170,"column":46}},"92":{"start":{"line":171,"column":8},"end":{"line":171,"column":49}},"93":{"start":{"line":174,"column":25},"end":{"line":181,"column":5}},"94":{"start":{"line":175,"column":19},"end":{"line":175,"column":75}},"95":{"start":{"line":176,"column":8},"end":{"line":178,"column":9}},"96":{"start":{"line":177,"column":12},"end":{"line":177,"column":19}},"97":{"start":{"line":179,"column":19},"end":{"line":179,"column":35}},"98":{"start":{"line":180,"column":8},"end":{"line":180,"column":33}},"99":{"start":{"line":183,"column":22},"end":{"line":188,"column":5}},"100":{"start":{"line":184,"column":25},"end":{"line":184,"column":54}},"101":{"start":{"line":185,"column":30},"end":{"line":185,"column":85}},"102":{"start":{"line":185,"column":57},"end":{"line":185,"column":84}},"103":{"start":{"line":186,"column":8},"end":{"line":186,"column":49}},"104":{"start":{"line":187,"column":8},"end":{"line":187,"column":47}},"105":{"start":{"line":190,"column":30},"end":{"line":192,"column":5}},"106":{"start":{"line":191,"column":8},"end":{"line":191,"column":48}},"107":{"start":{"line":194,"column":31},"end":{"line":196,"column":5}},"108":{"start":{"line":195,"column":8},"end":{"line":195,"column":48}},"109":{"start":{"line":198,"column":26},"end":{"line":207,"column":5}},"110":{"start":{"line":200,"column":12},"end":{"line":202,"column":44}},"111":{"start":{"line":203,"column":8},"end":{"line":206,"column":11}},"112":{"start":{"line":204,"column":12},"end":{"line":204,"column":34}},"113":{"start":{"line":205,"column":12},"end":{"line":205,"column":52}},"114":{"start":{"line":209,"column":22},"end":{"line":220,"column":5}},"115":{"start":{"line":210,"column":19},"end":{"line":210,"column":75}},"116":{"start":{"line":211,"column":8},"end":{"line":213,"column":9}},"117":{"start":{"line":212,"column":12},"end":{"line":212,"column":19}},"118":{"start":{"line":214,"column":19},"end":{"line":214,"column":35}},"119":{"start":{"line":215,"column":8},"end":{"line":215,"column":38}},"120":{"start":{"line":217,"column":27},"end":{"line":217,"column":58}},"121":{"start":{"line":218,"column":28},"end":{"line":218,"column":77}},"122":{"start":{"line":218,"column":58},"end":{"line":218,"column":76}},"123":{"start":{"line":219,"column":8},"end":{"line":219,"column":48}},"124":{"start":{"line":222,"column":27},"end":{"line":232,"column":5}},"125":{"start":{"line":223,"column":8},"end":{"line":231,"column":9}},"126":{"start":{"line":224,"column":12},"end":{"line":226,"column":15}},"127":{"start":{"line":225,"column":16},"end":{"line":225,"column":40}},"128":{"start":{"line":228,"column":12},"end":{"line":230,"column":15}},"129":{"start":{"line":229,"column":16},"end":{"line":229,"column":40}},"130":{"start":{"line":234,"column":25},"end":{"line":237,"column":5}},"131":{"start":{"line":235,"column":8},"end":{"line":235,"column":49}},"132":{"start":{"line":236,"column":8},"end":{"line":236,"column":78}},"133":{"start":{"line":239,"column":24},"end":{"line":242,"column":5}},"134":{"start":{"line":240,"column":8},"end":{"line":240,"column":76}},"135":{"start":{"line":241,"column":8},"end":{"line":241,"column":47}},"136":{"start":{"line":244,"column":26},"end":{"line":264,"column":5}},"137":{"start":{"line":245,"column":28},"end":{"line":245,"column":86}},"138":{"start":{"line":245,"column":53},"end":{"line":245,"column":85}},"139":{"start":{"line":246,"column":27},"end":{"line":246,"column":32}},"140":{"start":{"line":247,"column":8},"end":{"line":261,"column":9}},"141":{"start":{"line":248,"column":42},"end":{"line":248,"column":65}},"142":{"start":{"line":249,"column":12},"end":{"line":249,"column":58}},"143":{"start":{"line":251,"column":12},"end":{"line":260,"column":15}},"144":{"start":{"line":252,"column":31},"end":{"line":252,"column":32}},"145":{"start":{"line":253,"column":16},"end":{"line":257,"column":17}},"146":{"start":{"line":254,"column":20},"end":{"line":254,"column":50}},"147":{"start":{"line":255,"column":23},"end":{"line":257,"column":17}},"148":{"start":{"line":256,"column":20},"end":{"line":256,"column":50}},"149":{"start":{"line":259,"column":16},"end":{"line":259,"column":102}},"150":{"start":{"line":262,"column":8},"end":{"line":262,"column":77}},"151":{"start":{"line":262,"column":57},"end":{"line":262,"column":75}},"152":{"start":{"line":263,"column":8},"end":{"line":263,"column":28}},"153":{"start":{"line":266,"column":20},"end":{"line":277,"column":5}},"154":{"start":{"line":267,"column":25},"end":{"line":267,"column":54}},"155":{"start":{"line":268,"column":27},"end":{"line":275,"column":13}},"156":{"start":{"line":269,"column":31},"end":{"line":269,"column":92}},"157":{"start":{"line":269,"column":58},"end":{"line":269,"column":91}},"158":{"start":{"line":270,"column":12},"end":{"line":274,"column":13}},"159":{"start":{"line":271,"column":16},"end":{"line":271,"column":63}},"160":{"start":{"line":273,"column":16},"end":{"line":273,"column":27}},"161":{"start":{"line":276,"column":8},"end":{"line":276,"column":26}},"162":{"start":{"line":279,"column":20},"end":{"line":284,"column":5}},"163":{"start":{"line":280,"column":27},"end":{"line":282,"column":13}},"164":{"start":{"line":281,"column":12},"end":{"line":281,"column":40}},"165":{"start":{"line":283,"column":8},"end":{"line":283,"column":26}},"166":{"start":{"line":286,"column":23},"end":{"line":300,"column":5}},"167":{"start":{"line":287,"column":19},"end":{"line":287,"column":82}},"168":{"start":{"line":288,"column":8},"end":{"line":290,"column":9}},"169":{"start":{"line":289,"column":12},"end":{"line":289,"column":19}},"170":{"start":{"line":291,"column":19},"end":{"line":291,"column":42}},"171":{"start":{"line":292,"column":21},"end":{"line":292,"column":46}},"172":{"start":{"line":293,"column":29},"end":{"line":293,"column":80}},"173":{"start":{"line":294,"column":27},"end":{"line":294,"column":59}},"174":{"start":{"line":295,"column":27},"end":{"line":295,"column":59}},"175":{"start":{"line":297,"column":24},"end":{"line":297,"column":80}},"176":{"start":{"line":298,"column":8},"end":{"line":298,"column":34}},"177":{"start":{"line":299,"column":8},"end":{"line":299,"column":38}},"178":{"start":{"line":302,"column":18},"end":{"line":304,"column":5}},"179":{"start":{"line":303,"column":8},"end":{"line":303,"column":55}},"180":{"start":{"line":306,"column":19},"end":{"line":308,"column":5}},"181":{"start":{"line":307,"column":8},"end":{"line":307,"column":56}},"182":{"start":{"line":310,"column":25},"end":{"line":325,"column":5}},"183":{"start":{"line":311,"column":19},"end":{"line":311,"column":82}},"184":{"start":{"line":312,"column":8},"end":{"line":314,"column":9}},"185":{"start":{"line":313,"column":12},"end":{"line":313,"column":19}},"186":{"start":{"line":315,"column":19},"end":{"line":315,"column":42}},"187":{"start":{"line":317,"column":21},"end":{"line":317,"column":46}},"188":{"start":{"line":318,"column":29},"end":{"line":318,"column":88}},"189":{"start":{"line":319,"column":27},"end":{"line":319,"column":59}},"190":{"start":{"line":320,"column":27},"end":{"line":320,"column":59}},"191":{"start":{"line":322,"column":24},"end":{"line":322,"column":80}},"192":{"start":{"line":323,"column":8},"end":{"line":323,"column":34}},"193":{"start":{"line":324,"column":8},"end":{"line":324,"column":38}},"194":{"start":{"line":327,"column":28},"end":{"line":330,"column":5}},"195":{"start":{"line":328,"column":8},"end":{"line":328,"column":50}},"196":{"start":{"line":329,"column":8},"end":{"line":329,"column":40}},"197":{"start":{"line":332,"column":33},"end":{"line":335,"column":5}},"198":{"start":{"line":333,"column":8},"end":{"line":333,"column":51}},"199":{"start":{"line":334,"column":8},"end":{"line":334,"column":40}},"200":{"start":{"line":337,"column":29},"end":{"line":350,"column":5}},"201":{"start":{"line":338,"column":8},"end":{"line":349,"column":15}},"202":{"start":{"line":341,"column":16},"end":{"line":341,"column":47}},"203":{"start":{"line":342,"column":16},"end":{"line":342,"column":59}},"204":{"start":{"line":345,"column":16},"end":{"line":348,"column":17}},"205":{"start":{"line":346,"column":38},"end":{"line":346,"column":55}},"206":{"start":{"line":347,"column":20},"end":{"line":347,"column":67}},"207":{"start":{"line":352,"column":24},"end":{"line":356,"column":5}},"208":{"start":{"line":353,"column":8},"end":{"line":353,"column":39}},"209":{"start":{"line":354,"column":8},"end":{"line":354,"column":31}},"210":{"start":{"line":355,"column":8},"end":{"line":355,"column":42}},"211":{"start":{"line":358,"column":32},"end":{"line":358,"column":37}},"212":{"start":{"line":359,"column":28},"end":{"line":359,"column":29}},"213":{"start":{"line":360,"column":47},"end":{"line":360,"column":51}},"214":{"start":{"line":361,"column":23},"end":{"line":377,"column":5}},"215":{"start":{"line":362,"column":8},"end":{"line":376,"column":11}},"216":{"start":{"line":363,"column":32},"end":{"line":363,"column":61}},"217":{"start":{"line":364,"column":35},"end":{"line":371,"column":15}},"218":{"start":{"line":364,"column":77},"end":{"line":371,"column":13}},"219":{"start":{"line":372,"column":32},"end":{"line":372,"column":67}},"220":{"start":{"line":373,"column":12},"end":{"line":373,"column":56}},"221":{"start":{"line":374,"column":12},"end":{"line":374,"column":46}},"222":{"start":{"line":375,"column":12},"end":{"line":375,"column":33}},"223":{"start":{"line":379,"column":18},"end":{"line":381,"column":5}},"224":{"start":{"line":380,"column":8},"end":{"line":380,"column":109}},"225":{"start":{"line":383,"column":33},"end":{"line":391,"column":5}},"226":{"start":{"line":384,"column":23},"end":{"line":384,"column":35}},"227":{"start":{"line":385,"column":8},"end":{"line":390,"column":9}},"228":{"start":{"line":386,"column":12},"end":{"line":389,"column":13}},"229":{"start":{"line":387,"column":16},"end":{"line":387,"column":46}},"230":{"start":{"line":388,"column":16},"end":{"line":388,"column":88}},"231":{"start":{"line":388,"column":55},"end":{"line":388,"column":85}}},"fnMap":{"0":{"name":"(anonymous_0)","decl":{"start":{"line":36,"column":4},"end":{"line":36,"column":5}},"loc":{"start":{"line":36,"column":18},"end":{"line":39,"column":5}},"line":36},"1":{"name":"(anonymous_1)","decl":{"start":{"line":41,"column":4},"end":{"line":41,"column":5}},"loc":{"start":{"line":41,"column":26},"end":{"line":43,"column":5}},"line":41},"2":{"name":"(anonymous_2)","decl":{"start":{"line":45,"column":4},"end":{"line":45,"column":5}},"loc":{"start":{"line":45,"column":42},"end":{"line":47,"column":5}},"line":45},"3":{"name":"(anonymous_3)","decl":{"start":{"line":49,"column":17},"end":{"line":49,"column":18}},"loc":{"start":{"line":49,"column":23},"end":{"line":78,"column":5}},"line":49},"4":{"name":"(anonymous_4)","decl":{"start":{"line":80,"column":23},"end":{"line":80,"column":24}},"loc":{"start":{"line":80,"column":29},"end":{"line":84,"column":5}},"line":80},"5":{"name":"(anonymous_5)","decl":{"start":{"line":81,"column":47},"end":{"line":81,"column":48}},"loc":{"start":{"line":81,"column":80},"end":{"line":83,"column":9}},"line":81},"6":{"name":"(anonymous_6)","decl":{"start":{"line":86,"column":21},"end":{"line":86,"column":22}},"loc":{"start":{"line":86,"column":27},"end":{"line":89,"column":5}},"line":86},"7":{"name":"(anonymous_7)","decl":{"start":{"line":90,"column":20},"end":{"line":90,"column":21}},"loc":{"start":{"line":90,"column":67},"end":{"line":94,"column":5}},"line":90},"8":{"name":"(anonymous_8)","decl":{"start":{"line":96,"column":23},"end":{"line":96,"column":24}},"loc":{"start":{"line":96,"column":70},"end":{"line":100,"column":5}},"line":96},"9":{"name":"(anonymous_9)","decl":{"start":{"line":102,"column":19},"end":{"line":102,"column":20}},"loc":{"start":{"line":102,"column":25},"end":{"line":106,"column":5}},"line":102},"10":{"name":"(anonymous_10)","decl":{"start":{"line":108,"column":31},"end":{"line":108,"column":32}},"loc":{"start":{"line":108,"column":37},"end":{"line":112,"column":5}},"line":108},"11":{"name":"(anonymous_11)","decl":{"start":{"line":114,"column":20},"end":{"line":114,"column":21}},"loc":{"start":{"line":114,"column":26},"end":{"line":125,"column":5}},"line":114},"12":{"name":"(anonymous_12)","decl":{"start":{"line":127,"column":24},"end":{"line":127,"column":25}},"loc":{"start":{"line":127,"column":63},"end":{"line":140,"column":5}},"line":127},"13":{"name":"(anonymous_13)","decl":{"start":{"line":142,"column":25},"end":{"line":142,"column":26}},"loc":{"start":{"line":142,"column":53},"end":{"line":147,"column":5}},"line":142},"14":{"name":"(anonymous_14)","decl":{"start":{"line":148,"column":20},"end":{"line":148,"column":21}},"loc":{"start":{"line":148,"column":49},"end":{"line":158,"column":5}},"line":148},"15":{"name":"(anonymous_15)","decl":{"start":{"line":154,"column":18},"end":{"line":154,"column":19}},"loc":{"start":{"line":154,"column":42},"end":{"line":156,"column":13}},"line":154},"16":{"name":"(anonymous_16)","decl":{"start":{"line":160,"column":20},"end":{"line":160,"column":21}},"loc":{"start":{"line":160,"column":26},"end":{"line":163,"column":5}},"line":160},"17":{"name":"(anonymous_17)","decl":{"start":{"line":164,"column":23},"end":{"line":164,"column":24}},"loc":{"start":{"line":164,"column":29},"end":{"line":167,"column":5}},"line":164},"18":{"name":"(anonymous_18)","decl":{"start":{"line":169,"column":24},"end":{"line":169,"column":25}},"loc":{"start":{"line":169,"column":30},"end":{"line":172,"column":5}},"line":169},"19":{"name":"(anonymous_19)","decl":{"start":{"line":174,"column":25},"end":{"line":174,"column":26}},"loc":{"start":{"line":174,"column":68},"end":{"line":181,"column":5}},"line":174},"20":{"name":"(anonymous_20)","decl":{"start":{"line":183,"column":22},"end":{"line":183,"column":23}},"loc":{"start":{"line":183,"column":38},"end":{"line":188,"column":5}},"line":183},"21":{"name":"(anonymous_21)","decl":{"start":{"line":185,"column":44},"end":{"line":185,"column":45}},"loc":{"start":{"line":185,"column":57},"end":{"line":185,"column":84}},"line":185},"22":{"name":"(anonymous_22)","decl":{"start":{"line":190,"column":30},"end":{"line":190,"column":31}},"loc":{"start":{"line":190,"column":36},"end":{"line":192,"column":5}},"line":190},"23":{"name":"(anonymous_23)","decl":{"start":{"line":194,"column":31},"end":{"line":194,"column":32}},"loc":{"start":{"line":194,"column":37},"end":{"line":196,"column":5}},"line":194},"24":{"name":"(anonymous_24)","decl":{"start":{"line":198,"column":26},"end":{"line":198,"column":27}},"loc":{"start":{"line":198,"column":54},"end":{"line":207,"column":5}},"line":198},"25":{"name":"(anonymous_25)","decl":{"start":{"line":203,"column":32},"end":{"line":203,"column":33}},"loc":{"start":{"line":203,"column":38},"end":{"line":206,"column":9}},"line":203},"26":{"name":"(anonymous_26)","decl":{"start":{"line":209,"column":22},"end":{"line":209,"column":23}},"loc":{"start":{"line":209,"column":64},"end":{"line":220,"column":5}},"line":209},"27":{"name":"(anonymous_27)","decl":{"start":{"line":218,"column":44},"end":{"line":218,"column":45}},"loc":{"start":{"line":218,"column":58},"end":{"line":218,"column":76}},"line":218},"28":{"name":"(anonymous_28)","decl":{"start":{"line":222,"column":27},"end":{"line":222,"column":28}},"loc":{"start":{"line":222,"column":57},"end":{"line":232,"column":5}},"line":222},"29":{"name":"(anonymous_29)","decl":{"start":{"line":224,"column":65},"end":{"line":224,"column":66}},"loc":{"start":{"line":224,"column":71},"end":{"line":226,"column":13}},"line":224},"30":{"name":"(anonymous_30)","decl":{"start":{"line":228,"column":62},"end":{"line":228,"column":63}},"loc":{"start":{"line":228,"column":68},"end":{"line":230,"column":13}},"line":228},"31":{"name":"(anonymous_31)","decl":{"start":{"line":234,"column":25},"end":{"line":234,"column":26}},"loc":{"start":{"line":234,"column":31},"end":{"line":237,"column":5}},"line":234},"32":{"name":"(anonymous_32)","decl":{"start":{"line":239,"column":24},"end":{"line":239,"column":25}},"loc":{"start":{"line":239,"column":30},"end":{"line":242,"column":5}},"line":239},"33":{"name":"(anonymous_33)","decl":{"start":{"line":244,"column":26},"end":{"line":244,"column":27}},"loc":{"start":{"line":244,"column":106},"end":{"line":264,"column":5}},"line":244},"34":{"name":"(anonymous_34)","decl":{"start":{"line":245,"column":39},"end":{"line":245,"column":40}},"loc":{"start":{"line":245,"column":53},"end":{"line":245,"column":85}},"line":245},"35":{"name":"(anonymous_35)","decl":{"start":{"line":251,"column":44},"end":{"line":251,"column":45}},"loc":{"start":{"line":251,"column":58},"end":{"line":260,"column":13}},"line":251},"36":{"name":"(anonymous_36)","decl":{"start":{"line":262,"column":43},"end":{"line":262,"column":44}},"loc":{"start":{"line":262,"column":57},"end":{"line":262,"column":75}},"line":262},"37":{"name":"(anonymous_37)","decl":{"start":{"line":266,"column":20},"end":{"line":266,"column":21}},"loc":{"start":{"line":266,"column":51},"end":{"line":277,"column":5}},"line":266},"38":{"name":"(anonymous_38)","decl":{"start":{"line":268,"column":40},"end":{"line":268,"column":41}},"loc":{"start":{"line":268,"column":77},"end":{"line":275,"column":9}},"line":268},"39":{"name":"(anonymous_39)","decl":{"start":{"line":269,"column":45},"end":{"line":269,"column":46}},"loc":{"start":{"line":269,"column":58},"end":{"line":269,"column":91}},"line":269},"40":{"name":"(anonymous_40)","decl":{"start":{"line":279,"column":20},"end":{"line":279,"column":21}},"loc":{"start":{"line":279,"column":51},"end":{"line":284,"column":5}},"line":279},"41":{"name":"(anonymous_41)","decl":{"start":{"line":280,"column":40},"end":{"line":280,"column":41}},"loc":{"start":{"line":280,"column":77},"end":{"line":282,"column":9}},"line":280},"42":{"name":"(anonymous_42)","decl":{"start":{"line":286,"column":23},"end":{"line":286,"column":24}},"loc":{"start":{"line":286,"column":92},"end":{"line":300,"column":5}},"line":286},"43":{"name":"(anonymous_43)","decl":{"start":{"line":302,"column":18},"end":{"line":302,"column":19}},"loc":{"start":{"line":302,"column":61},"end":{"line":304,"column":5}},"line":302},"44":{"name":"(anonymous_44)","decl":{"start":{"line":306,"column":19},"end":{"line":306,"column":20}},"loc":{"start":{"line":306,"column":62},"end":{"line":308,"column":5}},"line":306},"45":{"name":"(anonymous_45)","decl":{"start":{"line":310,"column":25},"end":{"line":310,"column":26}},"loc":{"start":{"line":310,"column":71},"end":{"line":325,"column":5}},"line":310},"46":{"name":"(anonymous_46)","decl":{"start":{"line":327,"column":28},"end":{"line":327,"column":29}},"loc":{"start":{"line":327,"column":34},"end":{"line":330,"column":5}},"line":327},"47":{"name":"(anonymous_47)","decl":{"start":{"line":332,"column":33},"end":{"line":332,"column":34}},"loc":{"start":{"line":332,"column":39},"end":{"line":335,"column":5}},"line":332},"48":{"name":"(anonymous_48)","decl":{"start":{"line":337,"column":29},"end":{"line":337,"column":30}},"loc":{"start":{"line":337,"column":67},"end":{"line":350,"column":5}},"line":337},"49":{"name":"(anonymous_49)","decl":{"start":{"line":340,"column":18},"end":{"line":340,"column":19}},"loc":{"start":{"line":340,"column":24},"end":{"line":343,"column":13}},"line":340},"50":{"name":"(anonymous_50)","decl":{"start":{"line":344,"column":19},"end":{"line":344,"column":20}},"loc":{"start":{"line":344,"column":47},"end":{"line":349,"column":13}},"line":344},"51":{"name":"(anonymous_51)","decl":{"start":{"line":352,"column":24},"end":{"line":352,"column":25}},"loc":{"start":{"line":352,"column":30},"end":{"line":356,"column":5}},"line":352},"52":{"name":"(anonymous_52)","decl":{"start":{"line":361,"column":23},"end":{"line":361,"column":24}},"loc":{"start":{"line":361,"column":29},"end":{"line":377,"column":5}},"line":361},"53":{"name":"(anonymous_53)","decl":{"start":{"line":362,"column":68},"end":{"line":362,"column":69}},"loc":{"start":{"line":362,"column":99},"end":{"line":376,"column":9}},"line":362},"54":{"name":"(anonymous_54)","decl":{"start":{"line":364,"column":51},"end":{"line":364,"column":52}},"loc":{"start":{"line":364,"column":77},"end":{"line":371,"column":13}},"line":364},"55":{"name":"(anonymous_55)","decl":{"start":{"line":379,"column":18},"end":{"line":379,"column":19}},"loc":{"start":{"line":379,"column":24},"end":{"line":381,"column":5}},"line":379},"56":{"name":"(anonymous_56)","decl":{"start":{"line":383,"column":33},"end":{"line":383,"column":34}},"loc":{"start":{"line":383,"column":77},"end":{"line":391,"column":5}},"line":383},"57":{"name":"(anonymous_57)","decl":{"start":{"line":388,"column":48},"end":{"line":388,"column":49}},"loc":{"start":{"line":388,"column":55},"end":{"line":388,"column":85}},"line":388}},"branchMap":{"0":{"loc":{"start":{"line":51,"column":31},"end":{"line":51,"column":80}},"type":"cond-expr","locations":[{"start":{"line":51,"column":57},"end":{"line":51,"column":67}},{"start":{"line":51,"column":70},"end":{"line":51,"column":80}}],"line":51},"1":{"loc":{"start":{"line":54,"column":29},"end":{"line":54,"column":84}},"type":"cond-expr","locations":[{"start":{"line":54,"column":59},"end":{"line":54,"column":70}},{"start":{"line":54,"column":73},"end":{"line":54,"column":84}}],"line":54},"2":{"loc":{"start":{"line":59,"column":37},"end":{"line":59,"column":103}},"type":"binary-expr","locations":[{"start":{"line":59,"column":37},"end":{"line":59,"column":62}},{"start":{"line":59,"column":66},"end":{"line":59,"column":78}},{"start":{"line":59,"column":82},"end":{"line":59,"column":103}}],"line":59},"3":{"loc":{"start":{"line":91,"column":30},"end":{"line":91,"column":87}},"type":"cond-expr","locations":[{"start":{"line":91,"column":64},"end":{"line":91,"column":74}},{"start":{"line":91,"column":77},"end":{"line":91,"column":87}}],"line":91},"4":{"loc":{"start":{"line":97,"column":28},"end":{"line":97,"column":88}},"type":"cond-expr","locations":[{"start":{"line":97,"column":63},"end":{"line":97,"column":74}},{"start":{"line":97,"column":77},"end":{"line":97,"column":88}}],"line":97},"5":{"loc":{"start":{"line":143,"column":8},"end":{"line":146,"column":9}},"type":"if","locations":[{"start":{"line":143,"column":8},"end":{"line":146,"column":9}},{"start":{},"end":{}}],"line":143},"6":{"loc":{"start":{"line":143,"column":12},"end":{"line":143,"column":71}},"type":"binary-expr","locations":[{"start":{"line":143,"column":12},"end":{"line":143,"column":41}},{"start":{"line":143,"column":45},"end":{"line":143,"column":71}}],"line":143},"7":{"loc":{"start":{"line":149,"column":20},"end":{"line":149,"column":93}},"type":"cond-expr","locations":[{"start":{"line":149,"column":51},"end":{"line":149,"column":72}},{"start":{"line":149,"column":75},"end":{"line":149,"column":93}}],"line":149},"8":{"loc":{"start":{"line":176,"column":8},"end":{"line":178,"column":9}},"type":"if","locations":[{"start":{"line":176,"column":8},"end":{"line":178,"column":9}},{"start":{},"end":{}}],"line":176},"9":{"loc":{"start":{"line":200,"column":12},"end":{"line":202,"column":44}},"type":"cond-expr","locations":[{"start":{"line":201,"column":18},"end":{"line":201,"column":47}},{"start":{"line":202,"column":18},"end":{"line":202,"column":44}}],"line":200},"10":{"loc":{"start":{"line":200,"column":12},"end":{"line":200,"column":66}},"type":"binary-expr","locations":[{"start":{"line":200,"column":12},"end":{"line":200,"column":28}},{"start":{"line":200,"column":32},"end":{"line":200,"column":66}}],"line":200},"11":{"loc":{"start":{"line":211,"column":8},"end":{"line":213,"column":9}},"type":"if","locations":[{"start":{"line":211,"column":8},"end":{"line":213,"column":9}},{"start":{},"end":{}}],"line":211},"12":{"loc":{"start":{"line":223,"column":8},"end":{"line":231,"column":9}},"type":"if","locations":[{"start":{"line":223,"column":8},"end":{"line":231,"column":9}},{"start":{"line":227,"column":15},"end":{"line":231,"column":9}}],"line":223},"13":{"loc":{"start":{"line":223,"column":12},"end":{"line":223,"column":68}},"type":"binary-expr","locations":[{"start":{"line":223,"column":12},"end":{"line":223,"column":29}},{"start":{"line":223,"column":33},"end":{"line":223,"column":68}}],"line":223},"14":{"loc":{"start":{"line":247,"column":8},"end":{"line":261,"column":9}},"type":"if","locations":[{"start":{"line":247,"column":8},"end":{"line":261,"column":9}},{"start":{"line":250,"column":15},"end":{"line":261,"column":9}}],"line":247},"15":{"loc":{"start":{"line":253,"column":16},"end":{"line":257,"column":17}},"type":"if","locations":[{"start":{"line":253,"column":16},"end":{"line":257,"column":17}},{"start":{"line":255,"column":23},"end":{"line":257,"column":17}}],"line":253},"16":{"loc":{"start":{"line":255,"column":23},"end":{"line":257,"column":17}},"type":"if","locations":[{"start":{"line":255,"column":23},"end":{"line":257,"column":17}},{"start":{},"end":{}}],"line":255},"17":{"loc":{"start":{"line":259,"column":23},"end":{"line":259,"column":101}},"type":"cond-expr","locations":[{"start":{"line":259,"column":58},"end":{"line":259,"column":90}},{"start":{"line":259,"column":93},"end":{"line":259,"column":101}}],"line":259},"18":{"loc":{"start":{"line":270,"column":12},"end":{"line":274,"column":13}},"type":"if","locations":[{"start":{"line":270,"column":12},"end":{"line":274,"column":13}},{"start":{"line":272,"column":19},"end":{"line":274,"column":13}}],"line":270},"19":{"loc":{"start":{"line":288,"column":8},"end":{"line":290,"column":9}},"type":"if","locations":[{"start":{"line":288,"column":8},"end":{"line":290,"column":9}},{"start":{},"end":{}}],"line":288},"20":{"loc":{"start":{"line":312,"column":8},"end":{"line":314,"column":9}},"type":"if","locations":[{"start":{"line":312,"column":8},"end":{"line":314,"column":9}},{"start":{},"end":{}}],"line":312},"21":{"loc":{"start":{"line":345,"column":16},"end":{"line":348,"column":17}},"type":"if","locations":[{"start":{"line":345,"column":16},"end":{"line":348,"column":17}},{"start":{},"end":{}}],"line":345},"22":{"loc":{"start":{"line":345,"column":20},"end":{"line":345,"column":79}},"type":"binary-expr","locations":[{"start":{"line":345,"column":20},"end":{"line":345,"column":49}},{"start":{"line":345,"column":53},"end":{"line":345,"column":79}}],"line":345},"23":{"loc":{"start":{"line":369,"column":23},"end":{"line":369,"column":49}},"type":"cond-expr","locations":[{"start":{"line":369,"column":35},"end":{"line":369,"column":44}},{"start":{"line":369,"column":47},"end":{"line":369,"column":49}}],"line":369},"24":{"loc":{"start":{"line":380,"column":15},"end":{"line":380,"column":108}},"type":"binary-expr","locations":[{"start":{"line":380,"column":15},"end":{"line":380,"column":50}},{"start":{"line":380,"column":54},"end":{"line":380,"column":108}}],"line":380},"25":{"loc":{"start":{"line":385,"column":8},"end":{"line":390,"column":9}},"type":"if","locations":[{"start":{"line":385,"column":8},"end":{"line":390,"column":9}},{"start":{},"end":{}}],"line":385},"26":{"loc":{"start":{"line":385,"column":12},"end":{"line":385,"column":55}},"type":"binary-expr","locations":[{"start":{"line":385,"column":12},"end":{"line":385,"column":33}},{"start":{"line":385,"column":37},"end":{"line":385,"column":55}}],"line":385},"27":{"loc":{"start":{"line":386,"column":12},"end":{"line":389,"column":13}},"type":"if","locations":[{"start":{"line":386,"column":12},"end":{"line":389,"column":13}},{"start":{},"end":{}}],"line":386}},"s":{"0":0,"1":0,"2":0,"3":0,"4":0,"5":0,"6":0,"7":0,"8":0,"9":0,"10":0,"11":0,"12":0,"13":0,"14":0,"15":0,"16":0,"17":0,"18":0,"19":0,"20":0,"21":0,"22":0,"23":0,"24":0,"25":0,"26":0,"27":0,"28":0,"29":0,"30":0,"31":0,"32":0,"33":0,"34":0,"35":0,"36":0,"37":0,"38":0,"39":0,"40":0,"41":0,"42":0,"43":0,"44":0,"45":0,"46":0,"47":0,"48":0,"49":0,"50":0,"51":0,"52":0,"53":0,"54":0,"55":0,"56":0,"57":0,"58":0,"59":0,"60":0,"61":0,"62":0,"63":0,"64":0,"65":0,"66":0,"67":0,"68":0,"69":0,"70":0,"71":0,"72":0,"73":0,"74":0,"75":0,"76":0,"77":0,"78":0,"79":0,"80":0,"81":0,"82":0,"83":0,"84":0,"85":0,"86":0,"87":0,"88":0,"89":0,"90":0,"91":0,"92":0,"93":0,"94":0,"95":0,"96":0,"97":0,"98":0,"99":0,"100":0,"101":0,"102":0,"103":0,"104":0,"105":0,"106":0,"107":0,"108":0,"109":0,"110":0,"111":0,"112":0,"113":0,"114":0,"115":0,"116":0,"117":0,"118":0,"119":0,"120":0,"121":0,"122":0,"123":0,"124":0,"125":0,"126":0,"127":0,"128":0,"129":0,"130":0,"131":0,"132":0,"133":0,"134":0,"135":0,"136":0,"137":0,"138":0,"139":0,"140":0,"141":0,"142":0,"143":0,"144":0,"145":0,"146":0,"147":0,"148":0,"149":0,"150":0,"151":0,"152":0,"153":0,"154":0,"155":0,"156":0,"157":0,"158":0,"159":0,"160":0,"161":0,"162":0,"163":0,"164":0,"165":0,"166":0,"167":0,"168":0,"169":0,"170":0,"171":0,"172":0,"173":0,"174":0,"175":0,"176":0,"177":0,"178":0,"179":0,"180":0,"181":0,"182":0,"183":0,"184":0,"185":0,"186":0,"187":0,"188":0,"189":0,"190":0,"191":0,"192":0,"193":0,"194":0,"195":0,"196":0,"197":0,"198":0,"199":0,"200":0,"201":0,"202":0,"203":0,"204":0,"205":0,"206":0,"207":0,"208":0,"209":0,"210":0,"211":0,"212":0,"213":0,"214":0,"215":0,"216":0,"217":0,"218":0,"219":0,"220":0,"221":0,"222":0,"223":0,"224":0,"225":0,"226":0,"227":0,"228":0,"229":0,"230":0,"231":0},"f":{"0":0,"1":0,"2":0,"3":0,"4":0,"5":0,"6":0,"7":0,"8":0,"9":0,"10":0,"11":0,"12":0,"13":0,"14":0,"15":0,"16":0,"17":0,"18":0,"19":0,"20":0,"21":0,"22":0,"23":0,"24":0,"25":0,"26":0,"27":0,"28":0,"29":0,"30":0,"31":0,"32":0,"33":0,"34":0,"35":0,"36":0,"37":0,"38":0,"39":0,"40":0,"41":0,"42":0,"43":0,"44":0,"45":0,"46":0,"47":0,"48":0,"49":0,"50":0,"51":0,"52":0,"53":0,"54":0,"55":0,"56":0,"57":0},"b":{"0":[0,0],"1":[0,0],"2":[0,0,0],"3":[0,0],"4":[0,0],"5":[0,0],"6":[0,0],"7":[0,0],"8":[0,0],"9":[0,0],"10":[0,0],"11":[0,0],"12":[0,0],"13":[0,0],"14":[0,0],"15":[0,0],"16":[0,0],"17":[0,0],"18":[0,0],"19":[0,0],"20":[0,0],"21":[0,0],"22":[0,0],"23":[0,0],"24":[0,0],"25":[0,0],"26":[0,0],"27":[0,0]}}
,"/home/runner/work/ponomarenko-alex-otus/ponomarenko-alex-otus/react-2025-08/react-2025-08-hw14-les25-api/src/constants/API.ts": {"path":"/home/runner/work/ponomarenko-alex-otus/ponomarenko-alex-otus/react-2025-08/react-2025-08-hw14-les25-api/src/constants/API.ts","statementMap":{"0":{"start":{"line":1,"column":28},"end":{"line":1,"column":46}},"1":{"start":{"line":2,"column":23},"end":{"line":2,"column":26}}},"fnMap":{},"branchMap":{},"s":{"0":1,"1":1},"f":{},"b":{},"_coverageSchema":"1a1c01bbd47fc00a2c39e90264f33305004495a9","hash":"70313dd4098452c5340639034cb7327c25ca016f"}
,"/home/runner/work/ponomarenko-alex-otus/ponomarenko-alex-otus/react-2025-08/react-2025-08-hw14-les25-api/src/constants/Theme.ts": {"path":"/home/runner/work/ponomarenko-alex-otus/ponomarenko-alex-otus/react-2025-08/react-2025-08-hw14-les25-api/src/constants/Theme.ts","statementMap":{},"fnMap":{},"branchMap":{},"s":{},"f":{},"b":{},"_coverageSchema":"1a1c01bbd47fc00a2c39e90264f33305004495a9","hash":"11c758b933a31a79517ea1881bba6b55aea03d48"}
,"/home/runner/work/ponomarenko-alex-otus/ponomarenko-alex-otus/react-2025-08/react-2025-08-hw14-les25-api/src/constants/bigText.tsx": {"path":"/home/runner/work/ponomarenko-alex-otus/ponomarenko-alex-otus/react-2025-08/react-2025-08-hw14-les25-api/src/constants/bigText.tsx","statementMap":{"0":{"start":{"line":4,"column":4},"end":{"line":21,"column":8}}},"fnMap":{},"branchMap":{},"s":{"0":0},"f":{},"b":{}}
,"/home/runner/work/ponomarenko-alex-otus/ponomarenko-alex-otus/react-2025-08/react-2025-08-hw14-les25-api/src/constants/config.ts": {"path":"/home/runner/work/ponomarenko-alex-otus/ponomarenko-alex-otus/react-2025-08/react-2025-08-hw14-les25-api/src/constants/config.ts","statementMap":{"0":{"start":{"line":1,"column":26},"end":{"line":1,"column":64}},"1":{"start":{"line":3,"column":25},"end":{"line":6,"column":1}},"2":{"start":{"line":4,"column":18},"end":{"line":4,"column":87}},"3":{"start":{"line":5,"column":4},"end":{"line":5,"column":52}}},"fnMap":{"0":{"name":"(anonymous_0)","decl":{"start":{"line":3,"column":25},"end":{"line":3,"column":26}},"loc":{"start":{"line":3,"column":31},"end":{"line":6,"column":1}},"line":3}},"branchMap":{"0":{"loc":{"start":{"line":4,"column":18},"end":{"line":4,"column":87}},"type":"cond-expr","locations":[{"start":{"line":4,"column":65},"end":{"line":4,"column":75}},{"start":{"line":4,"column":78},"end":{"line":4,"column":87}}],"line":4}},"s":{"0":1,"1":1,"2":0,"3":0},"f":{"0":0},"b":{"0":[0,0]},"_coverageSchema":"1a1c01bbd47fc00a2c39e90264f33305004495a9","hash":"29eb9496579ddceb84b04fb1d9f2df2658e6f939"}
,"/home/runner/work/ponomarenko-alex-otus/ponomarenko-alex-otus/react-2025-08/react-2025-08-hw14-les25-api/src/constants/i18n.ts": {"path":"/home/runner/work/ponomarenko-alex-otus/ponomarenko-alex-otus/react-2025-08/react-2025-08-hw14-les25-api/src/constants/i18n.ts","statementMap":{"0":{"start":{"line":81,"column":34},"end":{"line":220,"column":1}}},"fnMap":{},"branchMap":{},"s":{"0":3},"f":{},"b":{},"_coverageSchema":"1a1c01bbd47fc00a2c39e90264f33305004495a9","hash":"12c5242359d57afb7095152d56126bf94d948fba"}
,"/home/runner/work/ponomarenko-alex-otus/ponomarenko-alex-otus/react-2025-08/react-2025-08-hw14-les25-api/src/constants/middleText.ts": {"path":"/home/runner/work/ponomarenko-alex-otus/ponomarenko-alex-otus/react-2025-08/react-2025-08-hw14-les25-api/src/constants/middleText.ts","statementMap":{"0":{"start":{"line":1,"column":26},"end":{"line":3,"column":1}}},"fnMap":{},"branchMap":{},"s":{"0":0},"f":{},"b":{}}
,"/home/runner/work/ponomarenko-alex-otus/ponomarenko-alex-otus/react-2025-08/react-2025-08-hw14-les25-api/src/constants/shortText.ts": {"path":"/home/runner/work/ponomarenko-alex-otus/ponomarenko-alex-otus/react-2025-08/react-2025-08-hw14-les25-api/src/constants/shortText.ts","statementMap":{"0":{"start":{"line":1,"column":25},"end":{"line":1,"column":58}}},"fnMap":{},"branchMap":{},"s":{"0":0},"f":{},"b":{}}
,"/home/runner/work/ponomarenko-alex-otus/ponomarenko-alex-otus/react-2025-08/react-2025-08-hw14-les25-api/src/entities/Cart.ts": {"path":"/home/runner/work/ponomarenko-alex-otus/ponomarenko-alex-otus/react-2025-08/react-2025-08-hw14-les25-api/src/entities/Cart.ts","statementMap":{"0":{"start":{"line":12,"column":33},"end":{"line":16,"column":1}}},"fnMap":{},"branchMap":{},"s":{"0":3},"f":{},"b":{},"_coverageSchema":"1a1c01bbd47fc00a2c39e90264f33305004495a9","hash":"2d28790de850582add753bead2b98a0504a00ac9"}
,"/home/runner/work/ponomarenko-alex-otus/ponomarenko-alex-otus/react-2025-08/react-2025-08-hw14-les25-api/src/entities/Category.ts": {"path":"/home/runner/work/ponomarenko-alex-otus/ponomarenko-alex-otus/react-2025-08/react-2025-08-hw14-les25-api/src/entities/Category.ts","statementMap":{"0":{"start":{"line":6,"column":41},"end":{"line":9,"column":1}}},"fnMap":{},"branchMap":{},"s":{"0":3},"f":{},"b":{},"_coverageSchema":"1a1c01bbd47fc00a2c39e90264f33305004495a9","hash":"e29a55648215ec4436ea8589cc73a49ae97755dd"}
,"/home/runner/work/ponomarenko-alex-otus/ponomarenko-alex-otus/react-2025-08/react-2025-08-hw14-les25-api/src/entities/Product.ts": {"path":"/home/runner/work/ponomarenko-alex-otus/ponomarenko-alex-otus/react-2025-08/react-2025-08-hw14-les25-api/src/entities/Product.ts","statementMap":{"0":{"start":{"line":10,"column":39},"end":{"line":17,"column":1}}},"fnMap":{},"branchMap":{},"s":{"0":4},"f":{},"b":{},"_coverageSchema":"1a1c01bbd47fc00a2c39e90264f33305004495a9","hash":"567030c7b4e06f01d1b1c3545a96971daaf14145"}
,"/home/runner/work/ponomarenko-alex-otus/ponomarenko-alex-otus/react-2025-08/react-2025-08-hw14-les25-api/src/entities/User.ts": {"path":"/home/runner/work/ponomarenko-alex-otus/ponomarenko-alex-otus/react-2025-08/react-2025-08-hw14-les25-api/src/entities/User.ts","statementMap":{},"fnMap":{},"branchMap":{},"s":{},"f":{},"b":{},"_coverageSchema":"1a1c01bbd47fc00a2c39e90264f33305004495a9","hash":"7c280cdf87217a8ddd2aab703196b68b6b29a151"}
,"/home/runner/work/ponomarenko-alex-otus/ponomarenko-alex-otus/react-2025-08/react-2025-08-hw14-les25-api/src/features/forms/EditCategoryForm/EditCategoryForm.tsx": {"path":"/home/runner/work/ponomarenko-alex-otus/ponomarenko-alex-otus/react-2025-08/react-2025-08-hw14-les25-api/src/features/forms/EditCategoryForm/EditCategoryForm.tsx","statementMap":{"0":{"start":{"line":17,"column":65},"end":{"line":56,"column":1}},"1":{"start":{"line":18,"column":21},"end":{"line":18,"column":54}},"2":{"start":{"line":20,"column":25},"end":{"line":20,"column":48}},"3":{"start":{"line":21,"column":32},"end":{"line":21,"column":62}},"4":{"start":{"line":22,"column":28},"end":{"line":22,"column":49}},"5":{"start":{"line":23,"column":29},"end":{"line":25,"column":6}},"6":{"start":{"line":26,"column":19},"end":{"line":32,"column":6}},"7":{"start":{"line":34,"column":4},"end":{"line":55,"column":6}}},"fnMap":{"0":{"name":"(anonymous_0)","decl":{"start":{"line":17,"column":65},"end":{"line":17,"column":66}},"loc":{"start":{"line":17,"column":109},"end":{"line":56,"column":1}},"line":17}},"branchMap":{"0":{"loc":{"start":{"line":39,"column":21},"end":{"line":39,"column":101}},"type":"cond-expr","locations":[{"start":{"line":39,"column":58},"end":{"line":39,"column":82}},{"start":{"line":39,"column":85},"end":{"line":39,"column":101}}],"line":39},"1":{"loc":{"start":{"line":41,"column":17},"end":{"line":41,"column":91}},"type":"binary-expr","locations":[{"start":{"line":41,"column":17},"end":{"line":41,"column":33}},{"start":{"line":41,"column":37},"end":{"line":41,"column":91}}],"line":41},"2":{"loc":{"start":{"line":47,"column":17},"end":{"line":47,"column":95}},"type":"binary-expr","locations":[{"start":{"line":47,"column":17},"end":{"line":47,"column":35}},{"start":{"line":47,"column":39},"end":{"line":47,"column":95}}],"line":47}},"s":{"0":0,"1":0,"2":0,"3":0,"4":0,"5":0,"6":0,"7":0},"f":{"0":0},"b":{"0":[0,0],"1":[0,0],"2":[0,0]}}
,"/home/runner/work/ponomarenko-alex-otus/ponomarenko-alex-otus/react-2025-08/react-2025-08-hw14-les25-api/src/features/forms/EditProductForm/EditProductForm.tsx": {"path":"/home/runner/work/ponomarenko-alex-otus/ponomarenko-alex-otus/react-2025-08/react-2025-08-hw14-les25-api/src/features/forms/EditProductForm/EditProductForm.tsx","statementMap":{"0":{"start":{"line":17,"column":63},"end":{"line":89,"column":1}},"1":{"start":{"line":18,"column":21},"end":{"line":18,"column":54}},"2":{"start":{"line":19,"column":23},"end":{"line":19,"column":58}},"3":{"start":{"line":21,"column":25},"end":{"line":21,"column":55}},"4":{"start":{"line":22,"column":28},"end":{"line":22,"column":49}},"5":{"start":{"line":23,"column":29},"end":{"line":28,"column":6}},"6":{"start":{"line":29,"column":19},"end":{"line":34,"column":6}},"7":{"start":{"line":36,"column":4},"end":{"line":88,"column":6}},"8":{"start":{"line":61,"column":24},"end":{"line":63,"column":33}}},"fnMap":{"0":{"name":"(anonymous_0)","decl":{"start":{"line":17,"column":63},"end":{"line":17,"column":64}},"loc":{"start":{"line":17,"column":107},"end":{"line":89,"column":1}},"line":17},"1":{"name":"(anonymous_1)","decl":{"start":{"line":60,"column":36},"end":{"line":60,"column":37}},"loc":{"start":{"line":61,"column":24},"end":{"line":63,"column":33}},"line":61}},"branchMap":{"0":{"loc":{"start":{"line":42,"column":13},"end":{"line":42,"column":93}},"type":"binary-expr","locations":[{"start":{"line":42,"column":13},"end":{"line":42,"column":32}},{"start":{"line":42,"column":36},"end":{"line":42,"column":93}}],"line":42},"1":{"loc":{"start":{"line":48,"column":13},"end":{"line":48,"column":93}},"type":"binary-expr","locations":[{"start":{"line":48,"column":13},"end":{"line":48,"column":32}},{"start":{"line":48,"column":36},"end":{"line":48,"column":93}}],"line":48},"2":{"loc":{"start":{"line":54,"column":13},"end":{"line":54,"column":91}},"type":"binary-expr","locations":[{"start":{"line":54,"column":13},"end":{"line":54,"column":31}},{"start":{"line":54,"column":35},"end":{"line":54,"column":91}}],"line":54},"3":{"loc":{"start":{"line":67,"column":13},"end":{"line":67,"column":103}},"type":"binary-expr","locations":[{"start":{"line":67,"column":13},"end":{"line":67,"column":37}},{"start":{"line":67,"column":41},"end":{"line":67,"column":103}}],"line":67},"4":{"loc":{"start":{"line":80,"column":13},"end":{"line":80,"column":91}},"type":"binary-expr","locations":[{"start":{"line":80,"column":13},"end":{"line":80,"column":31}},{"start":{"line":80,"column":35},"end":{"line":80,"column":91}}],"line":80}},"s":{"0":0,"1":0,"2":0,"3":0,"4":0,"5":0,"6":0,"7":0,"8":0},"f":{"0":0,"1":0},"b":{"0":[0,0],"1":[0,0],"2":[0,0],"3":[0,0],"4":[0,0]}}
,"/home/runner/work/ponomarenko-alex-otus/ponomarenko-alex-otus/react-2025-08/react-2025-08-hw14-les25-api/src/features/forms/LoginForm/LoginForm.tsx": {"path":"/home/runner/work/ponomarenko-alex-otus/ponomarenko-alex-otus/react-2025-08/react-2025-08-hw14-les25-api/src/features/forms/LoginForm/LoginForm.tsx","statementMap":{"0":{"start":{"line":18,"column":51},"end":{"line":109,"column":1}},"1":{"start":{"line":19,"column":21},"end":{"line":19,"column":54}},"2":{"start":{"line":20,"column":28},"end":{"line":20,"column":68}},"3":{"start":{"line":21,"column":28},"end":{"line":21,"column":49}},"4":{"start":{"line":23,"column":29},"end":{"line":32,"column":6}},"5":{"start":{"line":34,"column":19},"end":{"line":43,"column":6}},"6":{"start":{"line":37,"column":12},"end":{"line":37,"column":39}},"7":{"start":{"line":45,"column":25},"end":{"line":45,"column":49}},"8":{"start":{"line":46,"column":4},"end":{"line":108,"column":6}}},"fnMap":{"0":{"name":"(anonymous_0)","decl":{"start":{"line":18,"column":51},"end":{"line":18,"column":52}},"loc":{"start":{"line":18,"column":110},"end":{"line":109,"column":1}},"line":18},"1":{"name":"(anonymous_1)","decl":{"start":{"line":36,"column":18},"end":{"line":36,"column":19}},"loc":{"start":{"line":36,"column":30},"end":{"line":38,"column":9}},"line":36}},"branchMap":{"0":{"loc":{"start":{"line":26,"column":24},"end":{"line":31,"column":23}},"type":"cond-expr","locations":[{"start":{"line":27,"column":14},"end":{"line":30,"column":85}},{"start":{"line":31,"column":14},"end":{"line":31,"column":23}}],"line":26},"1":{"loc":{"start":{"line":73,"column":17},"end":{"line":73,"column":97}},"type":"binary-expr","locations":[{"start":{"line":73,"column":17},"end":{"line":73,"column":36}},{"start":{"line":73,"column":40},"end":{"line":73,"column":97}}],"line":73},"2":{"loc":{"start":{"line":79,"column":17},"end":{"line":79,"column":103}},"type":"binary-expr","locations":[{"start":{"line":79,"column":17},"end":{"line":79,"column":39}},{"start":{"line":79,"column":43},"end":{"line":79,"column":103}}],"line":79},"3":{"loc":{"start":{"line":82,"column":13},"end":{"line":93,"column":13}},"type":"binary-expr","locations":[{"start":{"line":82,"column":13},"end":{"line":82,"column":26}},{"start":{"line":83,"column":16},"end":{"line":92,"column":24}}],"line":82},"4":{"loc":{"start":{"line":91,"column":21},"end":{"line":91,"column":119}},"type":"binary-expr","locations":[{"start":{"line":91,"column":21},"end":{"line":91,"column":49}},{"start":{"line":91,"column":53},"end":{"line":91,"column":119}}],"line":91},"5":{"loc":{"start":{"line":95,"column":13},"end":{"line":101,"column":13}},"type":"binary-expr","locations":[{"start":{"line":95,"column":13},"end":{"line":95,"column":28}},{"start":{"line":96,"column":16},"end":{"line":100,"column":22}}],"line":95},"6":{"loc":{"start":{"line":105,"column":39},"end":{"line":105,"column":98}},"type":"cond-expr","locations":[{"start":{"line":105,"column":55},"end":{"line":105,"column":76}},{"start":{"line":105,"column":79},"end":{"line":105,"column":98}}],"line":105}},"s":{"0":0,"1":0,"2":0,"3":0,"4":0,"5":0,"6":0,"7":0,"8":0},"f":{"0":0,"1":0},"b":{"0":[0,0],"1":[0,0],"2":[0,0],"3":[0,0],"4":[0,0],"5":[0,0],"6":[0,0]}}
,"/home/runner/work/ponomarenko-alex-otus/ponomarenko-alex-otus/react-2025-08/react-2025-08-hw14-les25-api/src/features/forms/LoginFormFetch/LoginFormFetch.tsx": {"path":"/home/runner/work/ponomarenko-alex-otus/ponomarenko-alex-otus/react-2025-08/react-2025-08-hw14-les25-api/src/features/forms/LoginFormFetch/LoginFormFetch.tsx","statementMap":{"0":{"start":{"line":20,"column":56},"end":{"line":83,"column":1}},"1":{"start":{"line":21,"column":21},"end":{"line":21,"column":54}},"2":{"start":{"line":22,"column":28},"end":{"line":22,"column":68}},"3":{"start":{"line":24,"column":26},"end":{"line":24,"column":30}},"4":{"start":{"line":25,"column":19},"end":{"line":52,"column":6}},"5":{"start":{"line":28,"column":12},"end":{"line":47,"column":48}},"6":{"start":{"line":36,"column":20},"end":{"line":42,"column":23}},"7":{"start":{"line":37,"column":24},"end":{"line":41,"column":25}},"8":{"start":{"line":38,"column":28},"end":{"line":38,"column":58}},"9":{"start":{"line":40,"column":28},"end":{"line":40,"column":42}},"10":{"start":{"line":45,"column":20},"end":{"line":45,"column":112}},"11":{"start":{"line":54,"column":25},"end":{"line":54,"column":49}},"12":{"start":{"line":55,"column":4},"end":{"line":82,"column":6}}},"fnMap":{"0":{"name":"(anonymous_0)","decl":{"start":{"line":20,"column":56},"end":{"line":20,"column":57}},"loc":{"start":{"line":20,"column":100},"end":{"line":83,"column":1}},"line":20},"1":{"name":"(anonymous_1)","decl":{"start":{"line":27,"column":18},"end":{"line":27,"column":19}},"loc":{"start":{"line":27,"column":30},"end":{"line":48,"column":9}},"line":27},"2":{"name":"(anonymous_2)","decl":{"start":{"line":35,"column":22},"end":{"line":35,"column":23}},"loc":{"start":{"line":35,"column":46},"end":{"line":43,"column":17}},"line":35},"3":{"name":"(anonymous_3)","decl":{"start":{"line":36,"column":48},"end":{"line":36,"column":49}},"loc":{"start":{"line":36,"column":60},"end":{"line":42,"column":21}},"line":36},"4":{"name":"(anonymous_4)","decl":{"start":{"line":44,"column":22},"end":{"line":44,"column":23}},"loc":{"start":{"line":44,"column":46},"end":{"line":46,"column":17}},"line":44}},"branchMap":{"0":{"loc":{"start":{"line":37,"column":24},"end":{"line":41,"column":25}},"type":"if","locations":[{"start":{"line":37,"column":24},"end":{"line":41,"column":25}},{"start":{"line":39,"column":31},"end":{"line":41,"column":25}}],"line":37},"1":{"loc":{"start":{"line":60,"column":17},"end":{"line":60,"column":97}},"type":"binary-expr","locations":[{"start":{"line":60,"column":17},"end":{"line":60,"column":36}},{"start":{"line":60,"column":40},"end":{"line":60,"column":97}}],"line":60},"2":{"loc":{"start":{"line":66,"column":17},"end":{"line":66,"column":103}},"type":"binary-expr","locations":[{"start":{"line":66,"column":17},"end":{"line":66,"column":39}},{"start":{"line":66,"column":43},"end":{"line":66,"column":103}}],"line":66},"3":{"loc":{"start":{"line":69,"column":13},"end":{"line":75,"column":13}},"type":"binary-expr","locations":[{"start":{"line":69,"column":13},"end":{"line":69,"column":28}},{"start":{"line":70,"column":16},"end":{"line":74,"column":22}}],"line":69},"4":{"loc":{"start":{"line":79,"column":39},"end":{"line":79,"column":98}},"type":"cond-expr","locations":[{"start":{"line":79,"column":55},"end":{"line":79,"column":76}},{"start":{"line":79,"column":79},"end":{"line":79,"column":98}}],"line":79}},"s":{"0":0,"1":0,"2":0,"3":0,"4":0,"5":0,"6":0,"7":0,"8":0,"9":0,"10":0,"11":0,"12":0},"f":{"0":0,"1":0,"2":0,"3":0,"4":0},"b":{"0":[0,0],"1":[0,0],"2":[0,0],"3":[0,0],"4":[0,0]}}
,"/home/runner/work/ponomarenko-alex-otus/ponomarenko-alex-otus/react-2025-08/react-2025-08-hw14-les25-api/src/features/forms/RegisterFormSaga/RegisterFormSaga.tsx": {"path":"/home/runner/work/ponomarenko-alex-otus/ponomarenko-alex-otus/react-2025-08/react-2025-08-hw14-les25-api/src/features/forms/RegisterFormSaga/RegisterFormSaga.tsx","statementMap":{"0":{"start":{"line":21,"column":65},"end":{"line":66,"column":1}},"1":{"start":{"line":22,"column":21},"end":{"line":22,"column":54}},"2":{"start":{"line":23,"column":28},"end":{"line":23,"column":68}},"3":{"start":{"line":24,"column":21},"end":{"line":24,"column":34}},"4":{"start":{"line":26,"column":26},"end":{"line":26,"column":30}},"5":{"start":{"line":27,"column":19},"end":{"line":35,"column":6}},"6":{"start":{"line":30,"column":12},"end":{"line":30,"column":87}},"7":{"start":{"line":37,"column":25},"end":{"line":37,"column":49}},"8":{"start":{"line":38,"column":4},"end":{"line":65,"column":6}}},"fnMap":{"0":{"name":"(anonymous_0)","decl":{"start":{"line":21,"column":65},"end":{"line":21,"column":66}},"loc":{"start":{"line":21,"column":109},"end":{"line":66,"column":1}},"line":21},"1":{"name":"(anonymous_1)","decl":{"start":{"line":29,"column":18},"end":{"line":29,"column":19}},"loc":{"start":{"line":29,"column":30},"end":{"line":31,"column":9}},"line":29}},"branchMap":{"0":{"loc":{"start":{"line":43,"column":17},"end":{"line":43,"column":97}},"type":"binary-expr","locations":[{"start":{"line":43,"column":17},"end":{"line":43,"column":36}},{"start":{"line":43,"column":40},"end":{"line":43,"column":97}}],"line":43},"1":{"loc":{"start":{"line":49,"column":17},"end":{"line":49,"column":103}},"type":"binary-expr","locations":[{"start":{"line":49,"column":17},"end":{"line":49,"column":39}},{"start":{"line":49,"column":43},"end":{"line":49,"column":103}}],"line":49},"2":{"loc":{"start":{"line":52,"column":13},"end":{"line":58,"column":13}},"type":"binary-expr","locations":[{"start":{"line":52,"column":13},"end":{"line":52,"column":28}},{"start":{"line":53,"column":16},"end":{"line":57,"column":22}}],"line":52},"3":{"loc":{"start":{"line":62,"column":39},"end":{"line":62,"column":98}},"type":"cond-expr","locations":[{"start":{"line":62,"column":55},"end":{"line":62,"column":76}},{"start":{"line":62,"column":79},"end":{"line":62,"column":98}}],"line":62}},"s":{"0":0,"1":0,"2":0,"3":0,"4":0,"5":0,"6":0,"7":0,"8":0},"f":{"0":0,"1":0},"b":{"0":[0,0],"1":[0,0],"2":[0,0],"3":[0,0]}}
,"/home/runner/work/ponomarenko-alex-otus/ponomarenko-alex-otus/react-2025-08/react-2025-08-hw14-les25-api/src/features/forms/UpdatePasswordForm/UpdatePasswordForm.tsx": {"path":"/home/runner/work/ponomarenko-alex-otus/ponomarenko-alex-otus/react-2025-08/react-2025-08-hw14-les25-api/src/features/forms/UpdatePasswordForm/UpdatePasswordForm.tsx","statementMap":{"0":{"start":{"line":18,"column":69},"end":{"line":72,"column":1}},"1":{"start":{"line":19,"column":21},"end":{"line":19,"column":54}},"2":{"start":{"line":20,"column":28},"end":{"line":20,"column":68}},"3":{"start":{"line":21,"column":28},"end":{"line":21,"column":49}},"4":{"start":{"line":23,"column":29},"end":{"line":26,"column":6}},"5":{"start":{"line":27,"column":19},"end":{"line":35,"column":6}},"6":{"start":{"line":30,"column":12},"end":{"line":30,"column":48}},"7":{"start":{"line":37,"column":25},"end":{"line":37,"column":58}},"8":{"start":{"line":38,"column":4},"end":{"line":71,"column":6}}},"fnMap":{"0":{"name":"(anonymous_0)","decl":{"start":{"line":18,"column":69},"end":{"line":18,"column":70}},"loc":{"start":{"line":18,"column":113},"end":{"line":72,"column":1}},"line":18},"1":{"name":"(anonymous_1)","decl":{"start":{"line":29,"column":18},"end":{"line":29,"column":19}},"loc":{"start":{"line":29,"column":30},"end":{"line":31,"column":9}},"line":29}},"branchMap":{"0":{"loc":{"start":{"line":43,"column":17},"end":{"line":43,"column":103}},"type":"binary-expr","locations":[{"start":{"line":43,"column":17},"end":{"line":43,"column":39}},{"start":{"line":43,"column":43},"end":{"line":43,"column":103}}],"line":43},"1":{"loc":{"start":{"line":54,"column":17},"end":{"line":54,"column":109}},"type":"binary-expr","locations":[{"start":{"line":54,"column":17},"end":{"line":54,"column":42}},{"start":{"line":54,"column":46},"end":{"line":54,"column":109}}],"line":54},"2":{"loc":{"start":{"line":57,"column":13},"end":{"line":63,"column":13}},"type":"binary-expr","locations":[{"start":{"line":57,"column":13},"end":{"line":57,"column":28}},{"start":{"line":58,"column":16},"end":{"line":62,"column":22}}],"line":57}},"s":{"0":0,"1":0,"2":0,"3":0,"4":0,"5":0,"6":0,"7":0,"8":0},"f":{"0":0,"1":0},"b":{"0":[0,0],"1":[0,0],"2":[0,0]}}
,"/home/runner/work/ponomarenko-alex-otus/ponomarenko-alex-otus/react-2025-08/react-2025-08-hw14-les25-api/src/features/services/AccountService/AccountService.ts": {"path":"/home/runner/work/ponomarenko-alex-otus/ponomarenko-alex-otus/react-2025-08/react-2025-08-hw14-les25-api/src/features/services/AccountService/AccountService.ts","statementMap":{"0":{"start":{"line":10,"column":18},"end":{"line":18,"column":5}},"1":{"start":{"line":12,"column":12},"end":{"line":16,"column":90}},"2":{"start":{"line":17,"column":8},"end":{"line":17,"column":37}}},"fnMap":{"0":{"name":"(anonymous_0)","decl":{"start":{"line":8,"column":4},"end":{"line":8,"column":5}},"loc":{"start":{"line":8,"column":113},"end":{"line":8,"column":115}},"line":8},"1":{"name":"(anonymous_1)","decl":{"start":{"line":10,"column":18},"end":{"line":10,"column":19}},"loc":{"start":{"line":10,"column":52},"end":{"line":18,"column":5}},"line":10}},"branchMap":{"0":{"loc":{"start":{"line":17,"column":15},"end":{"line":17,"column":36}},"type":"cond-expr","locations":[{"start":{"line":17,"column":27},"end":{"line":17,"column":32}},{"start":{"line":17,"column":35},"end":{"line":17,"column":36}}],"line":17}},"s":{"0":6,"1":6,"2":6},"f":{"0":6,"1":6},"b":{"0":[6,0]},"_coverageSchema":"1a1c01bbd47fc00a2c39e90264f33305004495a9","hash":"22c79b26fe9508297f4c128db74bb86f57275515"}
,"/home/runner/work/ponomarenko-alex-otus/ponomarenko-alex-otus/react-2025-08/react-2025-08-hw14-les25-api/src/features/services/AuthAPI/AuthAPI.ts": {"path":"/home/runner/work/ponomarenko-alex-otus/ponomarenko-alex-otus/react-2025-08/react-2025-08-hw14-les25-api/src/features/services/AuthAPI/AuthAPI.ts","statementMap":{"0":{"start":{"line":8,"column":15},"end":{"line":24,"column":5}},"1":{"start":{"line":9,"column":8},"end":{"line":23,"column":11}},"2":{"start":{"line":16,"column":12},"end":{"line":22,"column":15}},"3":{"start":{"line":17,"column":16},"end":{"line":21,"column":17}},"4":{"start":{"line":18,"column":20},"end":{"line":18,"column":50}},"5":{"start":{"line":20,"column":20},"end":{"line":20,"column":34}},"6":{"start":{"line":26,"column":12},"end":{"line":42,"column":5}},"7":{"start":{"line":27,"column":8},"end":{"line":41,"column":10}},"8":{"start":{"line":34,"column":12},"end":{"line":40,"column":14}},"9":{"start":{"line":35,"column":16},"end":{"line":39,"column":17}},"10":{"start":{"line":36,"column":20},"end":{"line":36,"column":50}},"11":{"start":{"line":38,"column":20},"end":{"line":38,"column":34}}},"fnMap":{"0":{"name":"(anonymous_0)","decl":{"start":{"line":6,"column":4},"end":{"line":6,"column":5}},"loc":{"start":{"line":6,"column":40},"end":{"line":6,"column":42}},"line":6},"1":{"name":"(anonymous_1)","decl":{"start":{"line":8,"column":15},"end":{"line":8,"column":16}},"loc":{"start":{"line":8,"column":64},"end":{"line":24,"column":5}},"line":8},"2":{"name":"(anonymous_2)","decl":{"start":{"line":15,"column":16},"end":{"line":15,"column":17}},"loc":{"start":{"line":15,"column":40},"end":{"line":23,"column":9}},"line":15},"3":{"name":"(anonymous_3)","decl":{"start":{"line":16,"column":40},"end":{"line":16,"column":41}},"loc":{"start":{"line":16,"column":52},"end":{"line":22,"column":13}},"line":16},"4":{"name":"(anonymous_4)","decl":{"start":{"line":26,"column":12},"end":{"line":26,"column":13}},"loc":{"start":{"line":26,"column":58},"end":{"line":42,"column":5}},"line":26},"5":{"name":"(anonymous_5)","decl":{"start":{"line":33,"column":16},"end":{"line":33,"column":17}},"loc":{"start":{"line":34,"column":12},"end":{"line":40,"column":14}},"line":34},"6":{"name":"(anonymous_6)","decl":{"start":{"line":34,"column":33},"end":{"line":34,"column":34}},"loc":{"start":{"line":34,"column":45},"end":{"line":40,"column":13}},"line":34}},"branchMap":{"0":{"loc":{"start":{"line":17,"column":16},"end":{"line":21,"column":17}},"type":"if","locations":[{"start":{"line":17,"column":16},"end":{"line":21,"column":17}},{"start":{"line":19,"column":23},"end":{"line":21,"column":17}}],"line":17},"1":{"loc":{"start":{"line":35,"column":16},"end":{"line":39,"column":17}},"type":"if","locations":[{"start":{"line":35,"column":16},"end":{"line":39,"column":17}},{"start":{"line":37,"column":23},"end":{"line":39,"column":17}}],"line":35}},"s":{"0":0,"1":0,"2":0,"3":0,"4":0,"5":0,"6":0,"7":0,"8":0,"9":0,"10":0,"11":0},"f":{"0":0,"1":0,"2":0,"3":0,"4":0,"5":0,"6":0},"b":{"0":[0,0],"1":[0,0]}}
,"/home/runner/work/ponomarenko-alex-otus/ponomarenko-alex-otus/react-2025-08/react-2025-08-hw14-les25-api/src/features/services/CategoryAPI/CategoryAPI.ts": {"path":"/home/runner/work/ponomarenko-alex-otus/ponomarenko-alex-otus/react-2025-08/react-2025-08-hw14-les25-api/src/features/services/CategoryAPI/CategoryAPI.ts","statementMap":{"0":{"start":{"line":10,"column":15},"end":{"line":12,"column":5}},"1":{"start":{"line":11,"column":8},"end":{"line":11,"column":27}},"2":{"start":{"line":14,"column":17},"end":{"line":22,"column":5}},"3":{"start":{"line":15,"column":37},"end":{"line":17,"column":9}},"4":{"start":{"line":18,"column":8},"end":{"line":20,"column":9}},"5":{"start":{"line":19,"column":12},"end":{"line":19,"column":62}},"6":{"start":{"line":21,"column":8},"end":{"line":21,"column":23}},"7":{"start":{"line":24,"column":20},"end":{"line":34,"column":5}},"8":{"start":{"line":25,"column":8},"end":{"line":33,"column":11}},"9":{"start":{"line":26,"column":12},"end":{"line":32,"column":15}},"10":{"start":{"line":27,"column":16},"end":{"line":31,"column":17}},"11":{"start":{"line":28,"column":20},"end":{"line":28,"column":50}},"12":{"start":{"line":30,"column":20},"end":{"line":30,"column":34}},"13":{"start":{"line":36,"column":18},"end":{"line":53,"column":5}},"14":{"start":{"line":37,"column":34},"end":{"line":37,"column":48}},"15":{"start":{"line":38,"column":8},"end":{"line":38,"column":32}},"16":{"start":{"line":40,"column":8},"end":{"line":52,"column":11}},"17":{"start":{"line":45,"column":12},"end":{"line":51,"column":15}},"18":{"start":{"line":46,"column":16},"end":{"line":50,"column":17}},"19":{"start":{"line":47,"column":20},"end":{"line":47,"column":50}},"20":{"start":{"line":49,"column":20},"end":{"line":49,"column":34}},"21":{"start":{"line":55,"column":21},"end":{"line":69,"column":5}},"22":{"start":{"line":56,"column":8},"end":{"line":68,"column":11}},"23":{"start":{"line":61,"column":12},"end":{"line":67,"column":15}},"24":{"start":{"line":62,"column":16},"end":{"line":66,"column":17}},"25":{"start":{"line":63,"column":20},"end":{"line":63,"column":50}},"26":{"start":{"line":65,"column":20},"end":{"line":65,"column":34}}},"fnMap":{"0":{"name":"(anonymous_0)","decl":{"start":{"line":8,"column":4},"end":{"line":8,"column":5}},"loc":{"start":{"line":8,"column":40},"end":{"line":8,"column":42}},"line":8},"1":{"name":"(anonymous_1)","decl":{"start":{"line":10,"column":15},"end":{"line":10,"column":16}},"loc":{"start":{"line":10,"column":34},"end":{"line":12,"column":5}},"line":10},"2":{"name":"(anonymous_2)","decl":{"start":{"line":14,"column":17},"end":{"line":14,"column":18}},"loc":{"start":{"line":14,"column":23},"end":{"line":22,"column":5}},"line":14},"3":{"name":"(anonymous_3)","decl":{"start":{"line":24,"column":20},"end":{"line":24,"column":21}},"loc":{"start":{"line":24,"column":56},"end":{"line":34,"column":5}},"line":24},"4":{"name":"(anonymous_4)","decl":{"start":{"line":25,"column":87},"end":{"line":25,"column":88}},"loc":{"start":{"line":25,"column":111},"end":{"line":33,"column":9}},"line":25},"5":{"name":"(anonymous_5)","decl":{"start":{"line":26,"column":40},"end":{"line":26,"column":41}},"loc":{"start":{"line":26,"column":52},"end":{"line":32,"column":13}},"line":26},"6":{"name":"(anonymous_6)","decl":{"start":{"line":36,"column":18},"end":{"line":36,"column":19}},"loc":{"start":{"line":36,"column":66},"end":{"line":53,"column":5}},"line":36},"7":{"name":"(anonymous_7)","decl":{"start":{"line":44,"column":16},"end":{"line":44,"column":17}},"loc":{"start":{"line":44,"column":40},"end":{"line":52,"column":9}},"line":44},"8":{"name":"(anonymous_8)","decl":{"start":{"line":45,"column":40},"end":{"line":45,"column":41}},"loc":{"start":{"line":45,"column":52},"end":{"line":51,"column":13}},"line":45},"9":{"name":"(anonymous_9)","decl":{"start":{"line":55,"column":21},"end":{"line":55,"column":22}},"loc":{"start":{"line":55,"column":69},"end":{"line":69,"column":5}},"line":55},"10":{"name":"(anonymous_10)","decl":{"start":{"line":60,"column":16},"end":{"line":60,"column":17}},"loc":{"start":{"line":60,"column":40},"end":{"line":68,"column":9}},"line":60},"11":{"name":"(anonymous_11)","decl":{"start":{"line":61,"column":40},"end":{"line":61,"column":41}},"loc":{"start":{"line":61,"column":52},"end":{"line":67,"column":13}},"line":61}},"branchMap":{"0":{"loc":{"start":{"line":18,"column":8},"end":{"line":20,"column":9}},"type":"if","locations":[{"start":{"line":18,"column":8},"end":{"line":20,"column":9}},{"start":{},"end":{}}],"line":18},"1":{"loc":{"start":{"line":27,"column":16},"end":{"line":31,"column":17}},"type":"if","locations":[{"start":{"line":27,"column":16},"end":{"line":31,"column":17}},{"start":{"line":29,"column":23},"end":{"line":31,"column":17}}],"line":27},"2":{"loc":{"start":{"line":46,"column":16},"end":{"line":50,"column":17}},"type":"if","locations":[{"start":{"line":46,"column":16},"end":{"line":50,"column":17}},{"start":{"line":48,"column":23},"end":{"line":50,"column":17}}],"line":46},"3":{"loc":{"start":{"line":62,"column":16},"end":{"line":66,"column":17}},"type":"if","locations":[{"start":{"line":62,"column":16},"end":{"line":66,"column":17}},{"start":{"line":64,"column":23},"end":{"line":66,"column":17}}],"line":62}},"s":{"0":0,"1":0,"2":0,"3":0,"4":0,"5":0,"6":0,"7":0,"8":0,"9":0,"10":0,"11":0,"12":0,"13":0,"14":0,"15":0,"16":0,"17":0,"18":0,"19":0,"20":0,"21":0,"22":0,"23":0,"24":0,"25":0,"26":0},"f":{"0":0,"1":0,"2":0,"3":0,"4":0,"5":0,"6":0,"7":0,"8":0,"9":0,"10":0,"11":0},"b":{"0":[0,0],"1":[0,0],"2":[0,0],"3":[0,0]}}
,"/home/runner/work/ponomarenko-alex-otus/ponomarenko-alex-otus/react-2025-08/react-2025-08-hw14-les25-api/src/features/services/ProductAPI/ProductAPI.ts": {"path":"/home/runner/work/ponomarenko-alex-otus/ponomarenko-alex-otus/react-2025-08/react-2025-08-hw14-les25-api/src/features/services/ProductAPI/ProductAPI.ts","statementMap":{"0":{"start":{"line":10,"column":15},"end":{"line":12,"column":5}},"1":{"start":{"line":11,"column":8},"end":{"line":11,"column":27}},"2":{"start":{"line":14,"column":17},"end":{"line":22,"column":5}},"3":{"start":{"line":15,"column":37},"end":{"line":17,"column":9}},"4":{"start":{"line":18,"column":8},"end":{"line":20,"column":9}},"5":{"start":{"line":19,"column":12},"end":{"line":19,"column":62}},"6":{"start":{"line":21,"column":8},"end":{"line":21,"column":23}},"7":{"start":{"line":24,"column":18},"end":{"line":40,"column":5}},"8":{"start":{"line":25,"column":18},"end":{"line":30,"column":21}},"9":{"start":{"line":31,"column":8},"end":{"line":39,"column":11}},"10":{"start":{"line":32,"column":12},"end":{"line":38,"column":15}},"11":{"start":{"line":33,"column":16},"end":{"line":37,"column":17}},"12":{"start":{"line":34,"column":20},"end":{"line":34,"column":50}},"13":{"start":{"line":36,"column":20},"end":{"line":36,"column":34}},"14":{"start":{"line":42,"column":17},"end":{"line":59,"column":5}},"15":{"start":{"line":43,"column":34},"end":{"line":43,"column":47}},"16":{"start":{"line":44,"column":8},"end":{"line":44,"column":32}},"17":{"start":{"line":46,"column":8},"end":{"line":58,"column":11}},"18":{"start":{"line":51,"column":12},"end":{"line":57,"column":15}},"19":{"start":{"line":52,"column":16},"end":{"line":56,"column":17}},"20":{"start":{"line":53,"column":20},"end":{"line":53,"column":50}},"21":{"start":{"line":55,"column":20},"end":{"line":55,"column":34}},"22":{"start":{"line":61,"column":20},"end":{"line":75,"column":5}},"23":{"start":{"line":62,"column":8},"end":{"line":74,"column":11}},"24":{"start":{"line":67,"column":12},"end":{"line":73,"column":15}},"25":{"start":{"line":68,"column":16},"end":{"line":72,"column":17}},"26":{"start":{"line":69,"column":20},"end":{"line":69,"column":50}},"27":{"start":{"line":71,"column":20},"end":{"line":71,"column":34}}},"fnMap":{"0":{"name":"(anonymous_0)","decl":{"start":{"line":8,"column":4},"end":{"line":8,"column":5}},"loc":{"start":{"line":8,"column":40},"end":{"line":8,"column":42}},"line":8},"1":{"name":"(anonymous_1)","decl":{"start":{"line":10,"column":15},"end":{"line":10,"column":16}},"loc":{"start":{"line":10,"column":34},"end":{"line":12,"column":5}},"line":10},"2":{"name":"(anonymous_2)","decl":{"start":{"line":14,"column":17},"end":{"line":14,"column":18}},"loc":{"start":{"line":14,"column":23},"end":{"line":22,"column":5}},"line":14},"3":{"name":"(anonymous_3)","decl":{"start":{"line":24,"column":18},"end":{"line":24,"column":19}},"loc":{"start":{"line":24,"column":62},"end":{"line":40,"column":5}},"line":24},"4":{"name":"(anonymous_4)","decl":{"start":{"line":31,"column":90},"end":{"line":31,"column":91}},"loc":{"start":{"line":31,"column":114},"end":{"line":39,"column":9}},"line":31},"5":{"name":"(anonymous_5)","decl":{"start":{"line":32,"column":40},"end":{"line":32,"column":41}},"loc":{"start":{"line":32,"column":52},"end":{"line":38,"column":13}},"line":32},"6":{"name":"(anonymous_6)","decl":{"start":{"line":42,"column":17},"end":{"line":42,"column":18}},"loc":{"start":{"line":42,"column":63},"end":{"line":59,"column":5}},"line":42},"7":{"name":"(anonymous_7)","decl":{"start":{"line":50,"column":16},"end":{"line":50,"column":17}},"loc":{"start":{"line":50,"column":40},"end":{"line":58,"column":9}},"line":50},"8":{"name":"(anonymous_8)","decl":{"start":{"line":51,"column":40},"end":{"line":51,"column":41}},"loc":{"start":{"line":51,"column":52},"end":{"line":57,"column":13}},"line":51},"9":{"name":"(anonymous_9)","decl":{"start":{"line":61,"column":20},"end":{"line":61,"column":21}},"loc":{"start":{"line":61,"column":66},"end":{"line":75,"column":5}},"line":61},"10":{"name":"(anonymous_10)","decl":{"start":{"line":66,"column":16},"end":{"line":66,"column":17}},"loc":{"start":{"line":66,"column":40},"end":{"line":74,"column":9}},"line":66},"11":{"name":"(anonymous_11)","decl":{"start":{"line":67,"column":40},"end":{"line":67,"column":41}},"loc":{"start":{"line":67,"column":52},"end":{"line":73,"column":13}},"line":67}},"branchMap":{"0":{"loc":{"start":{"line":18,"column":8},"end":{"line":20,"column":9}},"type":"if","locations":[{"start":{"line":18,"column":8},"end":{"line":20,"column":9}},{"start":{},"end":{}}],"line":18},"1":{"loc":{"start":{"line":24,"column":19},"end":{"line":24,"column":29}},"type":"default-arg","locations":[{"start":{"line":24,"column":28},"end":{"line":24,"column":29}}],"line":24},"2":{"loc":{"start":{"line":33,"column":16},"end":{"line":37,"column":17}},"type":"if","locations":[{"start":{"line":33,"column":16},"end":{"line":37,"column":17}},{"start":{"line":35,"column":23},"end":{"line":37,"column":17}}],"line":33},"3":{"loc":{"start":{"line":52,"column":16},"end":{"line":56,"column":17}},"type":"if","locations":[{"start":{"line":52,"column":16},"end":{"line":56,"column":17}},{"start":{"line":54,"column":23},"end":{"line":56,"column":17}}],"line":52},"4":{"loc":{"start":{"line":68,"column":16},"end":{"line":72,"column":17}},"type":"if","locations":[{"start":{"line":68,"column":16},"end":{"line":72,"column":17}},{"start":{"line":70,"column":23},"end":{"line":72,"column":17}}],"line":68}},"s":{"0":0,"1":0,"2":0,"3":0,"4":0,"5":0,"6":0,"7":0,"8":0,"9":0,"10":0,"11":0,"12":0,"13":0,"14":0,"15":0,"16":0,"17":0,"18":0,"19":0,"20":0,"21":0,"22":0,"23":0,"24":0,"25":0,"26":0,"27":0},"f":{"0":0,"1":0,"2":0,"3":0,"4":0,"5":0,"6":0,"7":0,"8":0,"9":0,"10":0,"11":0},"b":{"0":[0,0],"1":[0],"2":[0,0],"3":[0,0],"4":[0,0]}}
,"/home/runner/work/ponomarenko-alex-otus/ponomarenko-alex-otus/react-2025-08/react-2025-08-hw14-les25-api/src/features/services/ProductDiscountService/ProductDiscountService.ts": {"path":"/home/runner/work/ponomarenko-alex-otus/ponomarenko-alex-otus/react-2025-08/react-2025-08-hw14-les25-api/src/features/services/ProductDiscountService/ProductDiscountService.ts","statementMap":{"0":{"start":{"line":4,"column":32},"end":{"line":6,"column":5}},"1":{"start":{"line":5,"column":8},"end":{"line":5,"column":17}}},"fnMap":{"0":{"name":"(anonymous_0)","decl":{"start":{"line":4,"column":32},"end":{"line":4,"column":33}},"loc":{"start":{"line":4,"column":50},"end":{"line":6,"column":5}},"line":4}},"branchMap":{},"s":{"0":0,"1":0},"f":{"0":0},"b":{}}
,"/home/runner/work/ponomarenko-alex-otus/ponomarenko-alex-otus/react-2025-08/react-2025-08-hw14-les25-api/src/features/services/ProfileAPI/ProfileAPI.ts": {"path":"/home/runner/work/ponomarenko-alex-otus/ponomarenko-alex-otus/react-2025-08/react-2025-08-hw14-les25-api/src/features/services/ProfileAPI/ProfileAPI.ts","statementMap":{"0":{"start":{"line":10,"column":15},"end":{"line":12,"column":5}},"1":{"start":{"line":11,"column":8},"end":{"line":11,"column":27}},"2":{"start":{"line":14,"column":17},"end":{"line":22,"column":5}},"3":{"start":{"line":15,"column":37},"end":{"line":17,"column":9}},"4":{"start":{"line":18,"column":8},"end":{"line":20,"column":9}},"5":{"start":{"line":19,"column":12},"end":{"line":19,"column":62}},"6":{"start":{"line":21,"column":8},"end":{"line":21,"column":23}},"7":{"start":{"line":24,"column":17},"end":{"line":34,"column":5}},"8":{"start":{"line":25,"column":8},"end":{"line":33,"column":11}},"9":{"start":{"line":26,"column":12},"end":{"line":32,"column":15}},"10":{"start":{"line":27,"column":16},"end":{"line":31,"column":17}},"11":{"start":{"line":28,"column":20},"end":{"line":28,"column":50}},"12":{"start":{"line":30,"column":20},"end":{"line":30,"column":34}},"13":{"start":{"line":36,"column":21},"end":{"line":50,"column":5}},"14":{"start":{"line":37,"column":8},"end":{"line":49,"column":11}},"15":{"start":{"line":42,"column":12},"end":{"line":48,"column":15}},"16":{"start":{"line":43,"column":16},"end":{"line":47,"column":17}},"17":{"start":{"line":44,"column":20},"end":{"line":44,"column":50}},"18":{"start":{"line":46,"column":20},"end":{"line":46,"column":34}}},"fnMap":{"0":{"name":"(anonymous_0)","decl":{"start":{"line":8,"column":4},"end":{"line":8,"column":5}},"loc":{"start":{"line":8,"column":40},"end":{"line":8,"column":42}},"line":8},"1":{"name":"(anonymous_1)","decl":{"start":{"line":10,"column":15},"end":{"line":10,"column":16}},"loc":{"start":{"line":10,"column":34},"end":{"line":12,"column":5}},"line":10},"2":{"name":"(anonymous_2)","decl":{"start":{"line":14,"column":17},"end":{"line":14,"column":18}},"loc":{"start":{"line":14,"column":23},"end":{"line":22,"column":5}},"line":14},"3":{"name":"(anonymous_3)","decl":{"start":{"line":24,"column":17},"end":{"line":24,"column":18}},"loc":{"start":{"line":24,"column":50},"end":{"line":34,"column":5}},"line":24},"4":{"name":"(anonymous_4)","decl":{"start":{"line":25,"column":84},"end":{"line":25,"column":85}},"loc":{"start":{"line":25,"column":108},"end":{"line":33,"column":9}},"line":25},"5":{"name":"(anonymous_5)","decl":{"start":{"line":26,"column":40},"end":{"line":26,"column":41}},"loc":{"start":{"line":26,"column":52},"end":{"line":32,"column":13}},"line":26},"6":{"name":"(anonymous_6)","decl":{"start":{"line":36,"column":21},"end":{"line":36,"column":22}},"loc":{"start":{"line":36,"column":77},"end":{"line":50,"column":5}},"line":36},"7":{"name":"(anonymous_7)","decl":{"start":{"line":41,"column":16},"end":{"line":41,"column":17}},"loc":{"start":{"line":41,"column":40},"end":{"line":49,"column":9}},"line":41},"8":{"name":"(anonymous_8)","decl":{"start":{"line":42,"column":40},"end":{"line":42,"column":41}},"loc":{"start":{"line":42,"column":52},"end
[...]
,"21":{"name":"(anonymous_21)","decl":{"start":{"line":305,"column":42},"end":{"line":305,"column":43}},"loc":{"start":{"line":305,"column":72},"end":{"line":309,"column":9}},"line":305},"22":{"name":"(anonymous_22)","decl":{"start":{"line":310,"column":35},"end":{"line":310,"column":36}},"loc":{"start":{"line":310,"column":65},"end":{"line":314,"column":9}},"line":310},"23":{"name":"(anonymous_23)","decl":{"start":{"line":315,"column":44},"end":{"line":315,"column":45}},"loc":{"start":{"line":315,"column":74},"end":{"line":319,"column":9}},"line":315},"24":{"name":"(anonymous_24)","decl":{"start":{"line":320,"column":35},"end":{"line":320,"column":36}},"loc":{"start":{"line":320,"column":65},"end":{"line":324,"column":9}},"line":320},"25":{"name":"(anonymous_25)","decl":{"start":{"line":325,"column":31},"end":{"line":325,"column":32}},"loc":{"start":{"line":325,"column":61},"end":{"line":329,"column":9}},"line":325},"26":{"name":"(anonymous_26)","decl":{"start":{"line":330,"column":36},"end":{"line":330,"column":37}},"loc":{"start":{"line":330,"column":66},"end":{"line":334,"column":9}},"line":330},"27":{"name":"(anonymous_27)","decl":{"start":{"line":335,"column":36},"end":{"line":335,"column":37}},"loc":{"start":{"line":335,"column":66},"end":{"line":339,"column":9}},"line":335},"28":{"name":"(anonymous_28)","decl":{"start":{"line":340,"column":25},"end":{"line":340,"column":26}},"loc":{"start":{"line":340,"column":55},"end":{"line":344,"column":9}},"line":340},"29":{"name":"(anonymous_29)","decl":{"start":{"line":345,"column":38},"end":{"line":345,"column":39}},"loc":{"start":{"line":345,"column":68},"end":{"line":349,"column":9}},"line":345},"30":{"name":"(anonymous_30)","decl":{"start":{"line":350,"column":26},"end":{"line":350,"column":27}},"loc":{"start":{"line":350,"column":56},"end":{"line":354,"column":9}},"line":350},"31":{"name":"(anonymous_31)","decl":{"start":{"line":355,"column":47},"end":{"line":355,"column":48}},"loc":{"start":{"line":355,"column":77},"end":{"line":360,"column":9}},"line":355},"32":{"name":"(anonymous_32)","decl":{"start":{"line":361,"column":51},"end":{"line":361,"column":52}},"loc":{"start":{"line":361,"column":81},"end":{"line":365,"column":9}},"line":361}},"branchMap":{},"s":{"0":3,"1":3,"2":3,"3":3,"4":3,"5":3,"6":3,"7":3,"8":3,"9":3,"10":3,"11":3,"12":3,"13":3,"14":3,"15":3,"16":3,"17":3,"18":0,"19":3,"20":1,"21":1,"22":1,"23":1,"24":1,"25":1,"26":1,"27":1,"28":1,"29":1,"30":1,"31":1,"32":1,"33":1,"34":1,"35":1},"f":{"0":3,"1":3,"2":3,"3":3,"4":3,"5":3,"6":3,"7":3,"8":3,"9":3,"10":3,"11":3,"12":3,"13":3,"14":3,"15":3,"16":0,"17":1,"18":1,"19":1,"20":1,"21":1,"22":1,"23":1,"24":1,"25":1,"26":1,"27":1,"28":1,"29":1,"30":1,"31":1,"32":1},"b":{},"_coverageSchema":"1a1c01bbd47fc00a2c39e90264f33305004495a9","hash":"51faee5c2d5e796e73559a3b6b1096946d4767a3"}
,"/home/runner/work/ponomarenko-alex-otus/ponomarenko-alex-otus/react-2025-08/react-2025-08-hw14-les25-api/src/store/sagas.ts": {"path":"/home/runner/work/ponomarenko-alex-otus/ponomarenko-alex-otus/react-2025-08/react-2025-08-hw14-les25-api/src/store/sagas.ts","statementMap":{"0":{"start":{"line":9,"column":4},"end":{"line":9,"column":32}},"1":{"start":{"line":13,"column":4},"end":{"line":13,"column":53}},"2":{"start":{"line":17,"column":4},"end":{"line":41,"column":5}},"3":{"start":{"line":18,"column":33},"end":{"line":28,"column":10}},"4":{"start":{"line":29,"column":52},"end":{"line":29,"column":80}},"5":{"start":{"line":30,"column":8},"end":{"line":38,"column":9}},"6":{"start":{"line":31,"column":12},"end":{"line":34,"column":13}},"7":{"start":{"line":32,"column":34},"end":{"line":32,"column":70}},"8":{"start":{"line":33,"column":16},"end":{"line":33,"column":66}},"9":{"start":{"line":35,"column":12},"end":{"line":35,"column":19}},"10":{"start":{"line":37,"column":12},"end":{"line":37,"column":109}},"11":{"start":{"line":40,"column":8},"end":{"line":40,"column":51}}},"fnMap":{"0":{"name":"helloSaga","decl":{"start":{"line":8,"column":17},"end":{"line":8,"column":26}},"loc":{"start":{"line":8,"column":29},"end":{"line":10,"column":1}},"line":8},"1":{"name":"watchRegister","decl":{"start":{"line":12,"column":17},"end":{"line":12,"column":30}},"loc":{"start":{"line":12,"column":33},"end":{"line":14,"column":1}},"line":12},"2":{"name":"registerSaga","decl":{"start":{"line":16,"column":17},"end":{"line":16,"column":29}},"loc":{"start":{"line":16,"column":54},"end":{"line":42,"column":1}},"line":16}},"branchMap":{"0":{"loc":{"start":{"line":30,"column":8},"end":{"line":38,"column":9}},"type":"if","locations":[{"start":{"line":30,"column":8},"end":{"line":38,"column":9}},{"start":{"line":36,"column":15},"end":{"line":38,"column":9}}],"line":30},"1":{"loc":{"start":{"line":31,"column":12},"end":{"line":34,"column":13}},"type":"if","locations":[{"start":{"line":31,"column":12},"end":{"line":34,"column":13}},{"start":{},"end":{}}],"line":31},"2":{"loc":{"start":{"line":31,"column":16},"end":{"line":31,"column":115}},"type":"binary-expr","locations":[{"start":{"line":31,"column":16},"end":{"line":31,"column":65}},{"start":{"line":31,"column":69},"end":{"line":31,"column":115}}],"line":31}},"s":{"0":1,"1":1,"2":0,"3":0,"4":0,"5":0,"6":0,"7":0,"8":0,"9":0,"10":0,"11":0},"f":{"0":1,"1":1,"2":0},"b":{"0":[0,0],"1":[0,0],"2":[0,0]},"_coverageSchema":"1a1c01bbd47fc00a2c39e90264f33305004495a9","hash":"932c95b6ca8806872965d0ea0cc304a29377accc"}
,"/home/runner/work/ponomarenko-alex-otus/ponomarenko-alex-otus/react-2025-08/react-2025-08-hw14-les25-api/src/store/selectors.ts": {"path":"/home/runner/work/ponomarenko-alex-otus/ponomarenko-alex-otus/react-2025-08/react-2025-08-hw14-les25-api/src/store/selectors.ts","statementMap":{"0":{"start":{"line":4,"column":27},"end":{"line":21,"column":1}},"1":{"start":{"line":5,"column":36},"end":{"line":5,"column":54}},"2":{"start":{"line":6,"column":38},"end":{"line":6,"column":58}},"3":{"start":{"line":7,"column":36},"end":{"line":7,"column":54}},"4":{"start":{"line":8,"column":44},"end":{"line":8,"column":70}},"5":{"start":{"line":9,"column":46},"end":{"line":9,"column":74}},"6":{"start":{"line":10,"column":41},"end":{"line":10,"column":64}},"7":{"start":{"line":11,"column":48},"end":{"line":11,"column":78}},"8":{"start":{"line":12,"column":41},"end":{"line":12,"column":64}},"9":{"start":{"line":13,"column":38},"end":{"line":13,"column":58}},"10":{"start":{"line":14,"column":41},"end":{"line":14,"column":64}},"11":{"start":{"line":15,"column":42},"end":{"line":15,"column":66}},"12":{"start":{"line":16,"column":32},"end":{"line":16,"column":46}},"13":{"start":{"line":17,"column":43},"end":{"line":17,"column":68}},"14":{"start":{"line":18,"column":33},"end":{"line":18,"column":48}},"15":{"start":{"line":19,"column":51},"end":{"line":19,"column":84}},"16":{"start":{"line":20,"column":49},"end":{"line":20,"column":80}},"17":{"start":{"line":23,"column":35},"end":{"line":26,"column":1}},"18":{"start":{"line":24,"column":24},"end":{"line":24,"column":87}},"19":{"start":{"line":24,"column":54},"end":{"line":24,"column":86}},"20":{"start":{"line":25,"column":4},"end":{"line":25,"column":55}}},"fnMap":{"0":{"name":"(anonymous_0)","decl":{"start":{"line":5,"column":14},"end":{"line":5,"column":15}},"loc":{"start":{"line":5,"column":36},"end":{"line":5,"column":54}},"line":5},"1":{"name":"(anonymous_1)","decl":{"start":{"line":6,"column":16},"end":{"line":6,"column":17}},"loc":{"start":{"line":6,"column":38},"end":{"line":6,"column":58}},"line":6},"2":{"name":"(anonymous_2)","decl":{"start":{"line":7,"column":14},"end":{"line":7,"column":15}},"loc":{"start":{"line":7,"column":36},"end":{"line":7,"column":54}},"line":7},"3":{"name":"(anonymous_3)","decl":{"start":{"line":8,"column":22},"end":{"line":8,"column":23}},"loc":{"start":{"line":8,"column":44},"end":{"line":8,"column":70}},"line":8},"4":{"name":"(anonymous_4)","decl":{"start":{"line":9,"column":24},"end":{"line":9,"column":25}},"loc":{"start":{"line":9,"column":46},"end":{"line":9,"column":74}},"line":9},"5":{"name":"(anonymous_5)","decl":{"start":{"line":10,"column":19},"end":{"line":10,"column":20}},"loc":{"start":{"line":10,"column":41},"end":{"line":10,"column":64}},"line":10},"6":{"name":"(anonymous_6)","decl":{"start":{"line":11,"column":26},"end":{"line":11,"column":27}},"loc":{"start":{"line":11,"column":48},"end":{"line":11,"column":78}},"line":11},"7":{"name":"(anonymous_7)","decl":{"start":{"line":12,"column":19},"end":{"line":12,"column":20}},"loc":{"start":{"line":12,"column":41},"end":{"line":12,"column":64}},"line":12},"8":{"name":"(anonymous_8)","decl":{"start":{"line":13,"column":16},"end":{"line":13,"column":17}},"loc":{"start":{"line":13,"column":38},"end":{"line":13,"column":58}},"line":13},"9":{"name":"(anonymous_9)","decl":{"start":{"line":14,"column":19},"end":{"line":14,"column":20}},"loc":{"start":{"line":14,"column":41},"end":{"line":14,"column":64}},"line":14},"10":{"name":"(anonymous_10)","decl":{"start":{"line":15,"column":20},"end":{"line":15,"column":21}},"loc":{"start":{"line":15,"column":42},"end":{"line":15,"column":66}},"line":15},"11":{"name":"(anonymous_11)","decl":{"start":{"line":16,"column":10},"end":{"line":16,"column":11}},"loc":{"start":{"line":16,"column":32},"end":{"line":16,"column":46}},"line":16},"12":{"name":"(anonymous_12)","decl":{"start":{"line":17,"column":21},"end":{"line":17,"column":22}},"loc":{"start":{"line":17,"column":43},"end":{"line":17,"column":68}},"line":17},"13":{"name":"(anonymous_13)","decl":{"start":{"line":18,"column":11},"end":{"line":18,"column":12}},"loc":{"start":{"line":18,"column":33},"end":{"line":18,"column":48}},"line":18},"14":{"name":"(anonymous_14)","decl":{"start":{"line":19,"column":29},"end":{"line":19,"column":30}},"loc":{"start":{"line":19,"column":51},"end":{"line":19,"column":84}},"line":19},"15":{"name":"(anonymous_15)","decl":{"start":{"line":20,"column":27},"end":{"line":20,"column":28}},"loc":{"start":{"line":20,"column":49},"end":{"line":20,"column":80}},"line":20},"16":{"name":"(anonymous_16)","decl":{"start":{"line":23,"column":35},"end":{"line":23,"column":36}},"loc":{"start":{"line":23,"column":78},"end":{"line":26,"column":1}},"line":23},"17":{"name":"(anonymous_17)","decl":{"start":{"line":24,"column":40},"end":{"line":24,"column":41}},"loc":{"start":{"line":24,"column":54},"end":{"line":24,"column":86}},"line":24}},"branchMap":{"0":{"loc":{"start":{"line":25,"column":11},"end":{"line":25,"column":54}},"type":"cond-expr","locations":[{"start":{"line":25,"column":32},"end":{"line":25,"column":50}},{"start":{"line":25,"column":53},"end":{"line":25,"column":54}}],"line":25}},"s":{"0":0,"1":0,"2":0,"3":0,"4":0,"5":0,"6":0,"7":0,"8":0,"9":0,"10":0,"11":0,"12":0,"13":0,"14":0,"15":0,"16":0,"17":0,"18":0,"19":0,"20":0},"f":{"0":0,"1":0,"2":0,"3":0,"4":0,"5":0,"6":0,"7":0,"8":0,"9":0,"10":0,"11":0,"12":0,"13":0,"14":0,"15":0,"16":0,"17":0},"b":{"0":[0,0]}}
,"/home/runner/work/ponomarenko-alex-otus/ponomarenko-alex-otus/react-2025-08/react-2025-08-hw14-les25-api/src/store/store.ts": {"path":"/home/runner/work/ponomarenko-alex-otus/ponomarenko-alex-otus/react-2025-08/react-2025-08-hw14-les25-api/src/store/store.ts","statementMap":{"0":{"start":{"line":8,"column":23},"end":{"line":8,"column":45}},"1":{"start":{"line":10,"column":20},"end":{"line":12,"column":2}},"2":{"start":{"line":15,"column":14},"end":{"line":15,"column":92}},"3":{"start":{"line":18,"column":4},"end":{"line":18,"column":46}},"4":{"start":{"line":21,"column":0},"end":{"line":21,"column":29}},"5":{"start":{"line":22,"column":24},"end":{"line":22,"column":35}},"6":{"start":{"line":22,"column":30},"end":{"line":22,"column":35}}},"fnMap":{"0":{"name":"rootSaga","decl":{"start":{"line":17,"column":17},"end":{"line":17,"column":25}},"loc":{"start":{"line":17,"column":59},"end":{"line":19,"column":1}},"line":17},"1":{"name":"(anonymous_1)","decl":{"start":{"line":22,"column":24},"end":{"line":22,"column":25}},"loc":{"start":{"line":22,"column":30},"end":{"line":22,"column":35}},"line":22}},"branchMap":{},"s":{"0":1,"1":1,"2":1,"3":1,"4":1,"5":1,"6":0},"f":{"0":1,"1":0},"b":{},"_coverageSchema":"1a1c01bbd47fc00a2c39e90264f33305004495a9","hash":"7983f9125ca7441a6f093e2b71d7e4985ec94e68"}
,"/home/runner/work/ponomarenko-alex-otus/ponomarenko-alex-otus/react-2025-08/react-2025-08-hw14-les25-api/src/testFramework/castPartialTo.ts": {"path":"/home/runner/work/ponomarenko-alex-otus/ponomarenko-alex-otus/react-2025-08/react-2025-08-hw14-les25-api/src/testFramework/castPartialTo.ts","statementMap":{"0":{"start":{"line":11,"column":4},"end":{"line":11,"column":33}}},"fnMap":{"0":{"name":"castPartialTo","decl":{"start":{"line":10,"column":16},"end":{"line":10,"column":29}},"loc":{"start":{"line":10,"column":59},"end":{"line":12,"column":1}},"line":10}},"branchMap":{},"s":{"0":22},"f":{"0":22},"b":{},"_coverageSchema":"1a1c01bbd47fc00a2c39e90264f33305004495a9","hash":"22c07126324bff20c10d21bcedc01c7aed97a1b0"}
,"/home/runner/work/ponomarenko-alex-otus/ponomarenko-alex-otus/react-2025-08/react-2025-08-hw14-les25-api/src/testFramework/reducer.ts": {"path":"/home/runner/work/ponomarenko-alex-otus/ponomarenko-alex-otus/react-2025-08/react-2025-08-hw14-les25-api/src/testFramework/reducer.ts","statementMap":{"0":{"start":{"line":3,"column":28},"end":{"line":12,"column":1}},"1":{"start":{"line":4,"column":4},"end":{"line":6,"column":5}},"2":{"start":{"line":5,"column":8},"end":{"line":5,"column":41}},"3":{"start":{"line":7,"column":23},"end":{"line":7,"column":42}},"4":{"start":{"line":8,"column":29},"end":{"line":8,"column":64}},"5":{"start":{"line":9,"column":23},"end":{"line":9,"column":36}},"6":{"start":{"line":10,"column":24},"end":{"line":10,"column":67}},"7":{"start":{"line":11,"column":4},"end":{"line":11,"column":41}},"8":{"start":{"line":14,"column":22},"end":{"line":22,"column":1}},"9":{"start":{"line":15,"column":14},"end":{"line":15,"column":19}},"10":{"start":{"line":16,"column":4},"end":{"line":20,"column":5}},"11":{"start":{"line":17,"column":27},"end":{"line":17,"column":43}},"12":{"start":{"line":18,"column":33},"end":{"line":18,"column":68}},"13":{"start":{"line":19,"column":8},"end":{"line":19,"column":65}},"14":{"start":{"line":21,"column":4},"end":{"line":21,"column":15}},"15":{"start":{"line":24,"column":19},"end":{"line":24,"column":43}},"16":{"start":{"line":24,"column":25},"end":{"line":24,"column":43}},"17":{"start":{"line":25,"column":19},"end":{"line":25,"column":52}},"18":{"start":{"line":25,"column":25},"end":{"line":25,"column":52}},"19":{"start":{"line":26,"column":20},"end":{"line":26,"column":50}},"20":{"start":{"line":26,"column":26},"end":{"line":26,"column":50}},"21":{"start":{"line":27,"column":20},"end":{"line":27,"column":76}},"22":{"start":{"line":27,"column":41},"end":{"line":27,"column":76}},"23":{"start":{"line":28,"column":23},"end":{"line":28,"column":98}},"24":{"start":{"line":28,"column":61},"end":{"line":28,"column":98}},"25":{"start":{"line":30,"column":24},"end":{"line":30,"column":26}},"26":{"start":{"line":31,"column":4},"end":{"line":33,"column":5}},"27":{"start":{"line":31,"column":17},"end":{"line":31,"column":18}},"28":{"start":{"line":32,"column":8},"end":{"line":32,"column":37}},"29":{"start":{"line":34,"column":4},"end":{"line":34,"column":18}}},"fnMap":{"0":{"name":"(anonymous_0)","decl":{"start":{"line":3,"column":28},"end":{"line":3,"column":29}},"loc":{"start":{"line":3,"column":86},"end":{"line":12,"column":1}},"line":3},"1":{"name":"(anonymous_1)","decl":{"start":{"line":14,"column":22},"end":{"line":14,"column":23}},"loc":{"start":{"line":14,"column":107},"end":{"line":22,"column":1}},"line":14},"2":{"name":"(anonymous_2)","decl":{"start":{"line":24,"column":19},"end":{"line":24,"column":20}},"loc":{"start":{"line":24,"column":25},"end":{"line":24,"column":43}},"line":24},"3":{"name":"(anonymous_3)","decl":{"start":{"line":25,"column":19},"end":{"line":25,"column":20}},"loc":{"start":{"line":25,"column":25},"end":{"line":25,"column":52}},"line":25},"4":{"name":"(anonymous_4)","decl":{"start":{"line":26,"column":20},"end":{"line":26,"column":21}},"loc":{"start":{"line":26,"column":26},"end":{"line":26,"column":50}},"line":26},"5":{"name":"(anonymous_5)","decl":{"start":{"line":27,"column":20},"end":{"line":27,"column":21}},"loc":{"start":{"line":27,"column":41},"end":{"line":27,"column":76}},"line":27},"6":{"name":"(anonymous_6)","decl":{"start":{"line":28,"column":23},"end":{"line":28,"column":24}},"loc":{"start":{"line":28,"column":61},"end":{"line":28,"column":98}},"line":28},"7":{"name":"rndAr","decl":{"start":{"line":29,"column":16},"end":{"line":29,"column":21}},"loc":{"start":{"line":29,"column":76},"end":{"line":35,"column":1}},"line":29}},"branchMap":{"0":{"loc":{"start":{"line":4,"column":4},"end":{"line":6,"column":5}},"type":"if","locations":[{"start":{"line":4,"column":4},"end":{"line":6,"column":5}},{"start":{},"end":{}}],"line":4},"1":{"loc":{"start":{"line":16,"column":4},"end":{"line":20,"column":5}},"type":"if","locations":[{"start":{"line":16,"column":4},"end":{"line":20,"column":5}},{"start":{},"end":{}}],"line":16},"2":{"loc":{"start":{"line":16,"column":8},"end":{"line":16,"column":62}},"type":"binary-expr","locations":[{"start":{"line":16,"column":8},"end":{"line":16,"column":33}},{"start":{"line":16,"column":37},"end":{"line":16,"column":62}}],"line":16}},"s":{"0":3,"1":20,"2":19,"3":1,"4":1,"5":1,"6":1,"7":1,"8":3,"9":18,"10":18,"11":1,"12":1,"13":1,"14":18,"15":3,"16":3,"17":3,"18":35,"19":3,"20":2,"21":3,"22":0,"23":3,"24":4,"25":4,"26":4,"27":4,"28":23,"29":4},"f":{"0":20,"1":18,"2":3,"3":35,"4":2,"5":0,"6":4,"7":4},"b":{"0":[19,1],"1":[1,17],"2":[18,6]},"_coverageSchema":"1a1c01bbd47fc00a2c39e90264f33305004495a9","hash":"fd9599794da9f4fc6379e3c666ceb0c22077ba01"}
,"/home/runner/work/ponomarenko-alex-otus/ponomarenko-alex-otus/react-2025-08/react-2025-08-hw14-les25-api/src/utils/findNodeWithDataAttr.ts": {"path":"/home/runner/work/ponomarenko-alex-otus/ponomarenko-alex-otus/react-2025-08/react-2025-08-hw14-les25-api/src/utils/findNodeWithDataAttr.ts","statementMap":{"0":{"start":{"line":1,"column":36},"end":{"line":15,"column":1}},"1":{"start":{"line":2,"column":30},"end":{"line":2,"column":34}},"2":{"start":{"line":3,"column":16},"end":{"line":3,"column":17}},"3":{"start":{"line":4,"column":4},"end":{"line":7,"column":5}},"4":{"start":{"line":5,"column":8},"end":{"line":5,"column":53}},"5":{"start":{"line":6,"column":8},"end":{"line":6,"column":16}},"6":{"start":{"line":9,"column":4},"end":{"line":12,"column":5}},"7":{"start":{"line":10,"column":8},"end":{"line":10,"column":66}},"8":{"start":{"line":11,"column":8},"end":{"line":11,"column":20}},"9":{"start":{"line":14,"column":4},"end":{"line":14,"column":18}}},"fnMap":{"0":{"name":"(anonymous_0)","decl":{"start":{"line":1,"column":36},"end":{"line":1,"column":37}},"loc":{"start":{"line":1,"column":107},"end":{"line":15,"column":1}},"line":1}},"branchMap":{"0":{"loc":{"start":{"line":1,"column":70},"end":{"line":1,"column":82}},"type":"default-arg","locations":[{"start":{"line":1,"column":81},"end":{"line":1,"column":82}}],"line":1},"1":{"loc":{"start":{"line":4,"column":11},"end":{"line":4,"column":93}},"type":"binary-expr","locations":[{"start":{"line":4,"column":11},"end":{"line":4,"column":26}},{"start":{"line":4,"column":30},"end":{"line":4,"column":73}},{"start":{"line":4,"column":77},"end":{"line":4,"column":93}}],"line":4},"2":{"loc":{"start":{"line":9,"column":4},"end":{"line":12,"column":5}},"type":"if","locations":[{"start":{"line":9,"column":4},"end":{"line":12,"column":5}},{"start":{},"end":{}}],"line":9},"3":{"loc":{"start":{"line":9,"column":8},"end":{"line":9,"column":70}},"type":"binary-expr","locations":[{"start":{"line":9,"column":8},"end":{"line":9,"column":23}},{"start":{"line":9,"column":27},"end":{"line":9,"column":70}}],"line":9}},"s":{"0":0,"1":0,"2":0,"3":0,"4":0,"5":0,"6":0,"7":0,"8":0,"9":0},"f":{"0":0},"b":{"0":[0],"1":[0,0,0],"2":[0,0],"3":[0,0]}}
}
