{"/home/runner/work/ponomarenko-alex-otus/ponomarenko-alex-otus/react-2025-08/react-2025-08-hw11-les19-jest/src/app/App.tsx": {"path":"/home/runner/work/ponomarenko-alex-otus/ponomarenko-alex-otus/react-2025-08/react-2025-08-hw11-les19-jest/src/app/App.tsx","statementMap":{"0":{"start":{"line":1,"column":0},"end":{"line":1,"column":42}},"1":{"start":{"line":2,"column":0},"end":{"line":2,"column":19}},"2":{"start":{"line":3,"column":0},"end":{"line":3,"column":43}},"3":{"start":{"line":4,"column":0},"end":{"line":4,"column":46}},"4":{"start":{"line":5,"column":0},"end":{"line":5,"column":48}},"5":{"start":{"line":6,"column":0},"end":{"line":6,"column":54}},"6":{"start":{"line":7,"column":0},"end":{"line":7,"column":52}},"7":{"start":{"line":8,"column":0},"end":{"line":8,"column":58}},"8":{"start":{"line":9,"column":0},"end":{"line":9,"column":61}},"9":{"start":{"line":10,"column":0},"end":{"line":10,"column":85}},"10":{"start":{"line":11,"column":0},"end":{"line":11,"column":52}},"11":{"start":{"line":12,"column":0},"end":{"line":12,"column":69}},"12":{"start":{"line":13,"column":0},"end":{"line":13,"column":79}},"13":{"start":{"line":16,"column":31},"end":{"line":16,"column":54}},"14":{"start":{"line":17,"column":25},"end":{"line":17,"column":47}},"15":{"start":{"line":19,"column":4},"end":{"line":45,"column":6}},"16":{"start":{"line":25,"column":69},"end":{"line":25,"column":73}},"17":{"start":{"line":48,"column":0},"end":{"line":48,"column":19}}},"fnMap":{"0":{"name":"App","decl":{"start":{"line":15,"column":9},"end":{"line":15,"column":12}},"loc":{"start":{"line":15,"column":12},"end":{"line":46,"column":1}}},"1":{"name":"(anonymous_8)","decl":{"start":{"line":25,"column":63},"end":{"line":25,"column":66}},"loc":{"start":{"line":25,"column":69},"end":{"line":25,"column":73}}}},"branchMap":{},"s":{"0":0,"1":0,"2":0,"3":0,"4":0,"5":0,"6":0,"7":0,"8":0,"9":0,"10":0,"11":0,"12":0,"13":0,"14":0,"15":0,"16":0,"17":0},"f":{"0":0,"1":0},"b":{}}
,"/home/runner/work/ponomarenko-alex-otus/ponomarenko-alex-otus/react-2025-08/react-2025-08-hw11-les19-jest/src/constants/Theme.ts": {"path":"/home/runner/work/ponomarenko-alex-otus/ponomarenko-alex-otus/react-2025-08/react-2025-08-hw11-les19-jest/src/constants/Theme.ts","statementMap":{"0":{"start":{"line":1,"column":0},"end":{"line":1,"column":null}},"1":{"start":{"line":2,"column":4},"end":{"line":2,"column":null}},"2":{"start":{"line":3,"column":4},"end":{"line":3,"column":null}}},"fnMap":{"0":{"name":"(anonymous_0)","decl":{"start":{"line":1,"column":0},"end":{"line":1,"column":12}},"loc":{"start":{"line":1,"column":17},"end":{"line":4,"column":1}}}},"branchMap":{"0":{"loc":{"start":{"line":1,"column":12},"end":{"line":1,"column":null}},"type":"binary-expr","locations":[{"start":{"line":1,"column":12},"end":{"line":1,"column":17}},{"start":{"line":1,"column":17},"end":{"line":1,"column":null}}]}},"s":{"0":0,"1":0,"2":0},"f":{"0":0},"b":{"0":[0,0]}}
,"/home/runner/work/ponomarenko-alex-otus/ponomarenko-alex-otus/react-2025-08/react-2025-08-hw11-les19-jest/src/constants/bigText.tsx": {"path":"/home/runner/work/ponomarenko-alex-otus/ponomarenko-alex-otus/react-2025-08/react-2025-08-hw11-les19-jest/src/constants/bigText.tsx","statementMap":{"0":{"start":{"line":1,"column":0},"end":{"line":1,"column":26}},"1":{"start":{"line":3,"column":13},"end":{"line":22,"column":2}}},"fnMap":{},"branchMap":{},"s":{"0":0,"1":0},"f":{},"b":{}}
,"/home/runner/work/ponomarenko-alex-otus/ponomarenko-alex-otus/react-2025-08/react-2025-08-hw11-les19-jest/src/constants/middleText.ts": {"path":"/home/runner/work/ponomarenko-alex-otus/ponomarenko-alex-otus/react-2025-08/react-2025-08-hw11-les19-jest/src/constants/middleText.ts","statementMap":{"0":{"start":{"line":1,"column":13},"end":{"line":3,"column":2}}},"fnMap":{},"branchMap":{},"s":{"0":0},"f":{},"b":{}}
,"/home/runner/work/ponomarenko-alex-otus/ponomarenko-alex-otus/react-2025-08/react-2025-08-hw11-les19-jest/src/constants/shortText.ts": {"path":"/home/runner/work/ponomarenko-alex-otus/ponomarenko-alex-otus/react-2025-08/react-2025-08-hw11-les19-jest/src/constants/shortText.ts","statementMap":{"0":{"start":{"line":1,"column":13},"end":{"line":1,"column":59}}},"fnMap":{},"branchMap":{},"s":{"0":0},"f":{},"b":{}}
,"/home/runner/work/ponomarenko-alex-otus/ponomarenko-alex-otus/react-2025-08/react-2025-08-hw11-les19-jest/src/entities/Product.ts": {"path":"/home/runner/work/ponomarenko-alex-otus/ponomarenko-alex-otus/react-2025-08/react-2025-08-hw11-les19-jest/src/entities/Product.ts","statementMap":{"0":{"start":{"line":1,"column":0},"end":{"line":1,"column":null}},"1":{"start":{"line":2,"column":4},"end":{"line":2,"column":null}},"2":{"start":{"line":3,"column":4},"end":{"line":3,"column":null}},"3":{"start":{"line":4,"column":4},"end":{"line":4,"column":null}}},"fnMap":{"0":{"name":"(anonymous_0)","decl":{"start":{"line":1,"column":0},"end":{"line":1,"column":12}},"loc":{"start":{"line":1,"column":23},"end":{"line":5,"column":1}}}},"branchMap":{"0":{"loc":{"start":{"line":1,"column":12},"end":{"line":1,"column":null}},"type":"binary-expr","locations":[{"start":{"line":1,"column":12},"end":{"line":1,"column":23}},{"start":{"line":1,"column":23},"end":{"line":1,"column":null}}]}},"s":{"0":1,"1":1,"2":1,"3":1},"f":{"0":1},"b":{"0":[1,1]}}
,"/home/runner/work/ponomarenko-alex-otus/ponomarenko-alex-otus/react-2025-08/react-2025-08-hw11-les19-jest/src/entities/User.ts": {"path":"/home/runner/work/ponomarenko-alex-otus/ponomarenko-alex-otus/react-2025-08/react-2025-08-hw11-les19-jest/src/entities/User.ts","statementMap":{"0":{"start":{"line":1,"column":0},"end":{"line":1,"column":null}},"1":{"start":{"line":2,"column":4},"end":{"line":2,"column":null}},"2":{"start":{"line":3,"column":4},"end":{"line":3,"column":null}},"3":{"start":{"line":4,"column":4},"end":{"line":4,"column":null}},"4":{"start":{"line":5,"column":4},"end":{"line":5,"column":null}}},"fnMap":{"0":{"name":"(anonymous_0)","decl":{"start":{"line":1,"column":0},"end":{"line":1,"column":12}},"loc":{"start":{"line":1,"column":20},"end":{"line":6,"column":1}}}},"branchMap":{"0":{"loc":{"start":{"line":1,"column":12},"end":{"line":1,"column":null}},"type":"binary-expr","locations":[{"start":{"line":1,"column":12},"end":{"line":1,"column":20}},{"start":{"line":1,"column":20},"end":{"line":1,"column":null}}]}},"s":{"0":1,"1":1,"2":1,"3":1,"4":1},"f":{"0":1},"b":{"0":[1,1]}}
,"/home/runner/work/ponomarenko-alex-otus/ponomarenko-alex-otus/react-2025-08/react-2025-08-hw11-les19-jest/src/features/forms/EditProductForm/EditProductForm.tsx": {"path":"/home/runner/work/ponomarenko-alex-otus/ponomarenko-alex-otus/react-2025-08/react-2025-08-hw11-les19-jest/src/features/forms/EditProductForm/EditProductForm.tsx","statementMap":{"0":{"start":{"line":1,"column":0},"end":{"line":1,"column":42}},"1":{"start":{"line":3,"column":0},"end":{"line":3,"column":44}},"2":{"start":{"line":4,"column":0},"end":{"line":4,"column":35}},"3":{"start":{"line":5,"column":0},"end":{"line":5,"column":27}},"4":{"start":{"line":6,"column":0},"end":{"line":6,"column":65}},"5":{"start":{"line":14,"column":63},"end":{"line":78,"column":1}},"6":{"start":{"line":15,"column":31},"end":{"line":15,"column":54}},"7":{"start":{"line":17,"column":25},"end":{"line":17,"column":55}},"8":{"start":{"line":18,"column":28},"end":{"line":18,"column":49}},"9":{"start":{"line":19,"column":29},"end":{"line":24,"column":6}},"10":{"start":{"line":25,"column":19},"end":{"line":32,"column":6}},"11":{"start":{"line":28,"column":12},"end":{"line":28,"column":29}},"12":{"start":{"line":34,"column":4},"end":{"line":77,"column":6}},"13":{"start":{"line":14,"column":13},"end":{"line":14,"column":63}}},"fnMap":{"0":{"name":"(anonymous_7)","decl":{"start":{"line":14,"column":63},"end":{"line":14,"column":64}},"loc":{"start":{"line":14,"column":110},"end":{"line":78,"column":1}}},"1":{"name":"(anonymous_8)","decl":{"start":{"line":27,"column":18},"end":{"line":27,"column":19}},"loc":{"start":{"line":27,"column":29},"end":{"line":29,"column":9}}}},"branchMap":{"0":{"loc":{"start":{"line":39,"column":17},"end":{"line":39,"column":97}},"type":"binary-expr","locations":[{"start":{"line":39,"column":17},"end":{"line":39,"column":36}},{"start":{"line":39,"column":40},"end":{"line":39,"column":97}}]},"1":{"loc":{"start":{"line":45,"column":17},"end":{"line":45,"column":97}},"type":"binary-expr","locations":[{"start":{"line":45,"column":17},"end":{"line":45,"column":36}},{"start":{"line":45,"column":40},"end":{"line":45,"column":97}}]},"2":{"loc":{"start":{"line":51,"column":17},"end":{"line":51,"column":95}},"type":"binary-expr","locations":[{"start":{"line":51,"column":17},"end":{"line":51,"column":35}},{"start":{"line":51,"column":39},"end":{"line":51,"column":95}}]},"3":{"loc":{"start":{"line":57,"column":17},"end":{"line":57,"column":103}},"type":"binary-expr","locations":[{"start":{"line":57,"column":17},"end":{"line":57,"column":39}},{"start":{"line":57,"column":43},"end":{"line":57,"column":103}}]},"4":{"loc":{"start":{"line":68,"column":17},"end":{"line":68,"column":109}},"type":"binary-expr","locations":[{"start":{"line":68,"column":17},"end":{"line":68,"column":42}},{"start":{"line":68,"column":46},"end":{"line":68,"column":109}}]}},"s":{"0":0,"1":0,"2":0,"3":0,"4":0,"5":0,"6":0,"7":0,"8":0,"9":0,"10":0,"11":0,"12":0,"13":0},"f":{"0":0,"1":0},"b":{"0":[0,0],"1":[0,0],"2":[0,0],"3":[0,0],"4":[0,0]}}
,"/home/runner/work/ponomarenko-alex-otus/ponomarenko-alex-otus/react-2025-08/react-2025-08-hw11-les19-jest/src/features/forms/LoginForm/LoginForm.tsx": {"path":"/home/runner/work/ponomarenko-alex-otus/ponomarenko-alex-otus/react-2025-08/react-2025-08-hw11-les19-jest/src/features/forms/LoginForm/LoginForm.tsx","statementMap":{"0":{"start":{"line":1,"column":0},"end":{"line":1,"column":42}},"1":{"start":{"line":3,"column":0},"end":{"line":3,"column":38}},"2":{"start":{"line":4,"column":0},"end":{"line":4,"column":35}},"3":{"start":{"line":5,"column":0},"end":{"line":5,"column":27}},"4":{"start":{"line":6,"column":0},"end":{"line":6,"column":65}},"5":{"start":{"line":15,"column":51},"end":{"line":74,"column":1}},"6":{"start":{"line":16,"column":31},"end":{"line":16,"column":54}},"7":{"start":{"line":17,"column":28},"end":{"line":17,"column":49}},"8":{"start":{"line":19,"column":29},"end":{"line":28,"column":6}},"9":{"start":{"line":30,"column":19},"end":{"line":38,"column":6}},"10":{"start":{"line":33,"column":12},"end":{"line":33,"column":29}},"11":{"start":{"line":34,"column":12},"end":{"line":34,"column":24}},"12":{"start":{"line":40,"column":25},"end":{"line":40,"column":49}},"13":{"start":{"line":41,"column":4},"end":{"line":73,"column":6}},"14":{"start":{"line":15,"column":13},"end":{"line":15,"column":51}}},"fnMap":{"0":{"name":"(anonymous_7)","decl":{"start":{"line":15,"column":51},"end":{"line":15,"column":52}},"loc":{"start":{"line":15,"column":113},"end":{"line":74,"column":1}}},"1":{"name":"(anonymous_8)","decl":{"start":{"line":32,"column":18},"end":{"line":32,"column":19}},"loc":{"start":{"line":32,"column":44},"end":{"line":35,"column":9}}}},"branchMap":{"0":{"loc":{"start":{"line":22,"column":24},"end":{"line":27,"column":23}},"type":"cond-expr","locations":[{"start":{"line":23,"column":14},"end":{"line":26,"column":85}},{"start":{"line":27,"column":14},"end":{"line":27,"column":23}}]},"1":{"loc":{"start":{"line":46,"column":17},"end":{"line":46,"column":97}},"type":"binary-expr","locations":[{"start":{"line":46,"column":17},"end":{"line":46,"column":36}},{"start":{"line":46,"column":40},"end":{"line":46,"column":97}}]},"2":{"loc":{"start":{"line":52,"column":17},"end":{"line":52,"column":103}},"type":"binary-expr","locations":[{"start":{"line":52,"column":17},"end":{"line":52,"column":39}},{"start":{"line":52,"column":43},"end":{"line":52,"column":103}}]},"3":{"loc":{"start":{"line":55,"column":13},"end":{"line":65,"column":null}},"type":"binary-expr","locations":[{"start":{"line":55,"column":13},"end":{"line":55,"column":26}},{"start":{"line":56,"column":16},"end":{"line":64,"column":null}}]},"4":{"loc":{"start":{"line":64,"column":21},"end":{"line":64,"column":119}},"type":"binary-expr","locations":[{"start":{"line":64,"column":21},"end":{"line":64,"column":49}},{"start":{"line":64,"column":53},"end":{"line":64,"column":119}}]}},"s":{"0":0,"1":0,"2":0,"3":0,"4":0,"5":0,"6":0,"7":0,"8":0,"9":0,"10":0,"11":0,"12":0,"13":0,"14":0},"f":{"0":0,"1":0},"b":{"0":[0,0],"1":[0,0],"2":[0,0],"3":[0,0],"4":[0,0]}}
,"/home/runner/work/ponomarenko-alex-otus/ponomarenko-alex-otus/react-2025-08/react-2025-08-hw11-les19-jest/src/features/forms/ProfileForm/ProfileForm.tsx": {"path":"/home/runner/work/ponomarenko-alex-otus/ponomarenko-alex-otus/react-2025-08/react-2025-08-hw11-les19-jest/src/features/forms/ProfileForm/ProfileForm.tsx","statementMap":{"0":{"start":{"line":1,"column":0},"end":{"line":1,"column":42}},"1":{"start":{"line":3,"column":0},"end":{"line":3,"column":40}},"2":{"start":{"line":4,"column":0},"end":{"line":4,"column":35}},"3":{"start":{"line":5,"column":0},"end":{"line":5,"column":27}},"4":{"start":{"line":6,"column":0},"end":{"line":6,"column":65}},"5":{"start":{"line":14,"column":55},"end":{"line":53,"column":1}},"6":{"start":{"line":15,"column":31},"end":{"line":15,"column":54}},"7":{"start":{"line":16,"column":28},"end":{"line":16,"column":49}},"8":{"start":{"line":18,"column":29},"end":{"line":21,"column":6}},"9":{"start":{"line":22,"column":19},"end":{"line":29,"column":6}},"10":{"start":{"line":25,"column":12},"end":{"line":25,"column":29}},"11":{"start":{"line":31,"column":25},"end":{"line":31,"column":51}},"12":{"start":{"line":32,"column":4},"end":{"line":52,"column":6}},"13":{"start":{"line":14,"column":13},"end":{"line":14,"column":55}}},"fnMap":{"0":{"name":"(anonymous_7)","decl":{"start":{"line":14,"column":55},"end":{"line":14,"column":56}},"loc":{"start":{"line":14,"column":102},"end":{"line":53,"column":1}}},"1":{"name":"(anonymous_8)","decl":{"start":{"line":24,"column":18},"end":{"line":24,"column":19}},"loc":{"start":{"line":24,"column":29},"end":{"line":26,"column":9}}}},"branchMap":{"0":{"loc":{"start":{"line":37,"column":17},"end":{"line":37,"column":95}},"type":"binary-expr","locations":[{"start":{"line":37,"column":17},"end":{"line":37,"column":35}},{"start":{"line":37,"column":39},"end":{"line":37,"column":95}}]},"1":{"loc":{"start":{"line":43,"column":17},"end":{"line":43,"column":97}},"type":"binary-expr","locations":[{"start":{"line":43,"column":17},"end":{"line":43,"column":36}},{"start":{"line":43,"column":40},"end":{"line":43,"column":97}}]}},"s":{"0":0,"1":0,"2":0,"3":0,"4":0,"5":0,"6":0,"7":0,"8":0,"9":0,"10":0,"11":0,"12":0,"13":0},"f":{"0":0,"1":0},"b":{"0":[0,0],"1":[0,0]}}
,"/home/runner/work/ponomarenko-alex-otus/ponomarenko-alex-otus/react-2025-08/react-2025-08-hw11-les19-jest/src/features/services/AccountService/AccountService.ts": {"path":"/home/runner/work/ponomarenko-alex-otus/ponomarenko-alex-otus/react-2025-08/react-2025-08-hw11-les19-jest/src/features/services/AccountService/AccountService.ts","statementMap":{"0":{"start":{"line":8,"column":24},"end":{"line":8,"column":65}},"1":{"start":{"line":8,"column":75},"end":{"line":8,"column":111}},"2":{"start":{"line":10,"column":4},"end":{"line":18,"column":6}},"3":{"start":{"line":12,"column":12},"end":{"line":16,"column":84}},"4":{"start":{"line":17,"column":8},"end":{"line":17,"column":37}},"5":{"start":{"line":7,"column":0},"end":{"line":7,"column":13}}},"fnMap":{"0":{"name":"(anonymous_0)","decl":{"start":{"line":8,"column":4},"end":{"line":8,"column":24}},"loc":{"start":{"line":8,"column":111},"end":{"line":8,"column":115}}},"1":{"name":"(anonymous_1)","decl":{"start":{"line":10,"column":18},"end":{"line":10,"column":19}},"loc":{"start":{"line":10,"column":51},"end":{"line":18,"column":5}}}},"branchMap":{"0":{"loc":{"start":{"line":17,"column":15},"end":{"line":17,"column":36}},"type":"cond-expr","locations":[{"start":{"line":17,"column":27},"end":{"line":17,"column":32}},{"start":{"line":17,"column":35},"end":{"line":17,"column":36}}]}},"s":{"0":7,"1":7,"2":7,"3":7,"4":7,"5":1},"f":{"0":7,"1":7},"b":{"0":[6,1]}}
,"/home/runner/work/ponomarenko-alex-otus/ponomarenko-alex-otus/react-2025-08/react-2025-08-hw11-les19-jest/src/features/services/ProductDiscountService/ProductDiscountService.ts": {"path":"/home/runner/work/ponomarenko-alex-otus/ponomarenko-alex-otus/react-2025-08/react-2025-08-hw11-les19-jest/src/features/services/ProductDiscountService/ProductDiscountService.ts","statementMap":{"0":{"start":{"line":5,"column":4},"end":{"line":7,"column":6}},"1":{"start":{"line":6,"column":8},"end":{"line":6,"column":17}},"2":{"start":{"line":4,"column":0},"end":{"line":4,"column":13}}},"fnMap":{"0":{"name":"(anonymous_0)","decl":{"start":{"line":4,"column":0},"end":{"line":4,"column":13}},"loc":{"start":{"line":4,"column":0},"end":{"line":8,"column":1}}},"1":{"name":"(anonymous_1)","decl":{"start":{"line":5,"column":32},"end":{"line":5,"column":33}},"loc":{"start":{"line":5,"column":54},"end":{"line":7,"column":5}}}},"branchMap":{},"s":{"0":0,"1":0,"2":0},"f":{"0":0,"1":0},"b":{}}
,"/home/runner/work/ponomarenko-alex-otus/ponomarenko-alex-otus/react-2025-08/react-2025-08-hw11-les19-jest/src/features/services/UserDiscountService/UserDiscountService.ts": {"path":"/home/runner/work/ponomarenko-alex-otus/ponomarenko-alex-otus/react-2025-08/react-2025-08-hw11-les19-jest/src/features/services/UserDiscountService/UserDiscountService.ts","statementMap":{"0":{"start":{"line":4,"column":0},"end":{"line":4,"column":13}}},"fnMap":{},"branchMap":{},"s":{"0":0},"f":{},"b":{}}
,"/home/runner/work/ponomarenko-alex-otus/ponomarenko-alex-otus/react-2025-08/react-2025-08-hw11-les19-jest/src/shared/BtToBacket/BtToBacket.scss.d.ts": {"path":"/home/runner/work/ponomarenko-alex-otus/ponomarenko-alex-otus/react-2025-08/react-2025-08-hw11-les19-jest/src/shared/BtToBacket/BtToBacket.scss.d.ts","statementMap":{},"fnMap":{},"branchMap":{},"s":{},"f":{},"b":{}}
,"/home/runner/work/ponomarenko-alex-otus/ponomarenko-alex-otus/react-2025-08/react-2025-08-hw11-les19-jest/src/shared/BtToBacket/BtToBasket.tsx": {"path":"/home/runner/work/ponomarenko-alex-otus/ponomarenko-alex-otus/react-2025-08/react-2025-08-hw11-les19-jest/src/shared/BtToBacket/BtToBasket.tsx","statementMap":{"0":{"start":{"line":1,"column":0},"end":{"line":1,"column":68}},"1":{"start":{"line":2,"column":0},"end":{"line":2,"column":39}},"2":{"start":{"line":3,"column":0},"end":{"line":3,"column":68}},"3":{"start":{"line":4,"column":0},"end":{"line":4,"column":28}},"4":{"start":{"line":5,"column":0},"end":{"line":5,"column":44}},"5":{"start":{"line":10,"column":53},"end":{"line":35,"column":1}},"6":{"start":{"line":11,"column":22},"end":{"line":11,"column":46}},"7":{"start":{"line":12,"column":21},"end":{"line":16,"column":null}},"8":{"start":{"line":14,"column":12},"end":{"line":14,"column":81}},"9":{"start":{"line":18,"column":4},"end":{"line":34,"column":6}},"10":{"start":{"line":10,"column":13},"end":{"line":10,"column":53}},"11":{"start":{"line":36,"column":0},"end":{"line":36,"column":26}}},"fnMap":{"0":{"name":"(anonymous_7)","decl":{"start":{"line":10,"column":53},"end":{"line":10,"column":54}},"loc":{"start":{"line":10,"column":67},"end":{"line":35,"column":1}}},"1":{"name":"(anonymous_8)","decl":{"start":{"line":13,"column":8},"end":{"line":13,"column":9}},"loc":{"start":{"line":13,"column":49},"end":{"line":15,"column":9}}}},"branchMap":{"0":{"loc":{"start":{"line":25,"column":13},"end":{"line":25,"column":65}},"type":"binary-expr","locations":[{"start":{"line":25,"column":13},"end":{"line":25,"column":24}},{"start":{"line":25,"column":28},"end":{"line":25,"column":65}}]},"1":{"loc":{"start":{"line":26,"column":13},"end":{"line":31,"column":null}},"type":"binary-expr","locations":[{"start":{"line":26,"column":13},"end":{"line":26,"column":22}},{"start":{"line":27,"column":16},"end":{"line":30,"column":null}}]}},"s":{"0":0,"1":0,"2":0,"3":0,"4":0,"5":0,"6":0,"7":0,"8":0,"9":0,"10":0,"11":0},"f":{"0":0,"1":0},"b":{"0":[0,0],"1":[0,0]}}
,"/home/runner/work/ponomarenko-alex-otus/ponomarenko-alex-otus/react-2025-08/react-2025-08-hw11-les19-jest/src/shared/CartItem/CartItem.scss.d.ts": {"path":"/home/runner/work/ponomarenko-alex-otus/ponomarenko-alex-otus/react-2025-08/react-2025-08-hw11-les19-jest/src/shared/CartItem/CartItem.scss.d.ts","statementMap":{},"fnMap":{},"branchMap":{},"s":{},"f":{},"b":{}}
,"/home/runner/work/ponomarenko-alex-otus/ponomarenko-alex-otus/react-2025-08/react-2025-08-hw11-les19-jest/src/shared/CartItem/CartItem.tsx": {"path":"/home/runner/work/ponomarenko-alex-otus/ponomarenko-alex-otus/react-2025-08/react-2025-08-hw11-les19-jest/src/shared/CartItem/CartItem.tsx","statementMap":{"0":{"start":{"line":1,"column":0},"end":{"line":1,"column":42}},"1":{"start":{"line":2,"column":0},"end":{"line":2,"column":37}},"2":{"start":{"line":3,"column":0},"end":{"line":3,"column":58}},"3":{"start":{"line":4,"column":0},"end":{"line":4,"column":68}},"4":{"start":{"line":5,"column":0},"end":{"line":5,"column":28}},"5":{"start":{"line":6,"column":0},"end":{"line":6,"column":44}},"6":{"start":{"line":14,"column":49},"end":{"line":45,"column":1}},"7":{"start":{"line":15,"column":22},"end":{"line":15,"column":46}},"8":{"start":{"line":16,"column":4},"end":{"line":44,"column":6}},"9":{"start":{"line":14,"column":13},"end":{"line":14,"column":49}},"10":{"start":{"line":46,"column":0},"end":{"line":46,"column":24}}},"fnMap":{"0":{"name":"(anonymous_7)","decl":{"start":{"line":14,"column":49},"end":{"line":14,"column":50}},"loc":{"start":{"line":14,"column":83},"end":{"line":45,"column":1}}}},"branchMap":{"0":{"loc":{"start":{"line":23,"column":13},"end":{"line":26,"column":null}},"type":"binary-expr","locations":[{"start":{"line":23,"column":13},"end":{"line":23,"column":18}},{"start":{"line":24,"column":16},"end":{"line":25,"column":null}}]},"1":{"loc":{"start":{"line":28,"column":13},"end":{"line":28,"column":66}},"type":"binary-expr","locations":[{"start":{"line":28,"column":13},"end":{"line":28,"column":19}},{"start":{"line":28,"column":23},"end":{"line":28,"column":66}}]}},"s":{"0":0,"1":0,"2":0,"3":0,"4":0,"5":0,"6":0,"7":0,"8":0,"9":0,"10":0},"f":{"0":0},"b":{"0":[0,0],"1":[0,0]}}
,"/home/runner/work/ponomarenko-alex-otus/ponomarenko-alex-otus/react-2025-08/react-2025-08-hw11-les19-jest/src/shared/DetailedProductCard/DetailedProductCard.scss.d.ts": {"path":"/home/runner/work/ponomarenko-alex-otus/ponomarenko-alex-otus/react-2025-08/react-2025-08-hw11-les19-jest/src/shared/DetailedProductCard/DetailedProductCard.scss.d.ts","statementMap":{},"fnMap":{},"branchMap":{},"s":{},"f":{},"b":{}}
,"/home/runner/work/ponomarenko-alex-otus/ponomarenko-alex-otus/react-2025-08/react-2025-08-hw11-les19-jest/src/shared/DetailedProductCard/DetailedProductCard.tsx": {"path":"/home/runner/work/ponomarenko-alex-otus/ponomarenko-alex-otus/react-2025-08/react-2025-08-hw11-les19-jest/src/shared/DetailedProductCard/DetailedProductCard.tsx","statementMap":{"0":{"start":{"line":1,"column":0},"end":{"line":1,"column":42}},"1":{"start":{"line":2,"column":0},"end":{"line":2,"column":48}},"2":{"start":{"line":3,"column":0},"end":{"line":3,"column":58}},"3":{"start":{"line":4,"column":0},"end":{"line":4,"column":68}},"4":{"start":{"line":5,"column":0},"end":{"line":5,"column":28}},"5":{"start":{"line":6,"column":0},"end":{"line":6,"column":44}},"6":{"start":{"line":16,"column":71},"end":{"line":53,"column":1}},"7":{"start":{"line":24,"column":22},"end":{"line":24,"column":46}},"8":{"start":{"line":25,"column":4},"end":{"line":52,"column":6}},"9":{"start":{"line":16,"column":13},"end":{"line":16,"column":71}},"10":{"start":{"line":54,"column":0},"end":{"line":54,"column":35}}},"fnMap":{"0":{"name":"(anonymous_7)","decl":{"start":{"line":16,"column":71},"end":{"line":16,"column":72}},"loc":{"start":{"line":23,"column":5},"end":{"line":53,"column":1}}}},"branchMap":{"0":{"loc":{"start":{"line":39,"column":21},"end":{"line":39,"column":85}},"type":"binary-expr","locations":[{"start":{"line":39,"column":21},"end":{"line":39,"column":26}},{"start":{"line":39,"column":30},"end":{"line":39,"column":85}}]},"1":{"loc":{"start":{"line":40,"column":21},"end":{"line":40,"column":74}},"type":"binary-expr","locations":[{"start":{"line":40,"column":21},"end":{"line":40,"column":27}},{"start":{"line":40,"column":31},"end":{"line":40,"column":74}}]}},"s":{"0":0,"1":0,"2":0,"3":0,"4":0,"5":0,"6":0,"7":0,"8":0,"9":0,"10":0},"f":{"0":0},"b":{"0":[0,0],"1":[0,0]}}
,"/home/runner/work/ponomarenko-alex-otus/ponomarenko-alex-otus/react-2025-08/react-2025-08-hw11-les19-jest/src/shared/Header/Header.scss.d.ts": {"path":"/home/runner/work/ponomarenko-alex-otus/ponomarenko-alex-otus/react-2025-08/react-2025-08-hw11-les19-jest/src/shared/Header/Header.scss.d.ts","statementMap":{},"fnMap":{},"branchMap":{},"s":{},"f":{},"b":{}}
,"/home/runner/work/ponomarenko-alex-otus/ponomarenko-alex-otus/react-2025-08/react-2025-08-hw11-les19-jest/src/shared/Header/Header.tsx": {"path":"/home/runner/work/ponomarenko-alex-otus/ponomarenko-alex-otus/react-2025-08/react-2025-08-hw11-les19-jest/src/shared/Header/Header.tsx","statementMap":{"0":{"start":{"line":1,"column":0},"end":{"line":1,"column":42}},"1":{"start":{"line":2,"column":0},"end":{"line":2,"column":35}},"2":{"start":{"line":3,"column":0},"end":{"line":3,"column":40}},"3":{"start":{"line":4,"column":0},"end":{"line":4,"column":67}},"4":{"start":{"line":5,"column":0},"end":{"line":5,"column":28}},"5":{"start":{"line":6,"column":0},"end":{"line":6,"column":68}},"6":{"start":{"line":7,"column":0},"end":{"line":7,"column":44}},"7":{"start":{"line":8,"column":0},"end":{"line":8,"column":76}},"8":{"start":{"line":10,"column":32},"end":{"line":21,"column":1}},"9":{"start":{"line":11,"column":22},"end":{"line":11,"column":46}},"10":{"start":{"line":12,"column":4},"end":{"line":20,"column":6}},"11":{"start":{"line":10,"column":13},"end":{"line":10,"column":32}},"12":{"start":{"line":22,"column":0},"end":{"line":22,"column":22}}},"fnMap":{"0":{"name":"(anonymous_7)","decl":{"start":{"line":10,"column":32},"end":{"line":10,"column":35}},"loc":{"start":{"line":10,"column":37},"end":{"line":21,"column":1}}}},"branchMap":{},"s":{"0":0,"1":0,"2":0,"3":0,"4":0,"5":0,"6":0,"7":0,"8":0,"9":0,"10":0,"11":0,"12":0},"f":{"0":0},"b":{}}
,"/home/runner/work/ponomarenko-alex-otus/ponomarenko-alex-otus/react-2025-08/react-2025-08-hw11-les19-jest/src/shared/I18nContext/I18nContext.tsx": {"path":"/home/runner/work/ponomarenko-alex-otus/ponomarenko-alex-otus/react-2025-08/react-2025-08-hw11-les19-jest/src/shared/I18nContext/I18nContext.tsx","statementMap":{"0":{"start":{"line":3,"column":0},"end":{"line":3,"column":66}},"1":{"start":{"line":4,"column":0},"end":{"line":4,"column":70}},"2":{"start":{"line":7,"column":13},"end":{"line":11,"column":3}},"3":{"start":{"line":9,"column":23},"end":{"line":9,"column":27}},"4":{"start":{"line":18,"column":28},"end":{"line":25,"column":1}},"5":{"start":{"line":19,"column":36},"end":{"line":19,"column":67}},"6":{"start":{"line":21,"column":4},"end":{"line":24,"column":6}},"7":{"start":{"line":18,"column":13},"end":{"line":18,"column":28}}},"fnMap":{"0":{"name":"(anonymous_6)","decl":{"start":{"line":9,"column":17},"end":{"line":9,"column":20}},"loc":{"start":{"line":9,"column":23},"end":{"line":9,"column":27}}},"1":{"name":"(anonymous_7)","decl":{"start":{"line":18,"column":28},"end":{"line":18,"column":29}},"loc":{"start":{"line":18,"column":64},"end":{"line":25,"column":1}}}},"branchMap":{},"s":{"0":0,"1":0,"2":0,"3":0,"4":0,"5":0,"6":0,"7":0},"f":{"0":0,"1":0},"b":{}}
,"/home/runner/work/ponomarenko-alex-otus/ponomarenko-alex-otus/react-2025-08/react-2025-08-hw11-les19-jest/src/shared/LanguageSelector/LanguageSelector.scss.d.ts": {"path":"/home/runner/work/ponomarenko-alex-otus/ponomarenko-alex-otus/react-2025-08/react-2025-08-hw11-les19-jest/src/shared/LanguageSelector/LanguageSelector.scss.d.ts","statementMap":{},"fnMap":{},"branchMap":{},"s":{},"f":{},"b":{}}
,"/home/runner/work/ponomarenko-alex-otus/ponomarenko-alex-otus/react-2025-08/react-2025-08-hw11-les19-jest/src/shared/LanguageSelector/LanguageSelector.tsx": {"path":"/home/runner/work/ponomarenko-alex-otus/ponomarenko-alex-otus/react-2025-08/react-2025-08-hw11-les19-jest/src/shared/LanguageSelector/LanguageSelector.tsx","statementMap":{"0":{"start":{"line":1,"column":0},"end":{"line":1,"column":42}},"1":{"start":{"line":2,"column":0},"end":{"line":2,"column":45}},"2":{"start":{"line":3,"column":0},"end":{"line":3,"column":65}},"3":{"start":{"line":6,"column":42},"end":{"line":26,"column":1}},"4":{"start":{"line":7,"column":44},"end":{"line":7,"column":67}},"5":{"start":{"line":9,"column":29},"end":{"line":11,"column":5}},"6":{"start":{"line":10,"column":8},"end":{"line":10,"column":50}},"7":{"start":{"line":13,"column":25},"end":{"line":13,"column":56}},"8":{"start":{"line":15,"column":4},"end":{"line":25,"column":6}},"9":{"start":{"line":6,"column":13},"end":{"line":6,"column":42}},"10":{"start":{"line":27,"column":0},"end":{"line":27,"column":32}}},"fnMap":{"0":{"name":"(anonymous_7)","decl":{"start":{"line":6,"column":42},"end":{"line":6,"column":45}},"loc":{"start":{"line":6,"column":47},"end":{"line":26,"column":1}}},"1":{"name":"(anonymous_8)","decl":{"start":{"line":9,"column":29},"end":{"line":9,"column":30}},"loc":{"start":{"line":9,"column":75},"end":{"line":11,"column":5}}}},"branchMap":{},"s":{"0":0,"1":0,"2":0,"3":0,"4":0,"5":0,"6":0,"7":0,"8":0,"9":0,"10":0},"f":{"0":0,"1":0},"b":{}}
,"/home/runner/work/ponomarenko-alex-otus/ponomarenko-alex-otus/react-2025-08/react-2025-08-hw11-les19-jest/src/shared/Layout/Layout.scss.d.ts": {"path":"/home/runner/work/ponomarenko-alex-otus/ponomarenko-alex-otus/react-2025-08/react-2025-08-hw11-les19-jest/src/shared/Layout/Layout.scss.d.ts","statementMap":{},"fnMap":{},"branchMap":{},"s":{},"f":{},"b":{}}
,"/home/runner/work/ponomarenko-alex-otus/ponomarenko-alex-otus/react-2025-08/react-2025-08-hw11-les19-jest/src/shared/Layout/Layout.tsx": {"path":"/home/runner/work/ponomarenko-alex-otus/ponomarenko-alex-otus/react-2025-08/react-2025-08-hw11-les19-jest/src/shared/Layout/Layout.tsx","statementMap":{"0":{"start":{"line":1,"column":0},"end":{"line":1,"column":26}},"1":{"start":{"line":2,"column":0},"end":{"line":2,"column":35}},"2":{"start":{"line":3,"column":0},"end":{"line":3,"column":46}},"3":{"start":{"line":8,"column":45},"end":{"line":17,"column":1}},"4":{"start":{"line":9,"column":4},"end":{"line":16,"column":6}},"5":{"start":{"line":8,"column":13},"end":{"line":8,"column":45}},"6":{"start":{"line":18,"column":0},"end":{"line":18,"column":22}}},"fnMap":{"0":{"name":"(anonymous_1)","decl":{"start":{"line":8,"column":45},"end":{"line":8,"column":46}},"loc":{"start":{"line":8,"column":62},"end":{"line":17,"column":1}}}},"branchMap":{},"s":{"0":0,"1":0,"2":0,"3":0,"4":0,"5":0,"6":0},"f":{"0":0},"b":{}}
,"/home/runner/work/ponomarenko-alex-otus/ponomarenko-alex-otus/react-2025-08/react-2025-08-hw11-les19-jest/src/shared/Logo/Logo.scss.d.ts": {"path":"/home/runner/work/ponomarenko-alex-otus/ponomarenko-alex-otus/react-2025-08/react-2025-08-hw11-les19-jest/src/shared/Logo/Logo.scss.d.ts","statementMap":{},"fnMap":{},"branchMap":{},"s":{},"f":{},"b":{}}
,"/home/runner/work/ponomarenko-alex-otus/ponomarenko-alex-otus/react-2025-08/react-2025-08-hw11-les19-jest/src/shared/Logo/Logo.tsx": {"path":"/home/runner/work/ponomarenko-alex-otus/ponomarenko-alex-otus/react-2025-08/react-2025-08-hw11-les19-jest/src/shared/Logo/Logo.tsx","statementMap":{"0":{"start":{"line":1,"column":0},"end":{"line":1,"column":26}},"1":{"start":{"line":2,"column":0},"end":{"line":2,"column":33}},"2":{"start":{"line":4,"column":30},"end":{"line":6,"column":1}},"3":{"start":{"line":5,"column":4},"end":{"line":5,"column":47}},"4":{"start":{"line":4,"column":13},"end":{"line":4,"column":30}},"5":{"start":{"line":7,"column":0},"end":{"line":7,"column":20}}},"fnMap":{"0":{"name":"(anonymous_1)","decl":{"start":{"line":4,"column":30},"end":{"line":4,"column":33}},"loc":{"start":{"line":4,"column":35},"end":{"line":6,"column":1}}}},"branchMap":{},"s":{"0":0,"1":0,"2":0,"3":0,"4":0,"5":0},"f":{"0":0},"b":{}}
,"/home/runner/work/ponomarenko-alex-otus/ponomarenko-alex-otus/react-2025-08/react-2025-08-hw11-les19-jest/src/shared/Modal/Modal.scss.d.ts": {"path":"/home/runner/work/ponomarenko-alex-otus/ponomarenko-alex-otus/react-2025-08/react-2025-08-hw11-les19-jest/src/shared/Modal/Modal.scss.d.ts","statementMap":{},"fnMap":{},"branchMap":{},"s":{},"f":{},"b":{}}
,"/home/runner/work/ponomarenko-alex-otus/ponomarenko-alex-otus/react-2025-08/react-2025-08-hw11-les19-jest/src/shared/Modal/Modal.tsx": {"path":"/home/runner/work/ponomarenko-alex-otus/ponomarenko-alex-otus/react-2025-08/react-2025-08-hw11-les19-jest/src/shared/Modal/Modal.tsx","statementMap":{"0":{"start":{"line":1,"column":0},"end":{"line":1,"column":26}},"1":{"start":{"line":2,"column":0},"end":{"line":2,"column":34}},"2":{"start":{"line":3,"column":0},"end":{"line":3,"column":41}},"3":{"start":{"line":10,"column":43},"end":{"line":28,"column":1}},"4":{"start":{"line":12,"column":8},"end":{"line":23,"column":null}},"5":{"start":{"line":27,"column":4},"end":{"line":27,"column":73}},"6":{"start":{"line":10,"column":13},"end":{"line":10,"column":43}},"7":{"start":{"line":29,"column":0},"end":{"line":29,"column":21}}},"fnMap":{"0":{"name":"(anonymous_1)","decl":{"start":{"line":10,"column":43},"end":{"line":10,"column":44}},"loc":{"start":{"line":10,"column":89},"end":{"line":28,"column":1}}}},"branchMap":{"0":{"loc":{"start":{"line":27,"column":14},"end":{"line":27,"column":68}},"type":"binary-expr","locations":[{"start":{"line":27,"column":14},"end":{"line":27,"column":21}},{"start":{"line":27,"column":25},"end":{"line":27,"column":68}}]}},"s":{"0":0,"1":0,"2":0,"3":0,"4":0,"5":0,"6":0,"7":0},"f":{"0":0},"b":{"0":[0,0]}}
,"/home/runner/work/ponomarenko-alex-otus/ponomarenko-alex-otus/react-2025-08/react-2025-08-hw11-les19-jest/src/shared/ModalStarter/ModalStarter.tsx": {"path":"/home/runner/work/ponomarenko-alex-otus/ponomarenko-alex-otus/react-2025-08/react-2025-08-hw11-les19-jest/src/shared/ModalStarter/ModalStarter.tsx","statementMap":{"0":{"start":{"line":1,"column":0},"end":{"line":1,"column":26}},"1":{"start":{"line":2,"column":0},"end":{"line":2,"column":41}},"2":{"start":{"line":3,"column":0},"end":{"line":3,"column":43}},"3":{"start":{"line":5,"column":38},"end":{"line":32,"column":1}},"4":{"start":{"line":6,"column":28},"end":{"line":6,"column":54}},"5":{"start":{"line":7,"column":48},"end":{"line":7,"column":78}},"6":{"start":{"line":8,"column":25},"end":{"line":10,"column":5}},"7":{"start":{"line":9,"column":8},"end":{"line":9,"column":34}},"8":{"start":{"line":11,"column":31},"end":{"line":13,"column":5}},"9":{"start":{"line":12,"column":8},"end":{"line":12,"column":32}},"10":{"start":{"line":14,"column":31},"end":{"line":16,"column":5}},"11":{"start":{"line":15,"column":8},"end":{"line":15,"column":33}},"12":{"start":{"line":18,"column":4},"end":{"line":31,"column":6}},"13":{"start":{"line":5,"column":13},"end":{"line":5,"column":38}},"14":{"start":{"line":33,"column":0},"end":{"line":33,"column":28}}},"fnMap":{"0":{"name":"(anonymous_1)","decl":{"start":{"line":5,"column":38},"end":{"line":5,"column":41}},"loc":{"start":{"line":5,"column":43},"end":{"line":32,"column":1}}},"1":{"name":"(anonymous_2)","decl":{"start":{"line":8,"column":25},"end":{"line":8,"column":26}},"loc":{"start":{"line":8,"column":70},"end":{"line":10,"column":5}}},"2":{"name":"(anonymous_3)","decl":{"start":{"line":11,"column":31},"end":{"line":11,"column":34}},"loc":{"start":{"line":11,"column":36},"end":{"line":13,"column":5}}},"3":{"name":"(anonymous_4)","decl":{"start":{"line":14,"column":31},"end":{"line":14,"column":34}},"loc":{"start":{"line":14,"column":36},"end":{"line":16,"column":5}}}},"branchMap":{},"s":{"0":0,"1":0,"2":0,"3":0,"4":0,"5":0,"6":0,"7":0,"8":0,"9":0,"10":0,"11":0,"12":0,"13":0,"14":0},"f":{"0":0,"1":0,"2":0,"3":0},"b":{}}
,"/home/runner/work/ponomarenko-alex-otus/ponomarenko-alex-otus/react-2025-08/react-2025-08-hw11-les19-jest/src/shared/ProductCard/ProductCard.scss.d.ts": {"path":"/home/runner/work/ponomarenko-alex-otus/ponomarenko-alex-otus/react-2025-08/react-2025-08-hw11-les19-jest/src/shared/ProductCard/ProductCard.scss.d.ts","statementMap":{},"fnMap":{},"branchMap":{},"s":{},"f":{},"b":{}}
,"/home/runner/work/ponomarenko-alex-otus/ponomarenko-alex-otus/react-2025-08/react-2025-08-hw11-les19-jest/src/shared/ProductCard/ProductCard.tsx": {"path":"/home/runner/work/ponomarenko-alex-otus/ponomarenko-alex-otus/react-2025-08/react-2025-08-hw11-les19-jest/src/shared/ProductCard/ProductCard.tsx","statementMap":{"0":{"start":{"line":1,"column":0},"end":{"line":1,"column":42}},"1":{"start":{"line":2,"column":0},"end":{"line":2,"column":40}},"2":{"start":{"line":3,"column":0},"end":{"line":3,"column":58}},"3":{"start":{"line":4,"column":0},"end":{"line":4,"column":68}},"4":{"start":{"line":5,"column":0},"end":{"line":5,"column":28}},"5":{"start":{"line":6,"column":0},"end":{"line":6,"column":44}},"6":{"start":{"line":7,"column":0},"end":{"line":7,"column":41}},"7":{"start":{"line":17,"column":55},"end":{"line":51,"column":1}},"8":{"start":{"line":25,"column":22},"end":{"line":25,"column":46}},"9":{"start":{"line":26,"column":4},"end":{"line":50,"column":6}},"10":{"start":{"line":17,"column":13},"end":{"line":17,"column":55}},"11":{"start":{"line":52,"column":0},"end":{"line":52,"column":27}}},"fnMap":{"0":{"name":"(anonymous_7)","decl":{"start":{"line":17,"column":55},"end":{"line":17,"column":56}},"loc":{"start":{"line":24,"column":5},"end":{"line":51,"column":1}}}},"branchMap":{"0":{"loc":{"start":{"line":33,"column":13},"end":{"line":33,"column":77}},"type":"binary-expr","locations":[{"start":{"line":33,"column":13},"end":{"line":33,"column":18}},{"start":{"line":33,"column":22},"end":{"line":33,"column":77}}]},"1":{"loc":{"start":{"line":34,"column":13},"end":{"line":34,"column":66}},"type":"binary-expr","locations":[{"start":{"line":34,"column":13},"end":{"line":34,"column":19}},{"start":{"line":34,"column":23},"end":{"line":34,"column":66}}]},"2":{"loc":{"start":{"line":39,"column":21},"end":{"line":42,"column":null}},"type":"binary-expr","locations":[{"start":{"line":39,"column":21},"end":{"line":39,"column":40}},{"start":{"line":40,"column":24},"end":{"line":41,"column":null}}]},"3":{"loc":{"start":{"line":44,"column":21},"end":{"line":44,"column":56}},"type":"binary-expr","locations":[{"start":{"line":44,"column":21},"end":{"line":44,"column":41}},{"start":{"line":44,"column":45},"end":{"line":44,"column":56}}]}},"s":{"0":0,"1":0,"2":0,"3":0,"4":0,"5":0,"6":0,"7":0,"8":0,"9":0,"10":0,"11":0},"f":{"0":0},"b":{"0":[0,0],"1":[0,0],"2":[0,0],"3":[0,0]}}
,"/home/runner/work/ponomarenko-alex-otus/ponomarenko-alex-otus/react-2025-08/react-2025-08-hw11-les19-jest/src/shared/ProductDynamicList/ProductDynamicList.tsx": {"path":"/home/runner/work/ponomarenko-alex-otus/ponomarenko-alex-otus/react-2025-08/react-2025-08-hw11-les19-jest/src/shared/ProductDynamicList/ProductDynamicList.tsx","statementMap":{"0":{"start":{"line":1,"column":0},"end":{"line":1,"column":61}},"1":{"start":{"line":2,"column":0},"end":{"line":2,"column":47}},"2":{"start":{"line":3,"column":0},"end":{"line":3,"column":28}},"3":{"start":{"line":4,"column":0},"end":{"line":4,"column":73}},"4":{"start":{"line":10,"column":69},"end":{"line":58,"column":1}},"5":{"start":{"line":11,"column":20},"end":{"line":11,"column":44}},"6":{"start":{"line":12,"column":22},"end":{"line":12,"column":46}},"7":{"start":{"line":13,"column":54},"end":{"line":13,"column":69}},"8":{"start":{"line":14,"column":40},"end":{"line":14,"column":58}},"9":{"start":{"line":16,"column":21},"end":{"line":26,"column":35}},"10":{"start":{"line":17,"column":36},"end":{"line":23,"column":10}},"11":{"start":{"line":24,"column":8},"end":{"line":24,"column":51}},"12":{"start":{"line":25,"column":8},"end":{"line":25,"column":43}},"13":{"start":{"line":28,"column":31},"end":{"line":39,"column":null}},"14":{"start":{"line":30,"column":27},"end":{"line":30,"column":39}},"15":{"start":{"line":31,"column":32},"end":{"line":31,"column":36}},"16":{"start":{"line":32,"column":12},"end":{"line":37,"column":null}},"17":{"start":{"line":33,"column":16},"end":{"line":36,"column":null}},"18":{"start":{"line":34,"column":20},"end":{"line":34,"column":47}},"19":{"start":{"line":35,"column":20},"end":{"line":35,"column":74}},"20":{"start":{"line":35,"column":45},"end":{"line":35,"column":72}},"21":{"start":{"line":42,"column":4},"end":{"line":49,"column":21}},"22":{"start":{"line":43,"column":21},"end":{"line":43,"column":36}},"23":{"start":{"line":44,"column":8},"end":{"line":48,"column":null}},"24":{"start":{"line":45,"column":29},"end":{"line":45,"column":118}},"25":{"start":{"line":46,"column":12},"end":{"line":46,"column":48}},"26":{"start":{"line":47,"column":12},"end":{"line":47,"column":47}},"27":{"start":{"line":47,"column":25},"end":{"line":47,"column":46}},"28":{"start":{"line":50,"column":4},"end":{"line":57,"column":6}},"29":{"start":{"line":10,"column":13},"end":{"line":10,"column":69}}},"fnMap":{"0":{"name":"(anonymous_7)","decl":{"start":{"line":10,"column":69},"end":{"line":10,"column":70}},"loc":{"start":{"line":10,"column":86},"end":{"line":58,"column":1}}},"1":{"name":"(anonymous_8)","decl":{"start":{"line":16,"column":33},"end":{"line":16,"column":36}},"loc":{"start":{"line":16,"column":38},"end":{"line":26,"column":5}}},"2":{"name":"(anonymous_9)","decl":{"start":{"line":29,"column":8},"end":{"line":29,"column":9}},"loc":{"start":{"line":29,"column":51},"end":{"line":38,"column":9}}},"3":{"name":"(anonymous_10)","decl":{"start":{"line":35,"column":39},"end":{"line":35,"column":42}},"loc":{"start":{"line":35,"column":45},"end":{"line":35,"column":72}}},"4":{"name":"(anonymous_11)","decl":{"start":{"line":42,"column":20},"end":{"line":42,"column":23}},"loc":{"start":{"line":42,"column":25},"end":{"line":49,"column":5}}},"5":{"name":"(anonymous_12)","decl":{"start":{"line":47,"column":19},"end":{"line":47,"column":22}},"loc":{"start":{"line":47,"column":25},"end":{"line":47,"column":46}}}},"branchMap":{"0":{"loc":{"start":{"line":32,"column":12},"end":{"line":37,"column":null}},"type":"if","locations":[{"start":{"line":32,"column":12},"end":{"line":37,"column":null}}]},"1":{"loc":{"start":{"line":32,"column":16},"end":{"line":32,"column":52}},"type":"binary-expr","locations":[{"start":{"line":32,"column":16},"end":{"line":32,"column":37}},{"start":{"line":32,"column":41},"end":{"line":32,"column":52}}]},"2":{"loc":{"start":{"line":33,"column":16},"end":{"line":36,"column":null}},"type":"if","locations":[{"start":{"line":33,"column":16},"end":{"line":36,"column":null}}]},"3":{"loc":{"start":{"line":44,"column":8},"end":{"line":48,"column":null}},"type":"if","locations":[{"start":{"line":44,"column":8},"end":{"line":48,"column":null}}]}},"s":{"0":0,"1":0,"2":0,"3":0,"4":0,"5":0,"6":0,"7":0,"8":0,"9":0,"10":0,"11":0,"12":0,"13":0,"14":0,"15":0,"16":0,"17":0,"18":0,"19":0,"20":0,"21":0,"22":0,"23":0,"24":0,"25":0,"26":0,"27":0,"28":0,"29":0},"f":{"0":0,"1":0,"2":0,"3":0,"4":0,"5":0},"b":{"0":[0],"1":[0,0],"2":[0],"3":[0]}}
,"/home/runner/work/ponomarenko-alex-otus/ponomarenko-alex-otus/react-2025-08/react-2025-08-hw11-les19-jest/src/shared/ProductList/ProductList.tsx": {"path":"/home/runner/work/ponomarenko-alex-otus/ponomarenko-alex-otus/react-2025-08/react-2025-08-hw11-les19-jest/src/shared/ProductList/ProductList.tsx","statementMap":{"0":{"start":{"line":1,"column":0},"end":{"line":1,"column":39}},"1":{"start":{"line":2,"column":0},"end":{"line":2,"column":40}},"2":{"start":{"line":3,"column":0},"end":{"line":3,"column":28}},"3":{"start":{"line":5,"column":0},"end":{"line":5,"column":61}},"4":{"start":{"line":10,"column":55},"end":{"line":28,"column":1}},"5":{"start":{"line":11,"column":29},"end":{"line":11,"column":112}},"6":{"start":{"line":11,"column":43},"end":{"line":11,"column":99}},"7":{"start":{"line":11,"column":81},"end":{"line":11,"column":98}},"8":{"start":{"line":12,"column":4},"end":{"line":27,"column":6}},"9":{"start":{"line":15,"column":16},"end":{"line":24,"column":18}},"10":{"start":{"line":10,"column":13},"end":{"line":10,"column":55}},"11":{"start":{"line":29,"column":0},"end":{"line":29,"column":27}},"12":{"start":{"line":31,"column":13},"end":{"line":31,"column":59}}},"fnMap":{"0":{"name":"(anonymous_7)","decl":{"start":{"line":10,"column":55},"end":{"line":10,"column":56}},"loc":{"start":{"line":10,"column":72},"end":{"line":28,"column":1}}},"1":{"name":"(anonymous_8)","decl":{"start":{"line":11,"column":37},"end":{"line":11,"column":40}},"loc":{"start":{"line":11,"column":43},"end":{"line":11,"column":99}}},"2":{"name":"(anonymous_9)","decl":{"start":{"line":11,"column":59},"end":{"line":11,"column":60}},"loc":{"start":{"line":11,"column":81},"end":{"line":11,"column":98}}},"3":{"name":"(anonymous_10)","decl":{"start":{"line":14,"column":34},"end":{"line":14,"column":35}},"loc":{"start":{"line":14,"column":55},"end":{"line":25,"column":13}}}},"branchMap":{},"s":{"0":0,"1":0,"2":0,"3":0,"4":0,"5":0,"6":0,"7":0,"8":0,"9":0,"10":0,"11":0,"12":0},"f":{"0":0,"1":0,"2":0,"3":0},"b":{}}
,"/home/runner/work/ponomarenko-alex-otus/ponomarenko-alex-otus/react-2025-08/react-2025-08-hw11-les19-jest/src/shared/ThemeContext/ThemeContext.tsx": {"path":"/home/runner/work/ponomarenko-alex-otus/ponomarenko-alex-otus/react-2025-08/react-2025-08-hw11-les19-jest/src/shared/ThemeContext/ThemeContext.tsx","statementMap":{"0":{"start":{"line":1,"column":0},"end":{"line":1,"column":59}},"1":{"start":{"line":2,"column":0},"end":{"line":2,"column":44}},"2":{"start":{"line":4,"column":13},"end":{"line":7,"column":48}},"3":{"start":{"line":7,"column":40},"end":{"line":7,"column":44}},"4":{"start":{"line":9,"column":67},"end":{"line":17,"column":1}},"5":{"start":{"line":10,"column":30},"end":{"line":10,"column":58}},"6":{"start":{"line":12,"column":19},"end":{"line":15,"column":6}},"7":{"start":{"line":16,"column":4},"end":{"line":16,"column":84}},"8":{"start":{"line":9,"column":13},"end":{"line":9,"column":67}}},"fnMap":{"0":{"name":"(anonymous_6)","decl":{"start":{"line":7,"column":34},"end":{"line":7,"column":37}},"loc":{"start":{"line":7,"column":40},"end":{"line":7,"column":44}}},"1":{"name":"(anonymous_7)","decl":{"start":{"line":9,"column":67},"end":{"line":9,"column":68}},"loc":{"start":{"line":9,"column":84},"end":{"line":17,"column":1}}}},"branchMap":{},"s":{"0":0,"1":0,"2":0,"3":0,"4":0,"5":0,"6":0,"7":0,"8":0},"f":{"0":0,"1":0},"b":{}}
,"/home/runner/work/ponomarenko-alex-otus/ponomarenko-alex-otus/react-2025-08/react-2025-08-hw11-les19-jest/src/shared/ThemeSelector/ThemeSelector.scss.d.ts": {"path":"/home/runner/work/ponomarenko-alex-otus/ponomarenko-alex-otus/react-2025-08/react-2025-08-hw11-les19-jest/src/shared/ThemeSelector/ThemeSelector.scss.d.ts","statementMap":{},"fnMap":{},"branchMap":{},"s":{},"f":{},"b":{}}
,"/home/runner/work/ponomarenko-alex-otus/ponomarenko-alex-otus/react-2025-08/react-2025-08-hw11-les19-jest/src/shared/ThemeSelector/ThemeSelector.tsx": {"path":"/home/runner/work/ponomarenko-alex-otus/ponomarenko-alex-otus/react-2025-08/react-2025-08-hw11-les19-jest/src/shared/ThemeSelector/ThemeSelector.tsx","statementMap":{"0":{"start":{"line":1,"column":0},"end":{"line":1,"column":42}},"1":{"start":{"line":2,"column":0},"end":{"line":2,"column":42}},"2":{"start":{"line":3,"column":0},"end":{"line":3,"column":44}},"3":{"start":{"line":4,"column":0},"end":{"line":4,"column":68}},"4":{"start":{"line":5,"column":0},"end":{"line":5,"column":65}},"5":{"start":{"line":7,"column":39},"end":{"line":27,"column":1}},"6":{"start":{"line":8,"column":32},"end":{"line":8,"column":56}},"7":{"start":{"line":9,"column":26},"end":{"line":11,"column":5}},"8":{"start":{"line":10,"column":8},"end":{"line":10,"column":35}},"9":{"start":{"line":13,"column":31},"end":{"line":13,"column":54}},"10":{"start":{"line":14,"column":25},"end":{"line":14,"column":53}},"11":{"start":{"line":16,"column":4},"end":{"line":26,"column":6}},"12":{"start":{"line":7,"column":13},"end":{"line":7,"column":39}},"13":{"start":{"line":28,"column":0},"end":{"line":28,"column":29}}},"fnMap":{"0":{"name":"(anonymous_7)","decl":{"start":{"line":7,"column":39},"end":{"line":7,"column":42}},"loc":{"start":{"line":7,"column":44},"end":{"line":27,"column":1}}},"1":{"name":"(anonymous_8)","decl":{"start":{"line":9,"column":26},"end":{"line":9,"column":27}},"loc":{"start":{"line":9,"column":72},"end":{"line":11,"column":5}}}},"branchMap":{},"s":{"0":0,"1":0,"2":0,"3":0,"4":0,"5":0,"6":0,"7":0,"8":0,"9":0,"10":0,"11":0,"12":0,"13":0},"f":{"0":0,"1":0},"b":{}}
,"/home/runner/work/ponomarenko-alex-otus/ponomarenko-alex-otus/react-2025-08/react-2025-08-hw11-les19-jest/src/shared/Tip/Tip.scss.d.ts": {"path":"/home/runner/work/ponomarenko-alex-otus/ponomarenko-alex-otus/react-2025-08/react-2025-08-hw11-les19-jest/src/shared/Tip/Tip.scss.d.ts","statementMap":{},"fnMap":{},"branchMap":{},"s":{},"f":{},"b":{}}
,"/home/runner/work/ponomarenko-alex-otus/ponomarenko-alex-otus/react-2025-08/react-2025-08-hw11-les19-jest/src/shared/Tip/Tip.tsx": {"path":"/home/runner/work/ponomarenko-alex-otus/ponomarenko-alex-otus/react-2025-08/react-2025-08-hw11-les19-jest/src/shared/Tip/Tip.tsx","statementMap":{"0":{"start":{"line":1,"column":0},"end":{"line":1,"column":92}},"1":{"start":{"line":2,"column":0},"end":{"line":2,"column":22}},"2":{"start":{"line":3,"column":0},"end":{"line":3,"column":27}},"3":{"start":{"line":4,"column":0},"end":{"line":4,"column":41}},"4":{"start":{"line":13,"column":0},"end":{"line":13,"column":null}},"5":{"start":{"line":14,"column":4},"end":{"line":14,"column":null}},"6":{"start":{"line":15,"column":4},"end":{"line":15,"column":null}},"7":{"start":{"line":16,"column":4},"end":{"line":16,"column":null}},"8":{"start":{"line":17,"column":4},"end":{"line":17,"column":null}},"9":{"start":{"line":43,"column":16},"end":{"line":63,"column":1}},"10":{"start":{"line":44,"column":17},"end":{"line":44,"column":28}},"11":{"start":{"line":45,"column":4},"end":{"line":62,"column":null}},"12":{"start":{"line":47,"column":12},"end":{"line":47,"column":61}},"13":{"start":{"line":50,"column":12},"end":{"line":50,"column":61}},"14":{"start":{"line":53,"column":12},"end":{"line":53,"column":60}},"15":{"start":{"line":56,"column":12},"end":{"line":56,"column":62}},"16":{"start":{"line":59,"column":37},"end":{"line":59,"column":41}},"17":{"start":{"line":60,"column":12},"end":{"line":60,"column":58}},"18":{"start":{"line":70,"column":0},"end":{"line":70,"column":null}},"19":{"start":{"line":71,"column":4},"end":{"line":71,"column":null}},"20":{"start":{"line":72,"column":4},"end":{"line":72,"column":null}},"21":{"start":{"line":75,"column":33},"end":{"line":164,"column":1}},"22":{"start":{"line":76,"column":30},"end":{"line":76,"column":83}},"23":{"start":{"line":77,"column":36},"end":{"line":77,"column":78}},"24":{"start":{"line":78,"column":30},"end":{"line":78,"column":62}},"25":{"start":{"line":79,"column":16},"end":{"line":79,"column":44}},"26":{"start":{"line":80,"column":19},"end":{"line":80,"column":47}},"27":{"start":{"line":82,"column":18},"end":{"line":82,"column":47}},"28":{"start":{"line":83,"column":41},"end":{"line":83,"column":52}},"29":{"start":{"line":85,"column":24},"end":{"line":85,"column":73}},"30":{"start":{"line":87,"column":21},"end":{"line":87,"column":45}},"31":{"start":{"line":88,"column":25},"end":{"line":102,"column":5}},"32":{"start":{"line":89,"column":8},"end":{"line":91,"column":null}},"33":{"start":{"line":90,"column":12},"end":{"line":90,"column":43}},"34":{"start":{"line":92,"column":8},"end":{"line":92,"column":42}},"35":{"start":{"line":93,"column":8},"end":{"line":93,"column":84}},"36":{"start":{"line":93,"column":44},"end":{"line":93,"column":79}},"37":{"start":{"line":95,"column":21},"end":{"line":95,"column":60}},"38":{"start":{"line":96,"column":30},"end":{"line":96,"column":63}},"39":{"start":{"line":98,"column":8},"end":{"line":101,"column":11}},"40":{"start":{"line":104,"column":25},"end":{"line":112,"column":5}},"41":{"start":{"line":105,"column":8},"end":{"line":107,"column":null}},"42":{"start":{"line":106,"column":12},"end":{"line":106,"column":43}},"43":{"start":{"line":108,"column":8},"end":{"line":111,"column":17}},"44":{"start":{"line":109,"column":12},"end":{"line":109,"column":50}},"45":{"start":{"line":110,"column":12},"end":{"line":110,"column":69}},"46":{"start":{"line":110,"column":29},"end":{"line":110,"column":64}},"47":{"start":{"line":114,"column":4},"end":{"line":121,"column":11}},"48":{"start":{"line":115,"column":8},"end":{"line":120,"column":10}},"49":{"start":{"line":116,"column":12},"end":{"line":119,"column":null}},"50":{"start":{"line":117,"column":16},"end":{"line":117,"column":47}},"51":{"start":{"line":118,"column":16},"end":{"line":118,"column":40}},"52":{"start":{"line":123,"column":19},"end":{"line":126,"column":null}},"53":{"start":{"line":129,"column":4},"end":{"line":140,"column":74}},"54":{"start":{"line":130,"column":8},"end":{"line":139,"column":null}},"55":{"start":{"line":131,"column":25},"end":{"line":131,"column":60}},"56":{"start":{"line":132,"column":31},"end":{"line":132,"column":69}},"57":{"start":{"line":133,"column":12},"end":{"line":138,"column":null}},"58":{"start":{"line":134,"column":16},"end":{"line":134,"column":42}},"59":{"start":{"line":135,"column":16},"end":{"line":135,"column":79}},"60":{"start":{"line":135,"column":35},"end":{"line":135,"column":77}},"61":{"start":{"line":137,"column":16},"end":{"line":137,"column":39}},"62":{"start":{"line":142,"column":4},"end":{"line":144,"column":22}},"63":{"start":{"line":143,"column":8},"end":{"line":143,"column":49}},"64":{"start":{"line":143,"column":26},"end":{"line":143,"column":49}},"65":{"start":{"line":146,"column":4},"end":{"line":163,"column":6}},"66":{"start":{"line":153,"column":44},"end":{"line":153,"column":74}},"67":{"start":{"line":75,"column":13},"end":{"line":75,"column":33}}},"fnMap":{"0":{"name":"(anonymous_7)","decl":{"start":{"line":13,"column":0},"end":{"line":13,"column":12}},"loc":{"start":{"line":13,"column":19},"end":{"line":18,"column":1}}},"1":{"name":"(anonymous_8)","decl":{"start":{"line":43,"column":16},"end":{"line":43,"column":17}},"loc":{"start":{"line":43,"column":55},"end":{"line":63,"column":1}}},"2":{"name":"(anonymous_9)","decl":{"start":{"line":70,"column":0},"end":{"line":70,"column":12}},"loc":{"start":{"line":70,"column":20},"end":{"line":73,"column":1}}},"3":{"name":"(anonymous_10)","decl":{"start":{"line":75,"column":33},"end":{"line":75,"column":34}},"loc":{"start":{"line":75,"column":96},"end":{"line":164,"column":1}}},"4":{"name":"(anonymous_11)","decl":{"start":{"line":88,"column":25},"end":{"line":88,"column":28}},"loc":{"start":{"line":88,"column":30},"end":{"line":102,"column":5}}},"5":{"name":"(anonymous_12)","decl":{"start":{"line":93,"column":38},"end":{"line":93,"column":41}},"loc":{"start":{"line":93,"column":44},"end":{"line":93,"column":79}}},"6":{"name":"(anonymous_13)","decl":{"start":{"line":104,"column":25},"end":{"line":104,"column":28}},"loc":{"start":{"line":104,"column":30},"end":{"line":112,"column":5}}},"7":{"name":"(anonymous_14)","decl":{"start":{"line":108,"column":38},"end":{"line":108,"column":41}},"loc":{"start":{"line":108,"column":43},"end":{"line":111,"column":9}}},"8":{"name":"(anonymous_15)","decl":{"start":{"line":110,"column":23},"end":{"line":110,"column":26}},"loc":{"start":{"line":110,"column":29},"end":{"line":110,"column":64}}},"9":{"name":"(anonymous_16)","decl":{"start":{"line":114,"column":14},"end":{"line":114,"column":17}},"loc":{"start":{"line":114,"column":19},"end":{"line":121,"column":5}}},"10":{"name":"(anonymous_17)","decl":{"start":{"line":115,"column":15},"end":{"line":115,"column":18}},"loc":{"start":{"line":115,"column":20},"end":{"line":120,"column":9}}},"11":{"name":"(anonymous_18)","decl":{"start":{"line":129,"column":20},"end":{"line":129,"column":23}},"loc":{"start":{"line":129,"column":25},"end":{"line":140,"column":5}}},"12":{"name":"(anonymous_19)","decl":{"start":{"line":135,"column":28},"end":{"line":135,"column":29}},"loc":{"start":{"line":135,"column":35},"end":{"line":135,"column":77}}},"13":{"name":"(anonymous_20)","decl":{"start":{"line":142,"column":14},"end":{"line":142,"column":17}},"loc":{"start":{"line":142,"column":19},"end":{"line":144,"column":5}}},"14":{"name":"(anonymous_21)","decl":{"start":{"line":153,"column":38},"end":{"line":153,"column":41}},"loc":{"start":{"line":153,"column":44},"end":{"line":153,"column":74}}}},"branchMap":{"0":{"loc":{"start":{"line":13,"column":12},"end":{"line":13,"column":null}},"type":"binary-expr","locations":[{"start":{"line":13,"column":12},"end":{"line":13,"column":19}},{"start":{"line":13,"column":19},"end":{"line":13,"column":null}}]},"1":{"loc":{"start":{"line":45,"column":4},"end":{"line":62,"column":null}},"type":"switch","locations":[{"start":{"line":46,"column":8},"end":{"line":47,"column":61}},{"start":{"line":49,"column":8},"end":{"line":50,"column":61}},{"start":{"line":52,"column":8},"end":{"line":53,"column":60}},{"start":{"line":55,"column":8},"end":{"line":56,"column":62}},{"start":{"line":58,"column":8},"end":{"line":61,"column":null}}]},"2":{"loc":{"start":{"line":70,"column":12},"end":{"line":70,"column":null}},"type":"binary-expr","locations":[{"start":{"line":70,"column":12},"end":{"line":70,"column":20}},{"start":{"line":70,"column":20},"end":{"line":70,"column":null}}]},"3":{"loc":{"start":{"line":75,"column":64},"end":{"line":75,"column":90}},"type":"default-arg","locations":[{"start":{"line":75,"column":76},"end":{"line":75,"column":90}}]},"4":{"loc":{"start":{"line":75,"column":76},"end":{"line":75,"column":90}},"type":"cond-expr","locations":[{"start":{"line":75,"column":84},"end":{"line":75,"column":86}},{"start":{"line":75,"column":76},"end":{"line":75,"column":90}}]},"5":{"loc":{"start":{"line":75,"column":76},"end":{"line":75,"column":86}},"type":"binary-expr","locations":[{"start":{"line":75,"column":76},"end":{"line":75,"column":86}},{"start":{"line":75,"column":76},"end":{"line":75,"column":86}}]},"6":{"loc":{"start":{"line":89,"column":8},"end":{"line":91,"column":null}},"type":"if","locations":[{"start":{"line":89,"column":8},"end":{"line":91,"column":null}}]},"7":{"loc":{"start":{"line":95,"column":21},"end":{"line":95,"column":60}},"type":"cond-expr","locations":[{"start":{"line":95,"column":35},"end":{"line":95,"column":37}},{"start":{"line":95,"column":35},"end":{"line":95,"column":60}}]},"8":{"loc":{"start":{"line":95,"column":21},"end":{"line":95,"column":37}},"type":"binary-expr","locations":[{"start":{"line":95,"column":21},"end":{"line":95,"column":37}},{"start":{"line":95,"column":35},"end":{"line":95,"column":37}}]},"9":{"loc":{"start":{"line":105,"column":8},"end":{"line":107,"column":null}},"type":"if","locations":[{"start":{"line":105,"column":8},"end":{"line":107,"column":null}}]},"10":{"loc":{"start":{"line":116,"column":12},"end":{"line":119,"column":null}},"type":"if","locations":[{"start":{"line":116,"column":12},"end":{"line":119,"column":null}}]},"11":{"loc":{"start":{"line":130,"column":8},"end":{"line":139,"column":null}},"type":"if","locations":[{"start":{"line":130,"column":8},"end":{"line":139,"column":null}}]},"12":{"loc":{"start":{"line":130,"column":12},"end":{"line":130,"column":38}},"type":"binary-expr","locations":[{"start":{"line":130,"column":12},"end":{"line":130,"column":23}},{"start":{"line":130,"column":27},"end":{"line":130,"column":38}}]},"13":{"loc":{"start":{"line":133,"column":12},"end":{"line":138,"column":null}},"type":"if","locations":[{"start":{"line":133,"column":12},"end":{"line":138,"column":null}},{"start":{"line":136,"column":19},"end":{"line":138,"column":null}}]},"14":{"loc":{"start":{"line":143,"column":8},"end":{"line":143,"column":49}},"type":"if","locations":[{"start":{"line":143,"column":8},"end":{"line":143,"column":49}}]},"15":{"loc":{"start":{"line":148,"column":13},"end":{"line":159,"column":null}},"type":"binary-expr","locations":[{"start":{"line":148,"column":13},"end":{"line":148,"column":24}},{"start":{"line":149,"column":16},"end":{"line":159,"column":null}}]},"16":{"loc":{"start":{"line":155,"column":56},"end":{"line":155,"column":82}},"type":"binary-expr","locations":[{"start":{"line":155,"column":56},"end":{"line":155,"column":69}},{"start":{"line":155,"column":73},"end":{"line":155,"column":82}}]}},"s":{"0":0,"1":0,"2":0,"3":0,"4":0,"5":0,"6":0,"7":0,"8":0,"9":0,"10":0,"11":0,"12":0,"13":0,"14":0,"15":0,"16":0,"17":0,"18":0,"19":0,"20":0,"21":0,"22":0,"23":0,"24":0,"25":0,"26":0,"27":0,"28":0,"29":0,"30":0,"31":0,"32":0,"33":0,"34":0,"35":0,"36":0,"37":0,"38":0,"39":0,"40":0,"41":0,"42":0,"43":0,"44":0,"45":0,"46":0,"47":0,"48":0,"49":0,"50":0,"51":0,"52":0,"53":0,"54":0,"55":0,"56":0,"57":0,"58":0,"59":0,"60":0,"61":0,"62":0,"63":0,"64":0,"65":0,"66":0,"67":0},"f":{"0":0,"1":0,"2":0,"3":0,"4":0,"5":0,"6":0,"7":0,"8":0,"9":0,"10":0,"11":0,"12":0,"13":0,"14":0},"b":{"0":[0,0],"1":[0,0,0,0,0],"2":[0,0],"3":[0],"4":[0,0],"5":[0,0],"6":[0],"7":[0,0],"8":[0,0],"9":[0],"10":[0],"11":[0],"12":[0,0],"13":[0,0],"14":[0],"15":[0,0],"16":[0,0]}}
,"/home/runner/work/ponomarenko-alex-otus/ponomarenko-alex-otus/react-2025-08/react-2025-08-hw11-les19-jest/src/testFramework/castPartialTo.ts": {"path":"/home/runner/work/ponomarenko-alex-otus/ponomarenko-alex-otus/react-2025-08/react-2025-08-hw11-les19-jest/src/testFramework/castPartialTo.ts","statementMap":{"0":{"start":{"line":11,"column":4},"end":{"line":11,"column":33}},"1":{"start":{"line":10,"column":0},"end":{"line":10,"column":16}}},"fnMap":{"0":{"name":"castPartialTo","decl":{"start":{"line":10,"column":16},"end":{"line":10,"column":29}},"loc":{"start":{"line":10,"column":54},"end":{"line":12,"column":1}}}},"branchMap":{},"s":{"0":7,"1":1},"f":{"0":7},"b":{}}
}
